#
# A fatal error has been detected by the Java Runtime Environment:
#
#  SIGSEGV (0xb) at pc=0x00007f619354265a, pid=7512, tid=140058466420480
#
# JRE version: 7.0_15-b20
# Java VM: OpenJDK 64-Bit Server VM (23.7-b01 mixed mode linux-amd64 compressed oops)
# Problematic frame:
# C  [libjava_vrpn.so+0x3165a]  Java_vrpn_ButtonRemote_shutdownButton+0x3a
#
# Failed to write core dump. Core dumps have been disabled. To enable core dumping, try "ulimit -c unlimited" before starting Java again
#
# If you would like to submit a bug report, please include
# instructions on how to reproduce the bug and visit:
#   https://bugs.launchpad.net/ubuntu/+source/openjdk-7/
# The crash happened outside the Java Virtual Machine in native code.
# See problematic frame for where to report the bug.
#

---------------  T H R E A D  ---------------

Current thread (0x00007f61e0009000):  JavaThread "main" [_thread_in_native, id=7515, stack(0x00007f61e7138000,0x00007f61e7239000)]

siginfo:si_signo=SIGSEGV: si_errno=0, si_code=1 (SEGV_MAPERR), si_addr=0xffffffffffffffff

Registers:
RAX=0xffffffffffffffff, RBX=0x00007f61e00091d8, RCX=0x0000000000000011, RDX=0x0000000000000042
RSP=0x00007f61e7237700, RBP=0xffffffffffffffff, RSI=0x00007f61e7237798, RDI=0x00007f61e00091d8
R8 =0x00007f61dcdfc400, R9 =0x00000000f1b1de18, R10=0x0000000000000008, R11=0x00007f61e63ddd94
R12=0x00007f61e7237798, R13=0x00007f61937961e0, R14=0x00007f61e7237798, R15=0x00007f61e0009000
RIP=0x00007f619354265a, EFLAGS=0x0000000000010286, CSGSFS=0x0000000000000033, ERR=0x0000000000000005
  TRAPNO=0x000000000000000e

Top of Stack: (sp=0x00007f61e7237700)
0x00007f61e7237700:   00007f61e7237730 00000000ca3f00c8
0x00007f61e7237710:   00007f61e7237778 0000000000000000
0x00007f61e7237720:   00000000ca3f00c8 00007f61dce08f90
0x00007f61e7237730:   0000000000000004 00007f61e7237738
0x00007f61e7237740:   0000000000000000 00007f61e7237798
0x00007f61e7237750:   00000000ca9f5178 0000000000000000
0x00007f61e7237760:   00000000ca3f00c8 0000000000000000
0x00007f61e7237770:   00007f61e7237798 00007f61e72377f0
0x00007f61e7237780:   00007f61dcdfd158 0000000000000000
0x00007f61e7237790:   00007f61dce05dd8 00000000f1b1de18
0x00007f61e72377a0:   0000000000000001 00000000f1abede0
0x00007f61e72377b0:   00007f61e72377a0 00000000ca3efcce
0x00007f61e72377c0:   00007f61e7237808 00000000ca9f5178
0x00007f61e72377d0:   0000000000000000 00000000ca3efcf8
0x00007f61e72377e0:   00007f61e7237798 00007f61e7237808
0x00007f61e72377f0:   00007f61e7237850 00007f61dcdfd158
0x00007f61e7237800:   00000000f1abede0 00000000f1b1de18
0x00007f61e7237810:   00007f61e7237810 00000000ca3f6dde
0x00007f61e7237820:   00007f61e7237868 00000000ca9f4a78
0x00007f61e7237830:   0000000000000000 00000000ca3f6e00
0x00007f61e7237840:   00007f61e7237808 00007f61e7237868
0x00007f61e7237850:   00007f61e72378b0 00007f61dcdfd158
0x00007f61e7237860:   0000000000000000 00000000f1b1de18
0x00007f61e7237870:   00007f61e7237870 00000000ca3f7059
0x00007f61e7237880:   00007f61e72378c0 00000000ca9f4a78
0x00007f61e7237890:   0000000000000000 00000000ca3f7078
0x00007f61e72378a0:   00007f61e7237868 00007f61e72378c0
0x00007f61e72378b0:   00007f61e7237908 00007f61dcdfd158
0x00007f61e72378c0:   00000000f1b1de18 00007f61e72378c8
0x00007f61e72378d0:   00000000ca0ad939 00007f61e7237918
0x00007f61e72378e0:   00000000ca1404c8 0000000000000000
0x00007f61e72378f0:   00000000ca0ad988 00007f61e72378c0 

Instructions: (pc=0x00007f619354265a)
0x00007f619354263a:   28 4c 8b 2d c6 26 25 00 48 8b 07 49 89 f4 49 8b
0x00007f619354264a:   55 00 ff 90 28 03 00 00 48 85 c0 48 89 c5 74 2f
0x00007f619354265a:   48 8b 00 48 8b 15 9c 23 25 00 4c 89 e6 48 89 ef
0x00007f619354266a:   ff 50 70 48 8b 45 00 48 89 ef ff 50 18 48 89 c7 

Register to memory mapping:

RAX=0xffffffffffffffff is an unknown value
RBX=0x00007f61e00091d8 is an unknown value
RCX=0x0000000000000011 is an unknown value
RDX=0x0000000000000042 is an unknown value
RSP=0x00007f61e7237700 is pointing into the stack for thread: 0x00007f61e0009000
RBP=0xffffffffffffffff is an unknown value
RSI=0x00007f61e7237798 is pointing into the stack for thread: 0x00007f61e0009000
RDI=0x00007f61e00091d8 is an unknown value
R8 =0x00007f61dcdfc400 is an unknown value
R9 =0x00000000f1b1de18 is an oop
vrpn.ButtonRemote 
 - klass: 'vrpn/ButtonRemote'
R10=0x0000000000000008 is an unknown value
R11=0x00007f61e63ddd94: <offset 0xcacd94> in /usr/lib/jvm/java-7-openjdk-amd64/jre/lib/amd64/server/libjvm.so at 0x00007f61e5731000
R12=0x00007f61e7237798 is pointing into the stack for thread: 0x00007f61e0009000
R13=0x00007f61937961e0: jfid_vrpn_VRPNDevice_native_device+0 in /home/jesus/Escritorio/libjava_vrpn.so at 0x00007f6193511000
R14=0x00007f61e7237798 is pointing into the stack for thread: 0x00007f61e0009000
R15=0x00007f61e0009000 is a thread


Stack: [0x00007f61e7138000,0x00007f61e7239000],  sp=0x00007f61e7237700,  free space=1021k
Native frames: (J=compiled Java code, j=interpreted, Vv=VM code, C=native code)
C  [libjava_vrpn.so+0x3165a]  Java_vrpn_ButtonRemote_shutdownButton+0x3a

Java frames: (J=compiled Java code, j=interpreted, Vv=VM code)
j  vrpn.ButtonRemote.shutdownButton()V+0
j  vrpn.ButtonRemote.stoppedRunning()V+14
j  vrpn.VRPNDevice.stopRunning()V+30
j  vrpn.VRPNDevice.finalize()V+1
j  com.braim.utils.MainGui.entreno_cancelado()V+25
j  com.braim.utils.Server.<init>()V+481
j  com.braim.utils.MainGui.main([Ljava/lang/String;)V+29
v  ~StubRoutines::call_stub

---------------  P R O C E S S  ---------------

Java Threads: ( => current thread )
  0x00007f61e01db800 JavaThread "vrpn vrpn.ButtonRemote" [_thread_blocked, id=7576, stack(0x00007f6193410000,0x00007f6193511000)]
  0x00007f618c119800 JavaThread "TimerQueue" daemon [_thread_blocked, id=7540, stack(0x00007f6193797000,0x00007f6193898000)]
  0x00007f61e031d800 JavaThread "process reaper" daemon [_thread_in_native, id=7535, stack(0x00007f61d80c9000,0x00007f61d80f1000)]
  0x00007f61e030f000 JavaThread "AWT-EventQueue-0" [_thread_blocked, id=7533, stack(0x00007f6193eff000,0x00007f6194000000)]
  0x00007f61e030d000 JavaThread "AWT-Shutdown" [_thread_blocked, id=7532, stack(0x00007f61a00e6000,0x00007f61a01e7000)]
  0x00007f61e030a800 JavaThread "AWT-XAWT" daemon [_thread_in_native, id=7531, stack(0x00007f61a01e7000,0x00007f61a02e8000)]
  0x00007f61e02da000 JavaThread "Java2D Disposer" daemon [_thread_blocked, id=7530, stack(0x00007f61d80f1000,0x00007f61d81f2000)]
  0x00007f61e010f000 JavaThread "Service Thread" daemon [_thread_blocked, id=7528, stack(0x00007f61d85f0000,0x00007f61d86f1000)]
  0x00007f61e010c800 JavaThread "C2 CompilerThread1" daemon [_thread_blocked, id=7527, stack(0x00007f61d86f1000,0x00007f61d87f2000)]
  0x00007f61e0109800 JavaThread "C2 CompilerThread0" daemon [_thread_blocked, id=7526, stack(0x00007f61d87f2000,0x00007f61d88f3000)]
  0x00007f61e0107800 JavaThread "Signal Dispatcher" daemon [_thread_blocked, id=7525, stack(0x00007f61d88f3000,0x00007f61d89f4000)]
  0x00007f61e00b2000 JavaThread "Finalizer" daemon [_thread_blocked, id=7524, stack(0x00007f61d90d5000,0x00007f61d91d6000)]
  0x00007f61e00af800 JavaThread "Reference Handler" daemon [_thread_blocked, id=7523, stack(0x00007f61d91d6000,0x00007f61d92d7000)]
=>0x00007f61e0009000 JavaThread "main" [_thread_in_native, id=7515, stack(0x00007f61e7138000,0x00007f61e7239000)]

Other Threads:
  0x00007f61e00a7000 VMThread [stack: 0x00007f61d92d7000,0x00007f61d93d8000] [id=7522]
  0x00007f61e0119800 WatcherThread [stack: 0x00007f61d84ef000,0x00007f61d85f0000] [id=7529]

VM state:not at safepoint (normal execution)

VM Mutex/Monitor currently owned by a thread: None

Heap
 PSYoungGen      total 13056K, used 5639K [0x00000000f16b0000, 0x00000000f2540000, 0x0000000100000000)
  eden space 11200K, 50% used [0x00000000f16b0000,0x00000000f1c31d08,0x00000000f21a0000)
  from space 1856K, 0% used [0x00000000f2370000,0x00000000f2370000,0x00000000f2540000)
  to   space 1856K, 0% used [0x00000000f21a0000,0x00000000f21a0000,0x00000000f2370000)
 ParOldGen       total 29888K, used 0K [0x00000000d4400000, 0x00000000d6130000, 0x00000000f16b0000)
  object space 29888K, 0% used [0x00000000d4400000,0x00000000d4400000,0x00000000d6130000)
 PSPermGen       total 21248K, used 12349K [0x00000000c9e00000, 0x00000000cb2c0000, 0x00000000d4400000)
  object space 21248K, 58% used [0x00000000c9e00000,0x00000000caa0f4f8,0x00000000cb2c0000)

Card table byte_map: [0x00007f61dcc45000,0x00007f61dcdf7000] byte_map_base: 0x00007f61dc5f6000

Polling page: 0x00007f61e7137000

Code Cache  [0x00007f61dcdf7000, 0x00007f61dd067000, 0x00007f61dfdf7000)
 total_blobs=488 nmethods=29 adapters=412 free_code_cache=48579Kb largest_free_block=49726912

Compilation events (10 events):
Event: 47,967 Thread 0x00007f61e0109800   23             java.util.HashMap::indexFor (6 bytes)
Event: 47,968 Thread 0x00007f61e0109800 nmethod 23 0x00007f61dce85490 code [0x00007f61dce855c0, 0x00007f61dce855f8]
Event: 51,471 Thread 0x00007f61e010c800   24             javax.swing.text.Utilities::getTabbedTextWidth (348 bytes)
Event: 51,492 Thread 0x00007f61e010c800 nmethod 24 0x00007f61dce89410 code [0x00007f61dce89640, 0x00007f61dce89ee0]
Event: 57,529 Thread 0x00007f61e0109800   25             sun.util.logging.PlatformLogger$LoggerProxy::doLog (32 bytes)
Event: 57,531 Thread 0x00007f61e0109800 nmethod 25 0x00007f61dce85190 code [0x00007f61dce852e0, 0x00007f61dce85398]
Event: 59,207 Thread 0x00007f61e0109800   26             sun.util.logging.PlatformLogger::finest (12 bytes)
Event: 59,210 Thread 0x00007f61e0109800 nmethod 26 0x00007f61dce812d0 code [0x00007f61dce81420, 0x00007f61dce814f8]
Event: 65,718 Thread 0x00007f61e010c800   28             java.util.concurrent.locks.AbstractOwnableSynchronizer::setExclusiveOwnerThread (6 bytes)
Event: 65,719 Thread 0x00007f61e010c800 nmethod 28 0x00007f61dce84f90 code [0x00007f61dce850c0, 0x00007f61dce85138]

GC Heap History (0 events):
No events

Deoptimization events (4 events):
Event: 1,126 Thread 0x00007f61e030f000 Uncommon trap -34 fr.pc 0x00007f61dce79488
Event: 1,133 Thread 0x00007f61e030f000 Uncommon trap -34 fr.pc 0x00007f61dce79488
Event: 1,141 Thread 0x00007f61e030f000 Uncommon trap -34 fr.pc 0x00007f61dce79488
Event: 1,143 Thread 0x00007f61e030f000 Uncommon trap -34 fr.pc 0x00007f61dce79488

Internal exceptions (10 events):
Event: 14,910 Thread 0x00007f61e0009000 Threw 0x00000000f1ac24b8 at /build/buildd/openjdk-7-7u15-2.3.7/build/openjdk/hotspot/src/share/vm/prims/jvm.cpp:1166
Event: 14,912 Thread 0x00007f61e0009000 Threw 0x00000000f1ac51e8 at /build/buildd/openjdk-7-7u15-2.3.7/build/openjdk/hotspot/src/share/vm/prims/jvm.cpp:1166
Event: 14,913 Thread 0x00007f61e0009000 Threw 0x00000000f1ac8c20 at /build/buildd/openjdk-7-7u15-2.3.7/build/openjdk/hotspot/src/share/vm/prims/jvm.cpp:1166
Event: 14,915 Thread 0x00007f61e0009000 Threw 0x00000000f1ad0078 at /build/buildd/openjdk-7-7u15-2.3.7/build/openjdk/hotspot/src/share/vm/prims/jvm.cpp:1166
Event: 14,916 Thread 0x00007f61e0009000 Threw 0x00000000f1ad79f0 at /build/buildd/openjdk-7-7u15-2.3.7/build/openjdk/hotspot/src/share/vm/prims/jvm.cpp:1166
Event: 14,917 Thread 0x00007f61e0009000 Threw 0x00000000f1ad98b0 at /build/buildd/openjdk-7-7u15-2.3.7/build/openjdk/hotspot/src/share/vm/prims/jvm.cpp:1166
Event: 14,919 Thread 0x00007f61e0009000 Threw 0x00000000f1addc18 at /build/buildd/openjdk-7-7u15-2.3.7/build/openjdk/hotspot/src/share/vm/prims/jvm.cpp:1166
Event: 14,920 Thread 0x00007f61e0009000 Threw 0x00000000f1ae1490 at /build/buildd/openjdk-7-7u15-2.3.7/build/openjdk/hotspot/src/share/vm/prims/jvm.cpp:1166
Event: 14,921 Thread 0x00007f61e0009000 Threw 0x00000000f1b1c060 at /build/buildd/openjdk-7-7u15-2.3.7/build/openjdk/hotspot/src/share/vm/prims/jvm.cpp:1166
Event: 22,140 Thread 0x00007f61e01db800 Threw 0x00000000f1b8a8b8 at /build/buildd/openjdk-7-7u15-2.3.7/build/openjdk/hotspot/src/share/vm/prims/jvm.cpp:1166

Events (10 events):
Event: 22,141 loading class 0x00007f61e00ab0c0
Event: 22,141 loading class 0x00007f61e00ab0c0 done
Event: 22,141 Executing VM operation: RevokeBias
Event: 22,142 Executing VM operation: RevokeBias done
Event: 22,143 Executing VM operation: RevokeBias
Event: 22,143 Executing VM operation: RevokeBias done
Event: 22,147 loading class 0x00007f61e005ab60
Event: 22,147 loading class 0x00007f61e005ab60 done
Event: 54,576 Thread 0x00007f61e01db800 Thread exited: 0x00007f61e01db800
Event: 55,580 Thread 0x00007f61e01db800 Thread added: 0x00007f61e01db800


Dynamic libraries:
00400000-00401000 r-xp 00000000 08:06 8392522                            /usr/lib/jvm/java-7-openjdk-amd64/jre/bin/java
00600000-00601000 r--p 00000000 08:06 8392522                            /usr/lib/jvm/java-7-openjdk-amd64/jre/bin/java
00601000-00602000 rw-p 00001000 08:06 8392522                            /usr/lib/jvm/java-7-openjdk-amd64/jre/bin/java
01f21000-01f42000 rw-p 00000000 00:00 0                                  [heap]
c9e00000-cb2c0000 rw-p 00000000 00:00 0 
cb2c0000-d4400000 rw-p 00000000 00:00 0 
d4400000-d6130000 rw-p 00000000 00:00 0 
d6130000-f16b0000 rw-p 00000000 00:00 0 
f16b0000-f2540000 rw-p 00000000 00:00 0 
f2540000-100000000 rw-p 00000000 00:00 0 
7f617c000000-7f617c021000 rw-p 00000000 00:00 0 
7f617c021000-7f6180000000 ---p 00000000 00:00 0 
7f6184000000-7f6184021000 rw-p 00000000 00:00 0 
7f6184021000-7f6188000000 ---p 00000000 00:00 0 
7f6188000000-7f6188021000 rw-p 00000000 00:00 0 
7f6188021000-7f618c000000 ---p 00000000 00:00 0 
7f618c000000-7f618c312000 rw-p 00000000 00:00 0 
7f618c312000-7f6190000000 ---p 00000000 00:00 0 
7f6193410000-7f6193413000 ---p 00000000 00:00 0 
7f6193413000-7f6193511000 rw-p 00000000 00:00 0                          [stack:7576]
7f6193511000-7f619358e000 r-xp 00000000 08:06 1324609                    /home/jesus/Escritorio/libjava_vrpn.so
7f619358e000-7f619378e000 ---p 0007d000 08:06 1324609                    /home/jesus/Escritorio/libjava_vrpn.so
7f619378e000-7f6193795000 r--p 0007d000 08:06 1324609                    /home/jesus/Escritorio/libjava_vrpn.so
7f6193795000-7f6193797000 rw-p 00084000 08:06 1324609                    /home/jesus/Escritorio/libjava_vrpn.so
7f6193797000-7f619379a000 ---p 00000000 00:00 0 
7f619379a000-7f6193898000 rw-p 00000000 00:00 0                          [stack:7540]
7f6193898000-7f61938d3000 r-xp 00000000 08:06 8392501                    /usr/lib/jvm/java-7-openjdk-amd64/jre/lib/amd64/libfontmanager.so
7f61938d3000-7f6193ad3000 ---p 0003b000 08:06 8392501                    /usr/lib/jvm/java-7-openjdk-amd64/jre/lib/amd64/libfontmanager.so
7f6193ad3000-7f6193ad5000 r--p 0003b000 08:06 8392501                    /usr/lib/jvm/java-7-openjdk-amd64/jre/lib/amd64/libfontmanager.so
7f6193ad5000-7f6193ad6000 rw-p 0003d000 08:06 8392501                    /usr/lib/jvm/java-7-openjdk-amd64/jre/lib/amd64/libfontmanager.so
7f6193ad6000-7f6193ae6000 r-xp 00000000 08:06 8392489                    /usr/lib/jvm/java-7-openjdk-amd64/jre/lib/amd64/libnio.so
7f6193ae6000-7f6193ce6000 ---p 00010000 08:06 8392489                    /usr/lib/jvm/java-7-openjdk-amd64/jre/lib/amd64/libnio.so
7f6193ce6000-7f6193ce7000 r--p 00010000 08:06 8392489                    /usr/lib/jvm/java-7-openjdk-amd64/jre/lib/amd64/libnio.so
7f6193ce7000-7f6193ce8000 rw-p 00011000 08:06 8392489                    /usr/lib/jvm/java-7-openjdk-amd64/jre/lib/amd64/libnio.so
7f6193ce8000-7f6193cfe000 r-xp 00000000 08:06 8392493                    /usr/lib/jvm/java-7-openjdk-amd64/jre/lib/amd64/libnet.so
7f6193cfe000-7f6193efd000 ---p 00016000 08:06 8392493                    /usr/lib/jvm/java-7-openjdk-amd64/jre/lib/amd64/libnet.so
7f6193efd000-7f6193efe000 r--p 00015000 08:06 8392493                    /usr/lib/jvm/java-7-openjdk-amd64/jre/lib/amd64/libnet.so
7f6193efe000-7f6193eff000 rw-p 00016000 08:06 8392493                    /usr/lib/jvm/java-7-openjdk-amd64/jre/lib/amd64/libnet.so
7f6193eff000-7f6193f02000 ---p 00000000 00:00 0 
7f6193f02000-7f6194000000 rw-p 00000000 00:00 0                          [stack:7533]
7f6194000000-7f6194021000 rw-p 00000000 00:00 0 
7f6194021000-7f6198000000 ---p 00000000 00:00 0 
7f6198000000-7f6198021000 rw-p 00000000 00:00 0 
7f6198021000-7f619c000000 ---p 00000000 00:00 0 
7f619c000000-7f619c021000 rw-p 00000000 00:00 0 
7f619c021000-7f61a0000000 ---p 00000000 00:00 0 
7f61a00e6000-7f61a00e9000 ---p 00000000 00:00 0 
7f61a00e9000-7f61a01e7000 rw-p 00000000 00:00 0                          [stack:7532]
7f61a01e7000-7f61a01ea000 ---p 00000000 00:00 0 
7f61a01ea000-7f61a02e8000 rw-p 00000000 00:00 0                          [stack:7531]
7f61a02e8000-7f61a02eb000 r-xp 00000000 08:06 4984315                    /lib/x86_64-linux-gnu/libgpg-error.so.0.8.0
7f61a02eb000-7f61a04ea000 ---p 00003000 08:06 4984315                    /lib/x86_64-linux-gnu/libgpg-error.so.0.8.0
7f61a04ea000-7f61a04eb000 r--p 00002000 08:06 4984315                    /lib/x86_64-linux-gnu/libgpg-error.so.0.8.0
7f61a04eb000-7f61a04ec000 rw-p 00003000 08:06 4984315                    /lib/x86_64-linux-gnu/libgpg-error.so.0.8.0
7f61a04ec000-7f61a04ee000 r-xp 00000000 08:06 4984322                    /lib/x86_64-linux-gnu/libkeyutils.so.1.4
7f61a04ee000-7f61a06ee000 ---p 00002000 08:06 4984322                    /lib/x86_64-linux-gnu/libkeyutils.so.1.4
7f61a06ee000-7f61a06ef000 r--p 00002000 08:06 4984322                    /lib/x86_64-linux-gnu/libkeyutils.so.1.4
7f61a06ef000-7f61a06f0000 rw-p 00003000 08:06 4984322                    /lib/x86_64-linux-gnu/libkeyutils.so.1.4
7f61a06f0000-7f61a0733000 r-xp 00000000 08:06 4984296                    /lib/x86_64-linux-gnu/libdbus-1.so.3.7.2
7f61a0733000-7f61a0932000 ---p 00043000 08:06 4984296                    /lib/x86_64-linux-gnu/libdbus-1.so.3.7.2
7f61a0932000-7f61a0933000 r--p 00042000 08:06 4984296                    /lib/x86_64-linux-gnu/libdbus-1.so.3.7.2
7f61a0933000-7f61a0934000 rw-p 00043000 08:06 4984296                    /lib/x86_64-linux-gnu/libdbus-1.so.3.7.2
7f61a0934000-7f61a0946000 r-xp 00000000 08:06 7610167                    /usr/lib/x86_64-linux-gnu/libp11-kit.so.0.0.0
7f61a0946000-7f61a0b46000 ---p 00012000 08:06 7610167                    /usr/lib/x86_64-linux-gnu/libp11-kit.so.0.0.0
7f61a0b46000-7f61a0b47000 r--p 00012000 08:06 7610167                    /usr/lib/x86_64-linux-gnu/libp11-kit.so.0.0.0
7f61a0b47000-7f61a0b48000 rw-p 00013000 08:06 7610167                    /usr/lib/x86_64-linux-gnu/libp11-kit.so.0.0.0
7f61a0b48000-7f61a0bc2000 r-xp 00000000 08:06 4984311                    /lib/x86_64-linux-gnu/libgcrypt.so.11.7.0
7f61a0bc2000-7f61a0dc2000 ---p 0007a000 08:06 4984311                    /lib/x86_64-linux-gnu/libgcrypt.so.11.7.0
7f61a0dc2000-7f61a0dc3000 r--p 0007a000 08:06 4984311                    /lib/x86_64-linux-gnu/libgcrypt.so.11.7.0
7f61a0dc3000-7f61a0dc6000 rw-p 0007b000 08:06 4984311                    /lib/x86_64-linux-gnu/libgcrypt.so.11.7.0
7f61a0dc6000-7f61a0dd5000 r-xp 00000000 08:06 7610310                    /usr/lib/x86_64-linux-gnu/libtasn1.so.3.1.16
7f61a0dd5000-7f61a0fd5000 ---p 0000f000 08:06 7610310                    /usr/lib/x86_64-linux-gnu/libtasn1.so.3.1.16
7f61a0fd5000-7f61a0fd6000 r--p 0000f000 08:06 7610310                    /usr/lib/x86_64-linux-gnu/libtasn1.so.3.1.16
7f61a0fd6000-7f61a0fd7000 rw-p 00010000 08:06 7610310                    /usr/lib/x86_64-linux-gnu/libtasn1.so.3.1.16
7f61a0fd7000-7f61a0fde000 r-xp 00000000 08:06 7610087                    /usr/lib/x86_64-linux-gnu/libkrb5support.so.0.1
7f61a0fde000-7f61a11dd000 ---p 00007000 08:06 7610087                    /usr/lib/x86_64-linux-gnu/libkrb5support.so.0.1
7f61a11dd000-7f61a11de000 r--p 00006000 08:06 7610087                    /usr/lib/x86_64-linux-gnu/libkrb5support.so.0.1
7f61a11de000-7f61a11df000 rw-p 00007000 08:06 7610087                    /usr/lib/x86_64-linux-gnu/libkrb5support.so.0.1
7f61a11df000-7f61a11e2000 r-xp 00000000 08:06 4984291                    /lib/x86_64-linux-gnu/libcom_err.so.2.1
7f61a11e2000-7f61a13e1000 ---p 00003000 08:06 4984291                    /lib/x86_64-linux-gnu/libcom_err.so.2.1
7f61a13e1000-7f61a13e2000 r--p 00002000 08:06 4984291                    /lib/x86_64-linux-gnu/libcom_err.so.2.1
7f61a13e2000-7f61a13e3000 rw-p 00003000 08:06 4984291                    /lib/x86_64-linux-gnu/libcom_err.so.2.1
7f61a13e3000-7f61a1409000 r-xp 00000000 08:06 7610079                    /usr/lib/x86_64-linux-gnu/libk5crypto.so.3.1
7f61a1409000-7f61a1609000 ---p 00026000 08:06 7610079                    /usr/lib/x86_64-linux-gnu/libk5crypto.so.3.1
7f61a1609000-7f61a160a000 r--p 00026000 08:06 7610079                    /usr/lib/x86_64-linux-gnu/libk5crypto.so.3.1
7f61a160a000-7f61a160b000 rw-p 00027000 08:06 7610079                    /usr/lib/x86_64-linux-gnu/libk5crypto.so.3.1
7f61a160b000-7f61a160c000 rw-p 00000000 00:00 0 
7f61a160c000-7f61a16d0000 r-xp 00000000 08:06 7610085                    /usr/lib/x86_64-linux-gnu/libkrb5.so.3.3
7f61a16d0000-7f61a18cf000 ---p 000c4000 08:06 7610085                    /usr/lib/x86_64-linux-gnu/libkrb5.so.3.3
7f61a18cf000-7f61a18d9000 r--p 000c3000 08:06 7610085                    /usr/lib/x86_64-linux-gnu/libkrb5.so.3.3
7f61a18d9000-7f61a18da000 rw-p 000cd000 08:06 7610085                    /usr/lib/x86_64-linux-gnu/libkrb5.so.3.3
7f61a18da000-7f61a18e2000 r-xp 00000000 08:06 7611292                    /usr/lib/x86_64-linux-gnu/libxcb-render.so.0.0.0
7f61a18e2000-7f61a1ae2000 ---p 00008000 08:06 7611292                    /usr/lib/x86_64-linux-gnu/libxcb-render.so.0.0.0
7f61a1ae2000-7f61a1ae3000 r--p 00008000 08:06 7611292                    /usr/lib/x86_64-linux-gnu/libxcb-render.so.0.0.0
7f61a1ae3000-7f61a1ae4000 rw-p 00009000 08:06 7611292                    /usr/lib/x86_64-linux-gnu/libxcb-render.so.0.0.0
7f61a1ae4000-7f61a1ae6000 r-xp 00000000 08:06 7611295                    /usr/lib/x86_64-linux-gnu/libxcb-shm.so.0.0.0
7f61a1ae6000-7f61a1ce5000 ---p 00002000 08:06 7611295                    /usr/lib/x86_64-linux-gnu/libxcb-shm.so.0.0.0
7f61a1ce5000-7f61a1ce6000 r--p 00001000 08:06 7611295                    /usr/lib/x86_64-linux-gnu/libxcb-shm.so.0.0.0
7f61a1ce6000-7f61a1ce7000 rw-p 00002000 08:06 7611295                    /usr/lib/x86_64-linux-gnu/libxcb-shm.so.0.0.0
7f61a1ce7000-7f61a1d0c000 r-xp 00000000 08:06 4984375                    /lib/x86_64-linux-gnu/libpng12.so.0.49.0
7f61a1d0c000-7f61a1f0b000 ---p 00025000 08:06 4984375                    /lib/x86_64-linux-gnu/libpng12.so.0.49.0
7f61a1f0b000-7f61a1f0c000 r--p 00024000 08:06 4984375                    /lib/x86_64-linux-gnu/libpng12.so.0.49.0
7f61a1f0c000-7f61a1f0d000 rw-p 00025000 08:06 4984375                    /lib/x86_64-linux-gnu/libpng12.so.0.49.0
7f61a1f0d000-7f61a1f8d000 r-xp 00000000 08:06 7610197                    /usr/lib/x86_64-linux-gnu/libpixman-1.so.0.26.0
7f61a1f8d000-7f61a218c000 ---p 00080000 08:06 7610197                    /usr/lib/x86_64-linux-gnu/libpixman-1.so.0.26.0
7f61a218c000-7f61a2192000 r--p 0007f000 08:06 7610197                    /usr/lib/x86_64-linux-gnu/libpixman-1.so.0.26.0
7f61a2192000-7f61a2193000 rw-p 00085000 08:06 7610197                    /usr/lib/x86_64-linux-gnu/libpixman-1.so.0.26.0
7f61a2193000-7f61a2198000 r-xp 00000000 08:06 7609654                    /usr/lib/x86_64-linux-gnu/libXdmcp.so.6.0.0
7f61a2198000-7f61a2397000 ---p 00005000 08:06 7609654                    /usr/lib/x86_64-linux-gnu/libXdmcp.so.6.0.0
7f61a2397000-7f61a2398000 r--p 00004000 08:06 7609654                    /usr/lib/x86_64-linux-gnu/libXdmcp.so.6.0.0
7f61a2398000-7f61a2399000 rw-p 00005000 08:06 7609654                    /usr/lib/x86_64-linux-gnu/libXdmcp.so.6.0.0
7f61a2399000-7f61a239b000 r-xp 00000000 08:06 7609643                    /usr/lib/x86_64-linux-gnu/libXau.so.6.0.0
7f61a239b000-7f61a259b000 ---p 00002000 08:06 7609643                    /usr/lib/x86_64-linux-gnu/libXau.so.6.0.0
7f61a259b000-7f61a259c000 r--p 00002000 08:06 7609643                    /usr/lib/x86_64-linux-gnu/libXau.so.6.0.0
7f61a259c000-7f61a259d000 rw-p 00003000 08:06 7609643                    /usr/lib/x86_64-linux-gnu/libXau.so.6.0.0
7f61a259d000-7f61a25ac000 r-xp 00000000 08:06 7609724                    /usr/lib/x86_64-linux-gnu/libavahi-client.so.3.2.9
7f61a25ac000-7f61a27ac000 ---p 0000f000 08:06 7609724                    /usr/lib/x86_64-linux-gnu/libavahi-client.so.3.2.9
7f61a27ac000-7f61a27ad000 r--p 0000f000 08:06 7609724                    /usr/lib/x86_64-linux-gnu/libavahi-client.so.3.2.9
7f61a27ad000-7f61a27ae000 rw-p 00010000 08:06 7609724                    /usr/lib/x86_64-linux-gnu/libavahi-client.so.3.2.9
7f61a27ae000-7f61a27b9000 r-xp 00000000 08:06 7609726                    /usr/lib/x86_64-linux-gnu/libavahi-common.so.3.5.3
7f61a27b9000-7f61a29b8000 ---p 0000b000 08:06 7609726                    /usr/lib/x86_64-linux-gnu/libavahi-common.so.3.5.3
7f61a29b8000-7f61a29b9000 r--p 0000a000 08:06 7609726                    /usr/lib/x86_64-linux-gnu/libavahi-common.so.3.5.3
7f61a29b9000-7f61a29ba000 rw-p 0000b000 08:06 7609726                    /usr/lib/x86_64-linux-gnu/libavahi-common.so.3.5.3
7f61a29ba000-7f61a2a6e000 r-xp 00000000 08:06 7611610                    /usr/lib/x86_64-linux-gnu/libgnutls.so.26.21.8
7f61a2a6e000-7f61a2c6e000 ---p 000b4000 08:06 7611610                    /usr/lib/x86_64-linux-gnu/libgnutls.so.26.21.8
7f61a2c6e000-7f61a2c74000 r--p 000b4000 08:06 7611610                    /usr/lib/x86_64-linux-gnu/libgnutls.so.26.21.8
7f61a2c74000-7f61a2c75000 rw-p 000ba000 08:06 7611610                    /usr/lib/x86_64-linux-gnu/libgnutls.so.26.21.8
7f61a2c75000-7f61a2c76000 rw-p 00000000 00:00 0 
7f61a2c76000-7f61a2cb1000 r-xp 00000000 08:06 7609962                    /usr/lib/x86_64-linux-gnu/libgssapi_krb5.so.2.2
7f61a2cb1000-7f61a2eb1000 ---p 0003b000 08:06 7609962                    /usr/lib/x86_64-linux-gnu/libgssapi_krb5.so.2.2
7f61a2eb1000-7f61a2eb2000 r--p 0003b000 08:06 7609962                    /usr/lib/x86_64-linux-gnu/libgssapi_krb5.so.2.2
7f61a2eb2000-7f61a2eb4000 rw-p 0003c000 08:06 7609962                    /usr/lib/x86_64-linux-gnu/libgssapi_krb5.so.2.2
7f61a2eb4000-7f61a2ef0000 r-xp 00000000 08:06 4984371                    /lib/x86_64-linux-gnu/libpcre.so.3.13.1
7f61a2ef0000-7f61a30ef000 ---p 0003c000 08:06 4984371                    /lib/x86_64-linux-gnu/libpcre.so.3.13.1
7f61a30ef000-7f61a30f0000 r--p 0003b000 08:06 4984371                    /lib/x86_64-linux-gnu/libpcre.so.3.13.1
7f61a30f0000-7f61a30f1000 rw-p 0003c000 08:06 4984371                    /lib/x86_64-linux-gnu/libpcre.so.3.13.1
7f61a30f1000-7f61a30f8000 r-xp 00000000 08:06 7609857                    /usr/lib/x86_64-linux-gnu/libffi.so.6.0.0
7f61a30f8000-7f61a32f7000 ---p 00007000 08:06 7609857                    /usr/lib/x86_64-linux-gnu/libffi.so.6.0.0
7f61a32f7000-7f61a32f8000 r--p 00006000 08:06 7609857                    /usr/lib/x86_64-linux-gnu/libffi.so.6.0.0
7f61a32f8000-7f61a32f9000 rw-p 00007000 08:06 7609857                    /usr/lib/x86_64-linux-gnu/libffi.so.6.0.0
7f61a32f9000-7f61a331f000 r-xp 00000000 08:06 4984304                    /lib/x86_64-linux-gnu/libexpat.so.1.6.0
7f61a331f000-7f61a351f000 ---p 00026000 08:06 4984304                    /lib/x86_64-linux-gnu/libexpat.so.1.6.0
7f61a351f000-7f61a3521000 r--p 00026000 08:06 4984304                    /lib/x86_64-linux-gnu/libexpat.so.1.6.0
7f61a3521000-7f61a3522000 rw-p 00028000 08:06 4984304                    /lib/x86_64-linux-gnu/libexpat.so.1.6.0
7f61a3522000-7f61a35b8000 r-xp 00000000 08:06 7605936                    /usr/lib/x86_64-linux-gnu/libfreetype.so.6.9.0
7f61a35b8000-7f61a37b7000 ---p 00096000 08:06 7605936                    /usr/lib/x86_64-linux-gnu/libfreetype.so.6.9.0
7f61a37b7000-7f61a37bd000 r--p 00095000 08:06 7605936                    /usr/lib/x86_64-linux-gnu/libfreetype.so.6.9.0
7f61a37bd000-7f61a37be000 rw-p 0009b000 08:06 7605936                    /usr/lib/x86_64-linux-gnu/libfreetype.so.6.9.0
7f61a37be000-7f61a37d6000 r-xp 00000000 08:06 4988095                    /lib/x86_64-linux-gnu/libresolv-2.15.so
7f61a37d6000-7f61a39d6000 ---p 00018000 08:06 4988095                    /lib/x86_64-linux-gnu/libresolv-2.15.so
7f61a39d6000-7f61a39d7000 r--p 00018000 08:06 4988095                    /lib/x86_64-linux-gnu/libresolv-2.15.so
7f61a39d7000-7f61a39d8000 rw-p 00019000 08:06 4988095                    /lib/x86_64-linux-gnu/libresolv-2.15.so
7f61a39d8000-7f61a39da000 rw-p 00000000 00:00 0 
7f61a39da000-7f61a39f7000 r-xp 00000000 08:06 4984390                    /lib/x86_64-linux-gnu/libselinux.so.1
7f61a39f7000-7f61a3bf6000 ---p 0001d000 08:06 4984390                    /lib/x86_64-linux-gnu/libselinux.so.1
7f61a3bf6000-7f61a3bf7000 r--p 0001c000 08:06 4984390                    /lib/x86_64-linux-gnu/libselinux.so.1
7f61a3bf7000-7f61a3bf8000 rw-p 0001d000 08:06 4984390                    /lib/x86_64-linux-gnu/libselinux.so.1
7f61a3bf8000-7f61a3bf9000 rw-p 00000000 00:00 0 
7f61a3bf9000-7f61a3bfc000 r-xp 00000000 08:06 7602558                    /usr/lib/x86_64-linux-gnu/libgmodule-2.0.so.0.3400.1
7f61a3bfc000-7f61a3dfb000 ---p 00003000 08:06 7602558                    /usr/lib/x86_64-linux-gnu/libgmodule-2.0.so.0.3400.1
7f61a3dfb000-7f61a3dfc000 r--p 00002000 08:06 7602558                    /usr/lib/x86_64-linux-gnu/libgmodule-2.0.so.0.3400.1
7f61a3dfc000-7f61a3dfd000 rw-p 00003000 08:06 7602558                    /usr/lib/x86_64-linux-gnu/libgmodule-2.0.so.0.3400.1
7f61a3dfd000-7f61a3dff000 r-xp 00000000 08:06 7609652                    /usr/lib/x86_64-linux-gnu/libXdamage.so.1.1.0
7f61a3dff000-7f61a3ffe000 ---p 00002000 08:06 7609652                    /usr/lib/x86_64-linux-gnu/libXdamage.so.1.1.0
7f61a3ffe000-7f61a3fff000 r--p 00001000 08:06 7609652                    /usr/lib/x86_64-linux-gnu/libXdamage.so.1.1.0
7f61a3fff000-7f61a4000000 rw-p 00002000 08:06 7609652                    /usr/lib/x86_64-linux-gnu/libXdamage.so.1.1.0
7f61a4000000-7f61a4021000 rw-p 00000000 00:00 0 
7f61a4021000-7f61a8000000 ---p 00000000 00:00 0 
7f61a8024000-7f61a8026000 r-xp 00000000 08:06 7609648                    /usr/lib/x86_64-linux-gnu/libXcomposite.so.1.0.0
7f61a8026000-7f61a8225000 ---p 00002000 08:06 7609648                    /usr/lib/x86_64-linux-gnu/libXcomposite.so.1.0.0
7f61a8225000-7f61a8226000 r--p 00001000 08:06 7609648                    /usr/lib/x86_64-linux-gnu/libXcomposite.so.1.0.0
7f61a8226000-7f61a8227000 rw-p 00002000 08:06 7609648                    /usr/lib/x86_64-linux-gnu/libXcomposite.so.1.0.0
7f61a8227000-7f61a8230000 r-xp 00000000 08:06 7609675                    /usr/lib/x86_64-linux-gnu/libXcursor.so.1.0.2
7f61a8230000-7f61a8430000 ---p 00009000 08:06 7609675                    /usr/lib/x86_64-linux-gnu/libXcursor.so.1.0.2
7f61a8430000-7f61a8431000 r--p 00009000 08:06 7609675                    /usr/lib/x86_64-linux-gnu/libXcursor.so.1.0.2
7f61a8431000-7f61a8432000 rw-p 0000a000 08:06 7609675                    /usr/lib/x86_64-linux-gnu/libXcursor.so.1.0.2
7f61a8432000-7f61a843b000 r-xp 00000000 08:06 7627007                    /usr/lib/x86_64-linux-gnu/libXrandr.so.2.2.0
7f61a843b000-7f61a863a000 ---p 00009000 08:06 7627007                    /usr/lib/x86_64-linux-gnu/libXrandr.so.2.2.0
7f61a863a000-7f61a863b000 r--p 00008000 08:06 7627007                    /usr/lib/x86_64-linux-gnu/libXrandr.so.2.2.0
7f61a863b000-7f61a863c000 rw-p 00009000 08:06 7627007                    /usr/lib/x86_64-linux-gnu/libXrandr.so.2.2.0
7f61a863c000-7f61a863e000 r-xp 00000000 08:06 7611299                    /usr/lib/x86_64-linux-gnu/libXinerama.so.1.0.0
7f61a863e000-7f61a883d000 ---p 00002000 08:06 7611299                    /usr/lib/x86_64-linux-gnu/libXinerama.so.1.0.0
7f61a883d000-7f61a883e000 r--p 00001000 08:06 7611299                    /usr/lib/x86_64-linux-gnu/libXinerama.so.1.0.0
7f61a883e000-7f61a883f000 rw-p 00002000 08:06 7611299                    /usr/lib/x86_64-linux-gnu/libXinerama.so.1.0.0
7f61a883f000-7f61a8869000 r-xp 00000000 08:06 7610179                    /usr/lib/x86_64-linux-gnu/libpangoft2-1.0.so.0.3000.1
7f61a8869000-7f61a8a68000 ---p 0002a000 08:06 7610179                    /usr/lib/x86_64-linux-gnu/libpangoft2-1.0.so.0.3000.1
7f61a8a68000-7f61a8a69000 r--p 00029000 08:06 7610179                    /usr/lib/x86_64-linux-gnu/libpangoft2-1.0.so.0.3000.1
7f61a8a69000-7f61a8a6a000 rw-p 0002a000 08:06 7610179                    /usr/lib/x86_64-linux-gnu/libpangoft2-1.0.so.0.3000.1
7f61a8a6a000-7f61a8b5c000 r-xp 00000000 08:06 7612299                    /usr/lib/x86_64-linux-gnu/libcairo.so.2.11200.2
7f61a8b5c000-7f61a8d5c000 ---p 000f2000 08:06 7612299                    /usr/lib/x86_64-linux-gnu/libcairo.so.2.11200.2
7f61a8d5c000-7f61a8d5f000 r--p 000f2000 08:06 7612299                    /usr/lib/x86_64-linux-gnu/libcairo.so.2.11200.2
7f61a8d5f000-7f61a8d60000 rw-p 000f5000 08:06 7612299                    /usr/lib/x86_64-linux-gnu/libcairo.so.2.11200.2
7f61a8d60000-7f61a8d62000 rw-p 00000000 00:00 0 
7f61a8d62000-7f61a8d81000 r-xp 00000000 08:06 7609714                    /usr/lib/x86_64-linux-gnu/libatk-1.0.so.0.20609.1
7f61a8d81000-7f61a8f81000 ---p 0001f000 08:06 7609714                    /usr/lib/x86_64-linux-gnu/libatk-1.0.so.0.20609.1
7f61a8f81000-7f61a8f83000 r--p 0001f000 08:06 7609714                    /usr/lib/x86_64-linux-gnu/libatk-1.0.so.0.20609.1
7f61a8f83000-7f61a8f84000 rw-p 00021000 08:06 7609714                    /usr/lib/x86_64-linux-gnu/libatk-1.0.so.0.20609.1
7f61a8f84000-7f61a8f89000 r-xp 00000000 08:06 7612716                    /usr/lib/x86_64-linux-gnu/libXfixes.so.3.1.0
7f61a8f89000-7f61a9188000 ---p 00005000 08:06 7612716                    /usr/lib/x86_64-linux-gnu/libXfixes.so.3.1.0
7f61a9188000-7f61a9189000 r--p 00004000 08:06 7612716                    /usr/lib/x86_64-linux-gnu/libXfixes.so.3.1.0
7f61a9189000-7f61a918a000 rw-p 00005000 08:06 7612716                    /usr/lib/x86_64-linux-gnu/libXfixes.so.3.1.0
7f61a918a000-7f61a9195000 r-xp 00000000 08:06 7610177                    /usr/lib/x86_64-linux-gnu/libpangocairo-1.0.so.0.3000.1
7f61a9195000-7f61a9394000 ---p 0000b000 08:06 7610177                    /usr/lib/x86_64-linux-gnu/libpangocairo-1.0.so.0.3000.1
7f61a9394000-7f61a9395000 r--p 0000a000 08:06 7610177                    /usr/lib/x86_64-linux-gnu/libpangocairo-1.0.so.0.3000.1
7f61a9395000-7f61a9396000 rw-p 0000b000 08:06 7610177                    /usr/lib/x86_64-linux-gnu/libpangocairo-1.0.so.0.3000.1
7f61a9396000-7f61a93b3000 r-xp 00000000 08:06 7610396                    /usr/lib/x86_64-linux-gnu/libxcb.so.1.1.0
7f61a93b3000-7f61a95b2000 ---p 0001d000 08:06 7610396                    /usr/lib/x86_64-linux-gnu/libxcb.so.1.1.0
7f61a95b2000-7f61a95b3000 r--p 0001c000 08:06 7610396                    /usr/lib/x86_64-linux-gnu/libxcb.so.1.1.0
7f61a95b3000-7f61a95b4000 rw-p 0001d000 08:06 7610396                    /usr/lib/x86_64-linux-gnu/libxcb.so.1.1.0
7f61a95b4000-7f61a960f000 r-xp 00000000 08:06 7602835                    /usr/lib/x86_64-linux-gnu/libcups.so.2
7f61a960f000-7f61a980e000 ---p 0005b000 08:06 7602835                    /usr/lib/x86_64-linux-gnu/libcups.so.2
7f61a980e000-7f61a9813000 r--p 0005a000 08:06 7602835                    /usr/lib/x86_64-linux-gnu/libcups.so.2
7f61a9813000-7f61a9814000 rw-p 0005f000 08:06 7602835                    /usr/lib/x86_64-linux-gnu/libcups.so.2
7f61a9814000-7f61a9909000 r-xp 00000000 08:06 4984547                    /lib/x86_64-linux-gnu/libglib-2.0.so.0.3400.1
7f61a9909000-7f61a9b08000 ---p 000f5000 08:06 4984547                    /lib/x86_64-linux-gnu/libglib-2.0.so.0.3400.1
7f61a9b08000-7f61a9b09000 r--p 000f4000 08:06 4984547                    /lib/x86_64-linux-gnu/libglib-2.0.so.0.3400.1
7f61a9b09000-7f61a9b0a000 rw-p 000f5000 08:06 4984547                    /lib/x86_64-linux-gnu/libglib-2.0.so.0.3400.1
7f61a9b0a000-7f61a9b0b000 rw-p 00000000 00:00 0 
7f61a9b0b000-7f61a9b0c000 r-xp 00000000 08:06 7602563                    /usr/lib/x86_64-linux-gnu/libgthread-2.0.so.0.3400.1
7f61a9b0c000-7f61a9d0b000 ---p 00001000 08:06 7602563                    /usr/lib/x86_64-linux-gnu/libgthread-2.0.so.0.3400.1
7f61a9d0b000-7f61a9d0c000 r--p 00000000 08:06 7602563                    /usr/lib/x86_64-linux-gnu/libgthread-2.0.so.0.3400.1
7f61a9d0c000-7f61a9d0d000 rw-p 00001000 08:06 7602563                    /usr/lib/x86_64-linux-gnu/libgthread-2.0.so.0.3400.1
7f61a9d0d000-7f61a9d5a000 r-xp 00000000 08:06 7602539                    /usr/lib/x86_64-linux-gnu/libgobject-2.0.so.0.3400.1
7f61a9d5a000-7f61a9f5a000 ---p 0004d000 08:06 7602539                    /usr/lib/x86_64-linux-gnu/libgobject-2.0.so.0.3400.1
7f61a9f5a000-7f61a9f5b000 r--p 0004d000 08:06 7602539                    /usr/lib/x86_64-linux-gnu/libgobject-2.0.so.0.3400.1
7f61a9f5b000-7f61a9f5c000 rw-p 0004e000 08:06 7602539                    /usr/lib/x86_64-linux-gnu/libgobject-2.0.so.0.3400.1
7f61a9f5c000-7f61a9f93000 r-xp 00000000 08:06 7609859                    /usr/lib/x86_64-linux-gnu/libfontconfig.so.1.6.2
7f61a9f93000-7f61aa193000 ---p 00037000 08:06 7609859                    /usr/lib/x86_64-linux-gnu/libfontconfig.so.1.6.2
7f61aa193000-7f61aa194000 r--p 00037000 08:06 7609859                    /usr/lib/x86_64-linux-gnu/libfontconfig.so.1.6.2
7f61aa194000-7f61aa195000 rw-p 00038000 08:06 7609859                    /usr/lib/x86_64-linux-gnu/libfontconfig.so.1.6.2
7f61aa195000-7f61aa196000 rw-p 00000000 00:00 0 
7f61aa196000-7f61aa1dd000 r-xp 00000000 08:06 7610175                    /usr/lib/x86_64-linux-gnu/libpango-1.0.so.0.3000.1
7f61aa1dd000-7f61aa3dc000 ---p 00047000 08:06 7610175                    /usr/lib/x86_64-linux-gnu/libpango-1.0.so.0.3000.1
7f61aa3dc000-7f61aa3de000 r--p 00046000 08:06 7610175                    /usr/lib/x86_64-linux-gnu/libpango-1.0.so.0.3000.1
7f61aa3de000-7f61aa3df000 rw-p 00048000 08:06 7610175                    /usr/lib/x86_64-linux-gnu/libpango-1.0.so.0.3000.1
7f61aa3df000-7f61aa3fd000 r-xp 00000000 08:06 7609908                    /usr/lib/x86_64-linux-gnu/libgdk_pixbuf-2.0.so.0.2600.4
7f61aa3fd000-7f61aa5fc000 ---p 0001e000 08:06 7609908                    /usr/lib/x86_64-linux-gnu/libgdk_pixbuf-2.0.so.0.2600.4
7f61aa5fc000-7f61aa5fd000 r--p 0001d000 08:06 7609908                    /usr/lib/x86_64-linux-gnu/libgdk_pixbuf-2.0.so.0.2600.4
7f61aa5fd000-7f61aa5fe000 rw-p 0001e000 08:06 7609908                    /usr/lib/x86_64-linux-gnu/libgdk_pixbuf-2.0.so.0.2600.4
7f61aa5fe000-7f61aa74c000 r-xp 00000000 08:06 7602564                    /usr/lib/x86_64-linux-gnu/libgio-2.0.so.0.3400.1
7f61aa74c000-7f61aa94b000 ---p 0014e000 08:06 7602564                    /usr/lib/x86_64-linux-gnu/libgio-2.0.so.0.3400.1
7f61aa94b000-7f61aa94f000 r--p 0014d000 08:06 7602564                    /usr/lib/x86_64-linux-gnu/libgio-2.0.so.0.3400.1
7f61aa94f000-7f61aa951000 rw-p 00151000 08:06 7602564                    /usr/lib/x86_64-linux-gnu/libgio-2.0.so.0.3400.1
7f61aa951000-7f61aa953000 rw-p 00000000 00:00 0 
7f61aa953000-7f61aaa00000 r-xp 00000000 08:06 7609906                    /usr/lib/x86_64-linux-gnu/libgdk-x11-2.0.so.0.2400.13
7f61aaa00000-7f61aabff000 ---p 000ad000 08:06 7609906                    /usr/lib/x86_64-linux-gnu/libgdk-x11-2.0.so.0.2400.13
7f61aabff000-7f61aac03000 r--p 000ac000 08:06 7609906                    /usr/lib/x86_64-linux-gnu/libgdk-x11-2.0.so.0.2400.13
7f61aac03000-7f61aac05000 rw-p 000b0000 08:06 7609906                    /usr/lib/x86_64-linux-gnu/libgdk-x11-2.0.so.0.2400.13
7f61aac05000-7f61ab032000 r-xp 00000000 08:06 7610010                    /usr/lib/x86_64-linux-gnu/libgtk-x11-2.0.so.0.2400.13
7f61ab032000-7f61ab231000 ---p 0042d000 08:06 7610010                    /usr/lib/x86_64-linux-gnu/libgtk-x11-2.0.so.0.2400.13
7f61ab231000-7f61ab238000 r--p 0042c000 08:06 7610010                    /usr/lib/x86_64-linux-gnu/libgtk-x11-2.0.so.0.2400.13
7f61ab238000-7f61ab23c000 rw-p 00433000 08:06 7610010                    /usr/lib/x86_64-linux-gnu/libgtk-x11-2.0.so.0.2400.13
7f61ab23c000-7f61ab23e000 rw-p 00000000 00:00 0 
7f61ab23e000-7f61ab24c000 r-xp 00000000 08:06 7611199                    /usr/lib/x86_64-linux-gnu/libXi.so.6.1.0
7f61ab24c000-7f61ab44b000 ---p 0000e000 08:06 7611199                    /usr/lib/x86_64-linux-gnu/libXi.so.6.1.0
7f61ab44b000-7f61ab44c000 r--p 0000d000 08:06 7611199                    /usr/lib/x86_64-linux-gnu/libXi.so.6.1.0
7f61ab44c000-7f61ab44d000 rw-p 0000e000 08:06 7611199                    /usr/lib/x86_64-linux-gnu/libXi.so.6.1.0
7f61ab44d000-7f61ab452000 r-xp 00000000 08:06 7611202                    /usr/lib/x86_64-linux-gnu/libXtst.so.6.1.0
7f61ab452000-7f61ab651000 ---p 00005000 08:06 7611202                    /usr/lib/x86_64-linux-gnu/libXtst.so.6.1.0
7f61ab651000-7f61ab652000 r--p 00004000 08:06 7611202                    /usr/lib/x86_64-linux-gnu/libXtst.so.6.1.0
7f61ab652000-7f61ab653000 rw-p 00005000 08:06 7611202                    /usr/lib/x86_64-linux-gnu/libXtst.so.6.1.0
7f61ab653000-7f61ab65c000 r-xp 00000000 08:06 7611818                    /usr/lib/x86_64-linux-gnu/libXrender.so.1.3.0
7f61ab65c000-7f61ab85b000 ---p 00009000 08:06 7611818                    /usr/lib/x86_64-linux-gnu/libXrender.so.1.3.0
7f61ab85b000-7f61ab85c000 r--p 00008000 08:06 7611818                    /usr/lib/x86_64-linux-gnu/libXrender.so.1.3.0
7f61ab85c000-7f61ab85d000 rw-p 00009000 08:06 7611818                    /usr/lib/x86_64-linux-gnu/libXrender.so.1.3.0
7f61ab85d000-7f61ab991000 r-xp 00000000 08:06 7611193                    /usr/lib/x86_64-linux-gnu/libX11.so.6.3.0
7f61ab991000-7f61abb91000 ---p 00134000 08:06 7611193                    /usr/lib/x86_64-linux-gnu/libX11.so.6.3.0
7f61abb91000-7f61abb92000 r--p 00134000 08:06 7611193                    /usr/lib/x86_64-linux-gnu/libX11.so.6.3.0
7f61abb92000-7f61abb97000 rw-p 00135000 08:06 7611193                    /usr/lib/x86_64-linux-gnu/libX11.so.6.3.0
7f61abb97000-7f61abba8000 r-xp 00000000 08:06 7611196                    /usr/lib/x86_64-linux-gnu/libXext.so.6.4.0
7f61abba8000-7f61abda7000 ---p 00011000 08:06 7611196                    /usr/lib/x86_64-linux-gnu/libXext.so.6.4.0
7f61abda7000-7f61abda8000 r--p 00010000 08:06 7611196                    /usr/lib/x86_64-linux-gnu/libXext.so.6.4.0
7f61abda8000-7f61abda9000 rw-p 00011000 08:06 7611196                    /usr/lib/x86_64-linux-gnu/libXext.so.6.4.0
7f61abda9000-7f61abdfb000 r-xp 00000000 08:06 8659515                    /usr/lib/jvm/java-7-openjdk-amd64/jre/lib/amd64/xawt/libmawt.so
7f61abdfb000-7f61abffb000 ---p 00052000 08:06 8659515                    /usr/lib/jvm/java-7-openjdk-amd64/jre/lib/amd64/xawt/libmawt.so
7f61abffb000-7f61abffc000 r--p 00052000 08:06 8659515                    /usr/lib/jvm/java-7-openjdk-amd64/jre/lib/amd64/xawt/libmawt.so
7f61abffc000-7f61abfff000 rw-p 00053000 08:06 8659515                    /usr/lib/jvm/java-7-openjdk-amd64/jre/lib/amd64/xawt/libmawt.so
7f61abfff000-7f61ac000000 rw-p 00000000 00:00 0 
7f61ac000000-7f61ac157000 rw-p 00000000 00:00 0 
7f61ac157000-7f61b0000000 ---p 00000000 00:00 0 
7f61b0000000-7f61b0021000 rw-p 00000000 00:00 0 
7f61b0021000-7f61b4000000 ---p 00000000 00:00 0 
7f61b4000000-7f61b4021000 rw-p 00000000 00:00 0 
7f61b4021000-7f61b8000000 ---p 00000000 00:00 0 
7f61b8000000-7f61b8160000 rw-p 00000000 00:00 0 
7f61b8160000-7f61bc000000 ---p 00000000 00:00 0 
7f61bc000000-7f61bc021000 rw-p 00000000 00:00 0 
7f61bc021000-7f61c0000000 ---p 00000000 00:00 0 
7f61c0000000-7f61c0021000 rw-p 00000000 00:00 0 
7f61c0021000-7f61c4000000 ---p 00000000 00:00 0 
7f61c4000000-7f61c4021000 rw-p 00000000 00:00 0 
7f61c4021000-7f61c8000000 ---p 00000000 00:00 0 
7f61c8000000-7f61c8021000 rw-p 00000000 00:00 0 
7f61c8021000-7f61cc000000 ---p 00000000 00:00 0 
7f61cc000000-7f61cc021000 rw-p 00000000 00:00 0 
7f61cc021000-7f61d0000000 ---p 00000000 00:00 0 
7f61d0000000-7f61d0021000 rw-p 00000000 00:00 0 
7f61d0021000-7f61d4000000 ---p 00000000 00:00 0 
7f61d4000000-7f61d4021000 rw-p 00000000 00:00 0 
7f61d4021000-7f61d8000000 ---p 00000000 00:00 0 
7f61d8098000-7f61d80c9000 rw-p 00000000 00:00 0 
7f61d80c9000-7f61d80cc000 ---p 00000000 00:00 0 
7f61d80cc000-7f61d80f1000 rw-p 00000000 00:00 0                          [stack:7535]
7f61d80f1000-7f61d80f4000 ---p 00000000 00:00 0 
7f61d80f4000-7f61d81f2000 rw-p 00000000 00:00 0                          [stack:7530]
7f61d81f2000-7f61d81f9000 r--s 00000000 08:06 8006424                    /usr/lib/x86_64-linux-gnu/gconv/gconv-modules.cache
7f61d81f9000-7f61d821e000 r--p 00000000 08:06 8524895                    /usr/share/locale-langpack/es/LC_MESSAGES/libc.mo
7f61d821e000-7f61d82bf000 r-xp 00000000 08:06 8392505                    /usr/lib/jvm/java-7-openjdk-amd64/jre/lib/amd64/libawt.so
7f61d82bf000-7f61d84be000 ---p 000a1000 08:06 8392505                    /usr/lib/jvm/java-7-openjdk-amd64/jre/lib/amd64/libawt.so
7f61d84be000-7f61d84bf000 r--p 000a0000 08:06 8392505                    /usr/lib/jvm/java-7-openjdk-amd64/jre/lib/amd64/libawt.so
7f61d84bf000-7f61d84ca000 rw-p 000a1000 08:06 8392505                    /usr/lib/jvm/java-7-openjdk-amd64/jre/lib/amd64/libawt.so
7f61d84ca000-7f61d84ef000 rw-p 00000000 00:00 0 
7f61d84ef000-7f61d84f0000 ---p 00000000 00:00 0 
7f61d84f0000-7f61d85f0000 rw-p 00000000 00:00 0                          [stack:7529]
7f61d85f0000-7f61d85f3000 ---p 00000000 00:00 0 
7f61d85f3000-7f61d86f1000 rw-p 00000000 00:00 0                          [stack:7528]
7f61d86f1000-7f61d86f4000 ---p 00000000 00:00 0 
7f61d86f4000-7f61d87f2000 rw-p 00000000 00:00 0                          [stack:7527]
7f61d87f2000-7f61d87f5000 ---p 00000000 00:00 0 
7f61d87f5000-7f61d88f3000 rw-p 00000000 00:00 0                          [stack:7526]
7f61d88f3000-7f61d88f6000 ---p 00000000 00:00 0 
7f61d88f6000-7f61d89f4000 rw-p 00000000 00:00 0                          [stack:7525]
7f61d89f4000-7f61d90d5000 r--p 00000000 08:06 7608773                    /usr/lib/locale/locale-archive
7f61d90d5000-7f61d90d8000 ---p 00000000 00:00 0 
7f61d90d8000-7f61d91d6000 rw-p 00000000 00:00 0                          [stack:7524]
7f61d91d6000-7f61d91d9000 ---p 00000000 00:00 0 
7f61d91d9000-7f61d92d7000 rw-p 00000000 00:00 0                          [stack:7523]
7f61d92d7000-7f61d92d8000 ---p 00000000 00:00 0 
7f61d92d8000-7f61da3d7000 rw-p 00000000 00:00 0                          [stack:7522]
7f61da3d7000-7f61da583000 r--s 01cdd000 08:06 8392475                    /usr/lib/jvm/java-7-openjdk-amd64/jre/lib/rt.jar
7f61da583000-7f61dc757000 rw-p 00000000 00:00 0 
7f61dc757000-7f61dc758000 ---p 00000000 00:00 0 
7f61dc758000-7f61dc858000 rw-p 00000000 00:00 0                          [stack:7520]
7f61dc858000-7f61dc859000 ---p 00000000 00:00 0 
7f61dc859000-7f61dc959000 rw-p 00000000 00:00 0                          [stack:7518]
7f61dc959000-7f61dc95a000 ---p 00000000 00:00 0 
7f61dc95a000-7f61dca5a000 rw-p 00000000 00:00 0                          [stack:7517]
7f61dca5a000-7f61dca5b000 ---p 00000000 00:00 0 
7f61dca5b000-7f61dcb6a000 rw-p 00000000 00:00 0                          [stack:7516]
7f61dcb6a000-7f61dcc45000 rw-p 00000000 00:00 0 
7f61dcc45000-7f61dcc50000 rw-p 00000000 00:00 0 
7f61dcc50000-7f61dcc98000 rw-p 00000000 00:00 0 
7f61dcc98000-7f61dcca7000 rw-p 00000000 00:00 0 
7f61dcca7000-7f61dcd81000 rw-p 00000000 00:00 0 
7f61dcd81000-7f61dcd89000 rw-p 00000000 00:00 0 
7f61dcd89000-7f61dcdf6000 rw-p 00000000 00:00 0 
7f61dcdf6000-7f61dcdf7000 rw-p 00000000 00:00 0 
7f61dcdf7000-7f61dd067000 rwxp 00000000 00:00 0 
7f61dd067000-7f61dfdf7000 rw-p 00000000 00:00 0 
7f61dfdf7000-7f61dfdff000 r-xp 00000000 08:06 8392520                    /usr/lib/jvm/java-7-openjdk-amd64/jre/lib/amd64/libzip.so
7f61dfdff000-7f61dfffe000 ---p 00008000 08:06 8392520                    /usr/lib/jvm/java-7-openjdk-amd64/jre/lib/amd64/libzip.so
7f61dfffe000-7f61dffff000 r--p 00007000 08:06 8392520                    /usr/lib/jvm/java-7-openjdk-amd64/jre/lib/amd64/libzip.so
7f61dffff000-7f61e0000000 rw-p 00008000 08:06 8392520                    /usr/lib/jvm/java-7-openjdk-amd64/jre/lib/amd64/libzip.so
7f61e0000000-7f61e0397000 rw-p 00000000 00:00 0 
7f61e0397000-7f61e4000000 ---p 00000000 00:00 0 
7f61e4012000-7f61e4013000 rw-p 00000000 00:00 0 
7f61e4013000-7f61e4018000 rw-s 00000000 00:04 1198358535                 /SYSV00000000 (deleted)
7f61e4018000-7f61e4023000 r--s 001fb000 08:06 8257821                    /usr/lib/jvm/java-7-openjdk-common/jre/lib/charsets.jar
7f61e4023000-7f61e402c000 r--s 000bc000 08:06 8257822                    /usr/lib/jvm/java-7-openjdk-common/jre/lib/resources.jar
7f61e402c000-7f61e4030000 r--s 000e4000 08:06 3801899                    /home/jesus/EmotivResearch_1.0.0.5/doc/examples_Java/lib/jna.jar
7f61e4030000-7f61e403b000 r--s 001fb000 08:06 8257821                    /usr/lib/jvm/java-7-openjdk-common/jre/lib/charsets.jar
7f61e403b000-7f61e403d000 r--s 00012000 08:06 8258120                    /usr/lib/jvm/java-7-openjdk-common/jre/lib/ext/zipfs.jar
7f61e403d000-7f61e4040000 r--s 0000f000 08:06 8258062                    /usr/lib/jvm/java-7-openjdk-common/jre/lib/ext/pulse-java.jar
7f61e4040000-7f61e4043000 r--s 00032000 08:06 8257959                    /usr/lib/jvm/java-7-openjdk-common/jre/lib/ext/sunjce_provider.jar
7f61e4043000-7f61e4047000 r--s 00085000 08:06 8257946                    /usr/lib/jvm/java-7-openjdk-common/jre/lib/ext/localedata.jar
7f61e4047000-7f61e4052000 rw-p 00000000 00:00 0 
7f61e4052000-7f61e409a000 rw-p 00000000 00:00 0 
7f61e409a000-7f61e40a6000 r-xp 00000000 08:06 4988036                    /lib/x86_64-linux-gnu/libnss_files-2.15.so
7f61e40a6000-7f61e42a5000 ---p 0000c000 08:06 4988036                    /lib/x86_64-linux-gnu/libnss_files-2.15.so
7f61e42a5000-7f61e42a6000 r--p 0000b000 08:06 4988036                    /lib/x86_64-linux-gnu/libnss_files-2.15.so
7f61e42a6000-7f61e42a7000 rw-p 0000c000 08:06 4988036                    /lib/x86_64-linux-gnu/libnss_files-2.15.so
7f61e42a7000-7f61e42b1000 r-xp 00000000 08:06 4987958                    /lib/x86_64-linux-gnu/libnss_nis-2.15.so
7f61e42b1000-7f61e44b1000 ---p 0000a000 08:06 4987958                    /lib/x86_64-linux-gnu/libnss_nis-2.15.so
7f61e44b1000-7f61e44b2000 r--p 0000a000 08:06 4987958                    /lib/x86_64-linux-gnu/libnss_nis-2.15.so
7f61e44b2000-7f61e44b3000 rw-p 0000b000 08:06 4987958                    /lib/x86_64-linux-gnu/libnss_nis-2.15.so
7f61e44b3000-7f61e44ca000 r-xp 00000000 08:06 4988113                    /lib/x86_64-linux-gnu/libnsl-2.15.so
7f61e44ca000-7f61e46c9000 ---p 00017000 08:06 4988113                    /lib/x86_64-linux-gnu/libnsl-2.15.so
7f61e46c9000-7f61e46ca000 r--p 00016000 08:06 4988113                    /lib/x86_64-linux-gnu/libnsl-2.15.so
7f61e46ca000-7f61e46cb000 rw-p 00017000 08:06 4988113                    /lib/x86_64-linux-gnu/libnsl-2.15.so
7f61e46cb000-7f61e46cd000 rw-p 00000000 00:00 0 
7f61e46cd000-7f61e46d5000 r-xp 00000000 08:06 4988198                    /lib/x86_64-linux-gnu/libnss_compat-2.15.so
7f61e46d5000-7f61e48d4000 ---p 00008000 08:06 4988198                    /lib/x86_64-linux-gnu/libnss_compat-2.15.so
7f61e48d4000-7f61e48d5000 r--p 00007000 08:06 4988198                    /lib/x86_64-linux-gnu/libnss_compat-2.15.so
7f61e48d5000-7f61e48d6000 rw-p 00008000 08:06 4988198                    /lib/x86_64-linux-gnu/libnss_compat-2.15.so
7f61e48d6000-7f61e4901000 r-xp 00000000 08:06 8392504                    /usr/lib/jvm/java-7-openjdk-amd64/jre/lib/amd64/libjava.so
7f61e4901000-7f61e4b00000 ---p 0002b000 08:06 8392504                    /usr/lib/jvm/java-7-openjdk-amd64/jre/lib/amd64/libjava.so
7f61e4b00000-7f61e4b01000 r--p 0002a000 08:06 8392504                    /usr/lib/jvm/java-7-openjdk-amd64/jre/lib/amd64/libjava.so
7f61e4b01000-7f61e4b03000 rw-p 0002b000 08:06 8392504                    /usr/lib/jvm/java-7-openjdk-amd64/jre/lib/amd64/libjava.so
7f61e4b03000-7f61e4b12000 r-xp 00000000 08:06 8392503                    /usr/lib/jvm/java-7-openjdk-amd64/jre/lib/amd64/libverify.so
7f61e4b12000-7f61e4d11000 ---p 0000f000 08:06 8392503                    /usr/lib/jvm/java-7-openjdk-amd64/jre/lib/amd64/libverify.so
7f61e4d11000-7f61e4d13000 r--p 0000e000 08:06 8392503                    /usr/lib/jvm/java-7-openjdk-amd64/jre/lib/amd64/libverify.so
7f61e4d13000-7f61e4d14000 rw-p 00010000 08:06 8392503                    /usr/lib/jvm/java-7-openjdk-amd64/jre/lib/amd64/libverify.so
7f61e4d14000-7f61e4d1b000 r-xp 00000000 08:06 4988071                    /lib/x86_64-linux-gnu/librt-2.15.so
7f61e4d1b000-7f61e4f1a000 ---p 00007000 08:06 4988071                    /lib/x86_64-linux-gnu/librt-2.15.so
7f61e4f1a000-7f61e4f1b000 r--p 00006000 08:06 4988071                    /lib/x86_64-linux-gnu/librt-2.15.so
7f61e4f1b000-7f61e4f1c000 rw-p 00007000 08:06 4988071                    /lib/x86_64-linux-gnu/librt-2.15.so
7f61e4f1c000-7f61e4f31000 r-xp 00000000 08:06 4984309                    /lib/x86_64-linux-gnu/libgcc_s.so.1
7f61e4f31000-7f61e5130000 ---p 00015000 08:06 4984309                    /lib/x86_64-linux-gnu/libgcc_s.so.1
7f61e5130000-7f61e5131000 r--p 00014000 08:06 4984309                    /lib/x86_64-linux-gnu/libgcc_s.so.1
7f61e5131000-7f61e5132000 rw-p 00015000 08:06 4984309                    /lib/x86_64-linux-gnu/libgcc_s.so.1
7f61e5132000-7f61e522d000 r-xp 00000000 08:06 4988195                    /lib/x86_64-linux-gnu/libm-2.15.so
7f61e522d000-7f61e542c000 ---p 000fb000 08:06 4988195                    /lib/x86_64-linux-gnu/libm-2.15.so
7f61e542c000-7f61e542d000 r--p 000fa000 08:06 4988195                    /lib/x86_64-linux-gnu/libm-2.15.so
7f61e542d000-7f61e542e000 rw-p 000fb000 08:06 4988195                    /lib/x86_64-linux-gnu/libm-2.15.so
7f61e542e000-7f61e5513000 r-xp 00000000 08:06 7610302                    /usr/lib/x86_64-linux-gnu/libstdc++.so.6.0.17
7f61e5513000-7f61e5712000 ---p 000e5000 08:06 7610302                    /usr/lib/x86_64-linux-gnu/libstdc++.so.6.0.17
7f61e5712000-7f61e571a000 r--p 000e4000 08:06 7610302                    /usr/lib/x86_64-linux-gnu/libstdc++.so.6.0.17
7f61e571a000-7f61e571c000 rw-p 000ec000 08:06 7610302                    /usr/lib/x86_64-linux-gnu/libstdc++.so.6.0.17
7f61e571c000-7f61e5731000 rw-p 00000000 00:00 0 
7f61e5731000-7f61e612c000 r-xp 00000000 08:06 8392509                    /usr/lib/jvm/java-7-openjdk-amd64/jre/lib/amd64/server/libjvm.so
7f61e612c000-7f61e632b000 ---p 009fb000 08:06 8392509                    /usr/lib/jvm/java-7-openjdk-amd64/jre/lib/amd64/server/libjvm.so
7f61e632b000-7f61e63aa000 r--p 009fa000 08:06 8392509                    /usr/lib/jvm/java-7-openjdk-amd64/jre/lib/amd64/server/libjvm.so
7f61e63aa000-7f61e63cd000 rw-p 00a79000 08:06 8392509                    /usr/lib/jvm/java-7-openjdk-amd64/jre/lib/amd64/server/libjvm.so
7f61e63cd000-7f61e63f8000 rw-p 00000000 00:00 0 
7f61e63f8000-7f61e640e000 r-xp 00000000 08:06 4984418                    /lib/x86_64-linux-gnu/libz.so.1.2.7
7f61e640e000-7f61e660d000 ---p 00016000 08:06 4984418                    /lib/x86_64-linux-gnu/libz.so.1.2.7
7f61e660d000-7f61e660e000 r--p 00015000 08:06 4984418                    /lib/x86_64-linux-gnu/libz.so.1.2.7
7f61e660e000-7f61e660f000 rw-p 00016000 08:06 4984418                    /lib/x86_64-linux-gnu/libz.so.1.2.7
7f61e660f000-7f61e6627000 r-xp 00000000 08:06 4988034                    /lib/x86_64-linux-gnu/libpthread-2.15.so
7f61e6627000-7f61e6826000 ---p 00018000 08:06 4988034                    /lib/x86_64-linux-gnu/libpthread-2.15.so
7f61e6826000-7f61e6827000 r--p 00017000 08:06 4988034                    /lib/x86_64-linux-gnu/libpthread-2.15.so
7f61e6827000-7f61e6828000 rw-p 00018000 08:06 4988034                    /lib/x86_64-linux-gnu/libpthread-2.15.so
7f61e6828000-7f61e682c000 rw-p 00000000 00:00 0 
7f61e682c000-7f61e682e000 r-xp 00000000 08:06 4988197                    /lib/x86_64-linux-gnu/libdl-2.15.so
7f61e682e000-7f61e6a2e000 ---p 00002000 08:06 4988197                    /lib/x86_64-linux-gnu/libdl-2.15.so
7f61e6a2e000-7f61e6a2f000 r--p 00002000 08:06 4988197                    /lib/x86_64-linux-gnu/libdl-2.15.so
7f61e6a2f000-7f61e6a30000 rw-p 00003000 08:06 4988197                    /lib/x86_64-linux-gnu/libdl-2.15.so
7f61e6a30000-7f61e6be5000 r-xp 00000000 08:06 4988199                    /lib/x86_64-linux-gnu/libc-2.15.so
7f61e6be5000-7f61e6de4000 ---p 001b5000 08:06 4988199                    /lib/x86_64-linux-gnu/libc-2.15.so
7f61e6de4000-7f61e6de8000 r--p 001b4000 08:06 4988199                    /lib/x86_64-linux-gnu/libc-2.15.so
7f61e6de8000-7f61e6dea000 rw-p 001b8000 08:06 4988199                    /lib/x86_64-linux-gnu/libc-2.15.so
7f61e6dea000-7f61e6e10000 rw-p 00000000 00:00 0 
7f61e6e10000-7f61e6e1d000 r-xp 00000000 08:06 8392486                    /usr/lib/jvm/java-7-openjdk-amd64/jre/lib/amd64/jli/libjli.so
7f61e6e1d000-7f61e701c000 ---p 0000d000 08:06 8392486                    /usr/lib/jvm/java-7-openjdk-amd64/jre/lib/amd64/jli/libjli.so
7f61e701c000-7f61e701d000 r--p 0000c000 08:06 8392486                    /usr/lib/jvm/java-7-openjdk-amd64/jre/lib/amd64/jli/libjli.so
7f61e701d000-7f61e701e000 rw-p 0000d000 08:06 8392486                    /usr/lib/jvm/java-7-openjdk-amd64/jre/lib/amd64/jli/libjli.so
7f61e701e000-7f61e7040000 r-xp 00000000 08:06 4988092                    /lib/x86_64-linux-gnu/ld-2.15.so
7f61e7040000-7f61e7042000 r--s 00006000 08:06 8001958                    /usr/share/java/java-atk-wrapper.jar
7f61e7042000-7f61e7043000 r--s 00002000 08:06 8258114                    /usr/lib/jvm/java-7-openjdk-common/jre/lib/ext/dnsns.jar
7f61e7043000-7f61e7046000 r--s 0003c000 08:06 8257936                    /usr/lib/jvm/java-7-openjdk-common/jre/lib/ext/sunpkcs11.jar
7f61e7046000-7f61e7078000 rw-p 00000000 00:00 0 
7f61e7078000-7f61e712e000 rw-p 00000000 00:00 0 
7f61e712e000-7f61e7136000 rw-s 00000000 08:06 8269768                    /tmp/hsperfdata_jesus/7512
7f61e7136000-7f61e7137000 rw-p 00000000 00:00 0 
7f61e7137000-7f61e7138000 r--p 00000000 00:00 0 
7f61e7138000-7f61e713b000 ---p 00000000 00:00 0 
7f61e713b000-7f61e7240000 rw-p 00000000 00:00 0                          [stack:7515]
7f61e7240000-7f61e7241000 r--p 00022000 08:06 4988092                    /lib/x86_64-linux-gnu/ld-2.15.so
7f61e7241000-7f61e7243000 rw-p 00023000 08:06 4988092                    /lib/x86_64-linux-gnu/ld-2.15.so
7ffffc1dc000-7ffffc1fd000 rw-p 00000000 00:00 0                          [stack]
7ffffc1ff000-7ffffc200000 r-xp 00000000 00:00 0                          [vdso]
ffffffffff600000-ffffffffff601000 r-xp 00000000 00:00 0                  [vsyscall]

VM Arguments:
jvm_args: -Dfile.encoding=UTF-8 
java_command: com.braim.utils.MainGui
Launcher Type: SUN_STANDARD

Environment Variables:
JAVA_HOME=/usr/lib/jvm/java-7-openjdk-amd64
PATH=/home/jesus/.rvm/gems/ruby-2.0.0-p247/bin:/home/jesus/.rvm/gems/ruby-2.0.0-p247@global/bin:/home/jesus/.rvm/rubies/ruby-2.0.0-p247/bin:/home/jesus/.rvm/bin:/home/jesus/misProgramas/apache-maven-3.1.0/bin:/usr/lib/lightdm/lightdm:/usr/local/sbin:/usr/local/bin:/usr/sbin:/usr/bin:/sbin:/bin:/usr/games:/usr/local/games:/usr/lib/jvm/java-7-openjdk-amd64/bin:/home/jesus/misProgramas/Android/sdk/tools:/home/jesus/misProgramas/Android/sdk/platform-tools:/opt/necessitas/android-ndk:/home/jesus/misProgramas/apache-maven-3.1.0/bin:/usr/lib/lightdm/lightdm:/usr/local/sbin:/usr/local/bin:/usr/sbin:/usr/bin:/sbin:/bin:/usr/games:/usr/local/games:/usr/lib/jvm/java-7-openjdk-amd64/bin:/home/jesus/misProgramas/Android/sdk/tools:/home/jesus/misProgramas/Android/sdk/platform-tools:/opt/necessitas/android-ndk:/home/jesus/misProgramas/jboss-as-7.1.1.Final/bin
SHELL=/usr/bin/zsh
DISPLAY=:0

Signal Handlers:
SIGSEGV: [libjvm.so+0x857570], sa_mask[0]=0x7ffbfeff, sa_flags=0x10000004
SIGBUS: [libjvm.so+0x857570], sa_mask[0]=0x7ffbfeff, sa_flags=0x10000004
SIGFPE: [libjvm.so+0x6f8270], sa_mask[0]=0x7ffbfeff, sa_flags=0x10000004
SIGPIPE: SIG_IGN, sa_mask[0]=0x00001000, sa_flags=0x10000000
SIGXFSZ: [libjvm.so+0x6f8270], sa_mask[0]=0x7ffbfeff, sa_flags=0x10000004
SIGILL: [libjvm.so+0x6f8270], sa_mask[0]=0x7ffbfeff, sa_flags=0x10000004
SIGUSR1: SIG_DFL, sa_mask[0]=0x00000000, sa_flags=0x00000000
SIGUSR2: [libjvm.so+0x6f84c0], sa_mask[0]=0x00000004, sa_flags=0x10000004
SIGHUP: [libjvm.so+0x6f8600], sa_mask[0]=0x7ffbfeff, sa_flags=0x10000004
SIGINT: [libjvm.so+0x6f8600], sa_mask[0]=0x7ffbfeff, sa_flags=0x10000004
SIGTERM: [libjvm.so+0x6f8600], sa_mask[0]=0x7ffbfeff, sa_flags=0x10000004
SIGQUIT: [libjvm.so+0x6f8600], sa_mask[0]=0x7ffbfeff, sa_flags=0x10000004


---------------  S Y S T E M  ---------------

OS:Ubuntu 12.10 (quantal)
uname:Linux 3.5.0-17-generic #28-Ubuntu SMP Tue Oct 9 19:31:23 UTC 2012 x86_64
libc:glibc 2.15 NPTL 2.15 
rlimit: STACK 8192k, CORE 0k, NPROC 22246, NOFILE 4096, AS infinity
load average:0,90 0,99 1,05

/proc/meminfo:
MemTotal:        2865992 kB
MemFree:          322804 kB
Buffers:           29912 kB
Cached:           711640 kB
SwapCached:         3844 kB
Active:          1541180 kB
Inactive:         773044 kB
Active(anon):    1259672 kB
Inactive(anon):   514808 kB
Active(file):     281508 kB
Inactive(file):   258236 kB
Unevictable:       31260 kB
Mlocked:           31260 kB
SwapTotal:       2993148 kB
SwapFree:        2826668 kB
Dirty:               336 kB
Writeback:             0 kB
AnonPages:       1600612 kB
Mapped:           196412 kB
Shmem:            195980 kB
Slab:              95352 kB
SReclaimable:      61084 kB
SUnreclaim:        34268 kB
KernelStack:        4808 kB
PageTables:        39788 kB
NFS_Unstable:          0 kB
Bounce:                0 kB
WritebackTmp:          0 kB
CommitLimit:     4426144 kB
Committed_AS:    5482768 kB
VmallocTotal:   34359738367 kB
VmallocUsed:      600736 kB
VmallocChunk:   34359125500 kB
HardwareCorrupted:     0 kB
AnonHugePages:         0 kB
HugePages_Total:       0
HugePages_Free:        0
HugePages_Rsvd:        0
HugePages_Surp:        0
Hugepagesize:       2048 kB
DirectMap4k:       56004 kB
DirectMap2M:     1890304 kB


CPU:total 4 (2 cores per cpu, 2 threads per core) family 6 model 37 stepping 5, cmov, cx8, fxsr, mmx, sse, sse2, sse3, ssse3, sse4.1, sse4.2, popcnt, ht, tsc, tscinvbit

/proc/cpuinfo:
processor	: 0
vendor_id	: GenuineIntel
cpu family	: 6
model		: 37
model name	: Intel(R) Core(TM) i3 CPU       U 330  @ 1.20GHz
stepping	: 5
microcode	: 0x2
cpu MHz		: 1199.000
cache size	: 3072 KB
physical id	: 0
siblings	: 4
core id		: 0
cpu cores	: 2
apicid		: 0
initial apicid	: 0
fpu		: yes
fpu_exception	: yes
cpuid level	: 11
wp		: yes
flags		: fpu vme de pse tsc msr pae mce cx8 apic sep mtrr pge mca cmov pat pse36 clflush dts acpi mmx fxsr sse sse2 ss ht tm pbe syscall nx rdtscp lm constant_tsc arch_perfmon pebs bts rep_good nopl xtopology nonstop_tsc aperfmperf pni dtes64 monitor ds_cpl vmx est tm2 ssse3 cx16 xtpr pdcm pcid sse4_1 sse4_2 popcnt lahf_lm arat dtherm tpr_shadow vnmi flexpriority ept vpid
bogomips	: 2394.04
clflush size	: 64
cache_alignment	: 64
address sizes	: 36 bits physical, 48 bits virtual
power management:

processor	: 1
vendor_id	: GenuineIntel
cpu family	: 6
model		: 37
model name	: Intel(R) Core(TM) i3 CPU       U 330  @ 1.20GHz
stepping	: 5
microcode	: 0x2
cpu MHz		: 666.000
cache size	: 3072 KB
physical id	: 0
siblings	: 4
core id		: 2
cpu cores	: 2
apicid		: 4
initial apicid	: 4
fpu		: yes
fpu_exception	: yes
cpuid level	: 11
wp		: yes
flags		: fpu vme de pse tsc msr pae mce cx8 apic sep mtrr pge mca cmov pat pse36 clflush dts acpi mmx fxsr sse sse2 ss ht tm pbe syscall nx rdtscp lm constant_tsc arch_perfmon pebs bts rep_good nopl xtopology nonstop_tsc aperfmperf pni dtes64 monitor ds_cpl vmx est tm2 ssse3 cx16 xtpr pdcm pcid sse4_1 sse4_2 popcnt lahf_lm arat dtherm tpr_shadow vnmi flexpriority ept vpid
bogomips	: 2394.04
clflush size	: 64
cache_alignment	: 64
address sizes	: 36 bits physical, 48 bits virtual
power management:

processor	: 2
vendor_id	: GenuineIntel
cpu family	: 6
model		: 37
model name	: Intel(R) Core(TM) i3 CPU       U 330  @ 1.20GHz
stepping	: 5
microcode	: 0x2
cpu MHz		: 666.000
cache size	: 3072 KB
physical id	: 0
siblings	: 4
core id		: 0
cpu cores	: 2
apicid		: 1
initial apicid	: 1
fpu		: yes
fpu_exception	: yes
cpuid level	: 11
wp		: yes
flags		: fpu vme de pse tsc msr pae mce cx8 apic sep mtrr pge mca cmov pat pse36 clflush dts acpi mmx fxsr sse sse2 ss ht tm pbe syscall nx rdtscp lm constant_tsc arch_perfmon pebs bts rep_good nopl xtopology nonstop_tsc aperfmperf pni dtes64 monitor ds_cpl vmx est tm2 ssse3 cx16 xtpr pdcm pcid sse4_1 sse4_2 popcnt lahf_lm arat dtherm tpr_shadow vnmi flexpriority ept vpid
bogomips	: 2394.04
clflush size	: 64
cache_alignment	: 64
address sizes	: 36 bits physical, 48 bits virtual
power management:

processor	: 3
vendor_id	: GenuineIntel
cpu family	: 6
model		: 37
model name	: Intel(R) Core(TM) i3 CPU       U 330  @ 1.20GHz
stepping	: 5
microcode	: 0x2
cpu MHz		: 666.000
cache size	: 3072 KB
physical id	: 0
siblings	: 4
core id		: 2
cpu cores	: 2
apicid		: 5
initial apicid	: 5
fpu		: yes
fpu_exception	: yes
cpuid level	: 11
wp		: yes
flags		: fpu vme de pse tsc msr pae mce cx8 apic sep mtrr pge mca cmov pat pse36 clflush dts acpi mmx fxsr sse sse2 ss ht tm pbe syscall nx rdtscp lm constant_tsc arch_perfmon pebs bts rep_good nopl xtopology nonstop_tsc aperfmperf pni dtes64 monitor ds_cpl vmx est tm2 ssse3 cx16 xtpr pdcm pcid sse4_1 sse4_2 popcnt lahf_lm arat dtherm tpr_shadow vnmi flexpriority ept vpid
bogomips	: 2394.04
clflush size	: 64
cache_alignment	: 64
address sizes	: 36 bits physical, 48 bits virtual
power management:



Memory: 4k page, physical 2865992k(322804k free), swap 2993148k(2826668k free)

vm_info: OpenJDK 64-Bit Server VM (23.7-b01) for linux-amd64 JRE (1.7.0_15-b20), built on Mar  6 2013 20:21:28 by "buildd" with gcc 4.7.2

time: Mon Oct 14 14:04:50 2013
elapsed time: 69 seconds

