#
# A fatal error has been detected by the Java Runtime Environment:
#
#  SIGSEGV (0xb) at pc=0x00007f11c959265a, pid=4230, tid=139714901772032
#
# JRE version: 7.0_15-b20
# Java VM: OpenJDK 64-Bit Server VM (23.7-b01 mixed mode linux-amd64 compressed oops)
# Problematic frame:
# C  [libjava_vrpn.so+0x3165a]  Java_vrpn_ButtonRemote_shutdownButton+0x3a
#
# Failed to write core dump. Core dumps have been disabled. To enable core dumping, try "ulimit -c unlimited" before starting Java again
#
# If you would like to submit a bug report, please include
# instructions on how to reproduce the bug and visit:
#   https://bugs.launchpad.net/ubuntu/+source/openjdk-7/
# The crash happened outside the Java Virtual Machine in native code.
# See problematic frame for where to report the bug.
#

---------------  T H R E A D  ---------------

Current thread (0x00007f11e0009000):  JavaThread "main" [_thread_in_native, id=4237, stack(0x00007f11e9070000,0x00007f11e9171000)]

siginfo:si_signo=SIGSEGV: si_errno=0, si_code=1 (SEGV_MAPERR), si_addr=0xffffffffffffffff

Registers:
RAX=0xffffffffffffffff, RBX=0x00007f11e00091d8, RCX=0x0000000000000011, RDX=0x0000000000000042
RSP=0x00007f11e916f700, RBP=0xffffffffffffffff, RSI=0x00007f11e916f798, RDI=0x00007f11e00091d8
R8 =0x00007f11dd005400, R9 =0x00000000f1ab06c0, R10=0x000000000000000c, R11=0x00007f11e8315d94
R12=0x00007f11e916f798, R13=0x00007f11c97e61e0, R14=0x00007f11e916f798, R15=0x00007f11e0009000
RIP=0x00007f11c959265a, EFLAGS=0x0000000000010286, CSGSFS=0x0000000000000033, ERR=0x0000000000000005
  TRAPNO=0x000000000000000e

Top of Stack: (sp=0x00007f11e916f700)
0x00007f11e916f700:   00007f11e0009bd8 00000000ca3f6070
0x00007f11e916f710:   00007f11e916f778 0000000000000000
0x00007f11e916f720:   00000000ca3f6070 00007f11dd011f90
0x00007f11e916f730:   0000000000000002 00007f11e916f738
0x00007f11e916f740:   0000000000000000 00007f11e916f798
0x00007f11e916f750:   00000000ca9f21a0 0000000000000000
0x00007f11e916f760:   00000000ca3f6070 0000000000000000
0x00007f11e916f770:   00007f11e916f798 00007f11e916f7f0
0x00007f11e916f780:   00007f11dd006158 0000000000000000
0x00007f11e916f790:   00007f11dd00edd8 00000000f1ab06c0
0x00007f11e916f7a0:   0000000000000001 00000000f1a897e8
0x00007f11e916f7b0:   00007f11e916f7a0 00000000ca3f5c76
0x00007f11e916f7c0:   00007f11e916f808 00000000ca9f21a0
0x00007f11e916f7d0:   0000000000000000 00000000ca3f5ca0
0x00007f11e916f7e0:   00007f11e916f798 00007f11e916f808
0x00007f11e916f7f0:   00007f11e916f850 00007f11dd006158
0x00007f11e916f800:   00000000f1a897e8 00000000f1ab06c0
0x00007f11e916f810:   00007f11e916f810 00000000ca401296
0x00007f11e916f820:   00007f11e916f868 00000000ca9f1aa0
0x00007f11e916f830:   0000000000000000 00000000ca4012b8
0x00007f11e916f840:   00007f11e916f808 00007f11e916f868
0x00007f11e916f850:   00007f11e916f8b0 00007f11dd006158
0x00007f11e916f860:   0000000000000000 00000000f1ab06c0
0x00007f11e916f870:   00007f11e916f870 00000000ca401511
0x00007f11e916f880:   00007f11e916f8c0 00000000ca9f1aa0
0x00007f11e916f890:   0000000000000000 00000000ca401530
0x00007f11e916f8a0:   00007f11e916f868 00007f11e916f8c0
0x00007f11e916f8b0:   00007f11e916f908 00007f11dd006158
0x00007f11e916f8c0:   00000000f1ab06c0 00007f11e916f8c8
0x00007f11e916f8d0:   00000000ca0addd9 00007f11e916f918
0x00007f11e916f8e0:   00000000ca140890 0000000000000000
0x00007f11e916f8f0:   00000000ca0ade28 00007f11e916f8c0 

Instructions: (pc=0x00007f11c959265a)
0x00007f11c959263a:   28 4c 8b 2d c6 26 25 00 48 8b 07 49 89 f4 49 8b
0x00007f11c959264a:   55 00 ff 90 28 03 00 00 48 85 c0 48 89 c5 74 2f
0x00007f11c959265a:   48 8b 00 48 8b 15 9c 23 25 00 4c 89 e6 48 89 ef
0x00007f11c959266a:   ff 50 70 48 8b 45 00 48 89 ef ff 50 18 48 89 c7 

Register to memory mapping:

RAX=0xffffffffffffffff is an unknown value
RBX=0x00007f11e00091d8 is an unknown value
RCX=0x0000000000000011 is an unknown value
RDX=0x0000000000000042 is an unknown value
RSP=0x00007f11e916f700 is pointing into the stack for thread: 0x00007f11e0009000
RBP=0xffffffffffffffff is an unknown value
RSI=0x00007f11e916f798 is pointing into the stack for thread: 0x00007f11e0009000
RDI=0x00007f11e00091d8 is an unknown value
R8 =0x00007f11dd005400 is an unknown value
R9 =0x00000000f1ab06c0 is an oop
vrpn.ButtonRemote 
 - klass: 'vrpn/ButtonRemote'
R10=0x000000000000000c is an unknown value
R11=0x00007f11e8315d94: <offset 0xcacd94> in /usr/lib/jvm/java-7-openjdk-amd64/jre/lib/amd64/server/libjvm.so at 0x00007f11e7669000
R12=0x00007f11e916f798 is pointing into the stack for thread: 0x00007f11e0009000
R13=0x00007f11c97e61e0: jfid_vrpn_VRPNDevice_native_device+0 in /home/jesus/Escritorio/libjava_vrpn.so at 0x00007f11c9561000
R14=0x00007f11e916f798 is pointing into the stack for thread: 0x00007f11e0009000
R15=0x00007f11e0009000 is a thread


Stack: [0x00007f11e9070000,0x00007f11e9171000],  sp=0x00007f11e916f700,  free space=1021k
Native frames: (J=compiled Java code, j=interpreted, Vv=VM code, C=native code)
C  [libjava_vrpn.so+0x3165a]  Java_vrpn_ButtonRemote_shutdownButton+0x3a

Java frames: (J=compiled Java code, j=interpreted, Vv=VM code)
j  vrpn.ButtonRemote.shutdownButton()V+0
j  vrpn.ButtonRemote.stoppedRunning()V+14
j  vrpn.VRPNDevice.stopRunning()V+30
j  vrpn.VRPNDevice.finalize()V+1
j  com.braim.utils.MainGui.entreno_cancelado()V+25
j  com.braim.utils.Server.<init>()V+496
j  com.braim.utils.MainGui.main([Ljava/lang/String;)V+29
v  ~StubRoutines::call_stub

---------------  P R O C E S S  ---------------

Java Threads: ( => current thread )
  0x00007f11e0070000 JavaThread "vrpn vrpn.ButtonRemote" [_thread_blocked, id=4338, stack(0x00007f11c9460000,0x00007f11c9561000)]
  0x00007f11e006f800 JavaThread "process reaper" daemon [_thread_blocked, id=4330, stack(0x00007f11c9337000,0x00007f11c935f000)]
  0x00007f11e02ae000 JavaThread "vrpn vrpn.ButtonRemote" [_thread_blocked, id=4311, stack(0x00007f11c935f000,0x00007f11c9460000)]
  0x00007f11e020e000 JavaThread "process reaper" daemon [_thread_in_native, id=4310, stack(0x00007f11c97e7000,0x00007f11c980f000)]
  0x00007f1190109800 JavaThread "TimerQueue" daemon [_thread_blocked, id=4260, stack(0x00007f11c980f000,0x00007f11c9910000)]
  0x00007f11e031e000 JavaThread "process reaper" daemon [_thread_in_native, id=4256, stack(0x00007f11d8012000,0x00007f11d803a000)]
  0x00007f11e0309000 JavaThread "AWT-EventQueue-0" [_thread_blocked, id=4254, stack(0x00007f11c9f77000,0x00007f11ca078000)]
  0x00007f11e0307800 JavaThread "AWT-Shutdown" [_thread_blocked, id=4253, stack(0x00007f11ca078000,0x00007f11ca179000)]
  0x00007f11e0302800 JavaThread "AWT-XAWT" daemon [_thread_in_native, id=4252, stack(0x00007f11ca179000,0x00007f11ca27a000)]
  0x00007f11e02d2000 JavaThread "Java2D Disposer" daemon [_thread_blocked, id=4251, stack(0x00007f11ca27a000,0x00007f11ca37b000)]
  0x00007f11e010f000 JavaThread "Service Thread" daemon [_thread_blocked, id=4249, stack(0x00007f11da506000,0x00007f11da607000)]
  0x00007f11e010c800 JavaThread "C2 CompilerThread1" daemon [_thread_blocked, id=4248, stack(0x00007f11da607000,0x00007f11da708000)]
  0x00007f11e0109800 JavaThread "C2 CompilerThread0" daemon [_thread_blocked, id=4247, stack(0x00007f11da708000,0x00007f11da809000)]
  0x00007f11e0107800 JavaThread "Signal Dispatcher" daemon [_thread_blocked, id=4246, stack(0x00007f11da809000,0x00007f11da90a000)]
  0x00007f11e00b2000 JavaThread "Finalizer" daemon [_thread_blocked, id=4244, stack(0x00007f11dafeb000,0x00007f11db0ec000)]
  0x00007f11e00af800 JavaThread "Reference Handler" daemon [_thread_blocked, id=4243, stack(0x00007f11db0ec000,0x00007f11db1ed000)]
=>0x00007f11e0009000 JavaThread "main" [_thread_in_native, id=4237, stack(0x00007f11e9070000,0x00007f11e9171000)]

Other Threads:
  0x00007f11e00a7000 VMThread [stack: 0x00007f11db1ed000,0x00007f11db2ee000] [id=4242]
  0x00007f11e0119800 WatcherThread [stack: 0x00007f11da405000,0x00007f11da506000] [id=4250]

VM state:not at safepoint (normal execution)

VM Mutex/Monitor currently owned by a thread: None

Heap
 PSYoungGen      total 13056K, used 5906K [0x00000000f16b0000, 0x00000000f2540000, 0x0000000100000000)
  eden space 11200K, 52% used [0x00000000f16b0000,0x00000000f1c749e0,0x00000000f21a0000)
  from space 1856K, 0% used [0x00000000f2370000,0x00000000f2370000,0x00000000f2540000)
  to   space 1856K, 0% used [0x00000000f21a0000,0x00000000f21a0000,0x00000000f2370000)
 ParOldGen       total 29888K, used 0K [0x00000000d4400000, 0x00000000d6130000, 0x00000000f16b0000)
  object space 29888K, 0% used [0x00000000d4400000,0x00000000d4400000,0x00000000d6130000)
 PSPermGen       total 21248K, used 12355K [0x00000000c9e00000, 0x00000000cb2c0000, 0x00000000d4400000)
  object space 21248K, 58% used [0x00000000c9e00000,0x00000000caa10f48,0x00000000cb2c0000)

Card table byte_map: [0x00007f11e5c17000,0x00007f11e5dc9000] byte_map_base: 0x00007f11e55c8000

Polling page: 0x00007f11e906f000

Code Cache  [0x00007f11dd000000, 0x00007f11dd270000, 0x00007f11e0000000)
 total_blobs=493 nmethods=34 adapters=412 free_code_cache=48574Kb largest_free_block=49720512

Compilation events (10 events):
Event: 85,370 Thread 0x00007f11e0109800   29             java.util.concurrent.locks.AbstractQueuedSynchronizer::compareAndSetState (13 bytes)
Event: 85,371 Thread 0x00007f11e0109800 nmethod 29 0x00007f11dd08fb90 code [0x00007f11dd08fcc0, 0x00007f11dd08fd18]
Event: 87,538 Thread 0x00007f11e010c800   30             java.util.concurrent.locks.AbstractQueuedSynchronizer::release (33 bytes)
Event: 87,545 Thread 0x00007f11e010c800 nmethod 30 0x00007f11dd08f6d0 code [0x00007f11dd08f820, 0x00007f11dd08fa08]
Event: 92,669 Thread 0x00007f11e0109800   31             java.util.concurrent.locks.ReentrantLock::unlock (10 bytes)
Event: 92,676 Thread 0x00007f11e0109800 nmethod 31 0x00007f11dd08f250 code [0x00007f11dd08f3a0, 0x00007f11dd08f528]
Event: 126,732 Thread 0x00007f11e0109800   33             java.util.concurrent.locks.ReentrantLock::lock (8 bytes)
Event: 126,732 Thread 0x00007f11e010c800   32             java.util.concurrent.locks.ReentrantLock$NonfairSync::lock (25 bytes)
Event: 126,737 Thread 0x00007f11e010c800 nmethod 32 0x00007f11dd094f10 code [0x00007f11dd095080, 0x00007f11dd0951e8]
Event: 126,738 Thread 0x00007f11e0109800 nmethod 33 0x00007f11dd089cd0 code [0x00007f11dd089e40, 0x00007f11dd089fc8]

GC Heap History (0 events):
No events

Deoptimization events (4 events):
Event: 3,690 Thread 0x00007f11e0309000 Uncommon trap -34 fr.pc 0x00007f11dd082a0c
Event: 3,696 Thread 0x00007f11e0309000 Uncommon trap -34 fr.pc 0x00007f11dd082a0c
Event: 3,709 Thread 0x00007f11e0309000 Uncommon trap -34 fr.pc 0x00007f11dd082a0c
Event: 3,713 Thread 0x00007f11e0309000 Uncommon trap -34 fr.pc 0x00007f11dd082a0c

Internal exceptions (10 events):
Event: 32,152 Thread 0x00007f11e0009000 Threw 0x00000000f1a8fc50 at /build/buildd/openjdk-7-7u15-2.3.7/build/openjdk/hotspot/src/share/vm/prims/jvm.cpp:1166
Event: 32,163 Thread 0x00007f11e0009000 Threw 0x00000000f1a93688 at /build/buildd/openjdk-7-7u15-2.3.7/build/openjdk/hotspot/src/share/vm/prims/jvm.cpp:1166
Event: 32,170 Thread 0x00007f11e0009000 Threw 0x00000000f1a9aae0 at /build/buildd/openjdk-7-7u15-2.3.7/build/openjdk/hotspot/src/share/vm/prims/jvm.cpp:1166
Event: 32,171 Thread 0x00007f11e0009000 Threw 0x00000000f1aa2458 at /build/buildd/openjdk-7-7u15-2.3.7/build/openjdk/hotspot/src/share/vm/prims/jvm.cpp:1166
Event: 32,173 Thread 0x00007f11e0009000 Threw 0x00000000f1aa4318 at /build/buildd/openjdk-7-7u15-2.3.7/build/openjdk/hotspot/src/share/vm/prims/jvm.cpp:1166
Event: 32,184 Thread 0x00007f11e0009000 Threw 0x00000000f1aa8680 at /build/buildd/openjdk-7-7u15-2.3.7/build/openjdk/hotspot/src/share/vm/prims/jvm.cpp:1166
Event: 32,186 Thread 0x00007f11e0009000 Threw 0x00000000f1aabef8 at /build/buildd/openjdk-7-7u15-2.3.7/build/openjdk/hotspot/src/share/vm/prims/jvm.cpp:1166
Event: 32,187 Thread 0x00007f11e0009000 Threw 0x00000000f1aae9b8 at /build/buildd/openjdk-7-7u15-2.3.7/build/openjdk/hotspot/src/share/vm/prims/jvm.cpp:1166
Event: 33,192 Thread 0x00007f11e0009000 Threw 0x00000000f1ab1a80 at /build/buildd/openjdk-7-7u15-2.3.7/build/openjdk/hotspot/src/share/vm/prims/jvm.cpp:1166
Event: 44,512 Thread 0x00007f11e0070800 Threw 0x00000000f1ae4e08 at /build/buildd/openjdk-7-7u15-2.3.7/build/openjdk/hotspot/src/share/vm/prims/jvm.cpp:1166

Events (10 events):
Event: 88,693 loading class 0x00007f11e030be50
Event: 88,693 loading class 0x00007f11e030be50 done
Event: 148,694 Executing VM operation: RevokeBias
Event: 148,694 Executing VM operation: RevokeBias done
Event: 148,694 Thread 0x00007f11e020e000 Thread exited: 0x00007f11e020e000
Event: 167,046 Thread 0x00007f11e020e000 Thread added: 0x00007f11e020e000
Event: 167,046 Thread 0x00007f11e02ae000 Thread added: 0x00007f11e02ae000
Event: 182,186 Thread 0x00007f11e0070800 Thread exited: 0x00007f11e0070800
Event: 182,187 Thread 0x00007f11e006f800 Thread added: 0x00007f11e006f800
Event: 185,801 Thread 0x00007f11e0070000 Thread added: 0x00007f11e0070000


Dynamic libraries:
00400000-00401000 r-xp 00000000 08:06 8392522                            /usr/lib/jvm/java-7-openjdk-amd64/jre/bin/java
00600000-00601000 r--p 00000000 08:06 8392522                            /usr/lib/jvm/java-7-openjdk-amd64/jre/bin/java
00601000-00602000 rw-p 00001000 08:06 8392522                            /usr/lib/jvm/java-7-openjdk-amd64/jre/bin/java
02493000-024b4000 rw-p 00000000 00:00 0                                  [heap]
c9e00000-cb2c0000 rw-p 00000000 00:00 0 
cb2c0000-d4400000 rw-p 00000000 00:00 0 
d4400000-d6130000 rw-p 00000000 00:00 0 
d6130000-f16b0000 rw-p 00000000 00:00 0 
f16b0000-f2540000 rw-p 00000000 00:00 0 
f2540000-100000000 rw-p 00000000 00:00 0 
7f1174000000-7f1174021000 rw-p 00000000 00:00 0 
7f1174021000-7f1178000000 ---p 00000000 00:00 0 
7f1178000000-7f1178021000 rw-p 00000000 00:00 0 
7f1178021000-7f117c000000 ---p 00000000 00:00 0 
7f117c000000-7f117c021000 rw-p 00000000 00:00 0 
7f117c021000-7f1180000000 ---p 00000000 00:00 0 
7f1180000000-7f1180021000 rw-p 00000000 00:00 0 
7f1180021000-7f1184000000 ---p 00000000 00:00 0 
7f1184000000-7f1184021000 rw-p 00000000 00:00 0 
7f1184021000-7f1188000000 ---p 00000000 00:00 0 
7f1188000000-7f1188021000 rw-p 00000000 00:00 0 
7f1188021000-7f118c000000 ---p 00000000 00:00 0 
7f118c000000-7f118c021000 rw-p 00000000 00:00 0 
7f118c021000-7f1190000000 ---p 00000000 00:00 0 
7f1190000000-7f1190302000 rw-p 00000000 00:00 0 
7f1190302000-7f1194000000 ---p 00000000 00:00 0 
7f1194000000-7f1194021000 rw-p 00000000 00:00 0 
7f1194021000-7f1198000000 ---p 00000000 00:00 0 
7f1198000000-7f1198021000 rw-p 00000000 00:00 0 
7f1198021000-7f119c000000 ---p 00000000 00:00 0 
7f119c000000-7f119c021000 rw-p 00000000 00:00 0 
7f119c021000-7f11a0000000 ---p 00000000 00:00 0 
7f11a0000000-7f11a0021000 rw-p 00000000 00:00 0 
7f11a0021000-7f11a4000000 ---p 00000000 00:00 0 
7f11a4000000-7f11a413c000 rw-p 00000000 00:00 0 
7f11a413c000-7f11a8000000 ---p 00000000 00:00 0 
7f11a8000000-7f11a8180000 rw-p 00000000 00:00 0 
7f11a8180000-7f11ac000000 ---p 00000000 00:00 0 
7f11ac000000-7f11ac021000 rw-p 00000000 00:00 0 
7f11ac021000-7f11b0000000 ---p 00000000 00:00 0 
7f11b0000000-7f11b0021000 rw-p 00000000 00:00 0 
7f11b0021000-7f11b4000000 ---p 00000000 00:00 0 
7f11b4000000-7f11b4021000 rw-p 00000000 00:00 0 
7f11b4021000-7f11b8000000 ---p 00000000 00:00 0 
7f11b8000000-7f11b8021000 rw-p 00000000 00:00 0 
7f11b8021000-7f11bc000000 ---p 00000000 00:00 0 
7f11bc000000-7f11bc021000 rw-p 00000000 00:00 0 
7f11bc021000-7f11c0000000 ---p 00000000 00:00 0 
7f11c4000000-7f11c4021000 rw-p 00000000 00:00 0 
7f11c4021000-7f11c8000000 ---p 00000000 00:00 0 
7f11c9337000-7f11c933a000 ---p 00000000 00:00 0 
7f11c933a000-7f11c935f000 rw-p 00000000 00:00 0                          [stack:4330]
7f11c935f000-7f11c9362000 ---p 00000000 00:00 0 
7f11c9362000-7f11c9460000 rw-p 00000000 00:00 0                          [stack:4311]
7f11c9460000-7f11c9463000 ---p 00000000 00:00 0 
7f11c9463000-7f11c9561000 rw-p 00000000 00:00 0                          [stack:4338]
7f11c9561000-7f11c95de000 r-xp 00000000 08:06 1324609                    /home/jesus/Escritorio/libjava_vrpn.so
7f11c95de000-7f11c97de000 ---p 0007d000 08:06 1324609                    /home/jesus/Escritorio/libjava_vrpn.so
7f11c97de000-7f11c97e5000 r--p 0007d000 08:06 1324609                    /home/jesus/Escritorio/libjava_vrpn.so
7f11c97e5000-7f11c97e7000 rw-p 00084000 08:06 1324609                    /home/jesus/Escritorio/libjava_vrpn.so
7f11c97e7000-7f11c97ea000 ---p 00000000 00:00 0 
7f11c97ea000-7f11c980f000 rw-p 00000000 00:00 0                          [stack:4310]
7f11c980f000-7f11c9812000 ---p 00000000 00:00 0 
7f11c9812000-7f11c9910000 rw-p 00000000 00:00 0                          [stack:4260]
7f11c9910000-7f11c994b000 r-xp 00000000 08:06 8392501                    /usr/lib/jvm/java-7-openjdk-amd64/jre/lib/amd64/libfontmanager.so
7f11c994b000-7f11c9b4b000 ---p 0003b000 08:06 8392501                    /usr/lib/jvm/java-7-openjdk-amd64/jre/lib/amd64/libfontmanager.so
7f11c9b4b000-7f11c9b4d000 r--p 0003b000 08:06 8392501                    /usr/lib/jvm/java-7-openjdk-amd64/jre/lib/amd64/libfontmanager.so
7f11c9b4d000-7f11c9b4e000 rw-p 0003d000 08:06 8392501                    /usr/lib/jvm/java-7-openjdk-amd64/jre/lib/amd64/libfontmanager.so
7f11c9b4e000-7f11c9b5e000 r-xp 00000000 08:06 8392489                    /usr/lib/jvm/java-7-openjdk-amd64/jre/lib/amd64/libnio.so
7f11c9b5e000-7f11c9d5e000 ---p 00010000 08:06 8392489                    /usr/lib/jvm/java-7-openjdk-amd64/jre/lib/amd64/libnio.so
7f11c9d5e000-7f11c9d5f000 r--p 00010000 08:06 8392489                    /usr/lib/jvm/java-7-openjdk-amd64/jre/lib/amd64/libnio.so
7f11c9d5f000-7f11c9d60000 rw-p 00011000 08:06 8392489                    /usr/lib/jvm/java-7-openjdk-amd64/jre/lib/amd64/libnio.so
7f11c9d60000-7f11c9d76000 r-xp 00000000 08:06 8392493                    /usr/lib/jvm/java-7-openjdk-amd64/jre/lib/amd64/libnet.so
7f11c9d76000-7f11c9f75000 ---p 00016000 08:06 8392493                    /usr/lib/jvm/java-7-openjdk-amd64/jre/lib/amd64/libnet.so
7f11c9f75000-7f11c9f76000 r--p 00015000 08:06 8392493                    /usr/lib/jvm/java-7-openjdk-amd64/jre/lib/amd64/libnet.so
7f11c9f76000-7f11c9f77000 rw-p 00016000 08:06 8392493                    /usr/lib/jvm/java-7-openjdk-amd64/jre/lib/amd64/libnet.so
7f11c9f77000-7f11c9f7a000 ---p 00000000 00:00 0 
7f11c9f7a000-7f11ca078000 rw-p 00000000 00:00 0                          [stack:4254]
7f11ca078000-7f11ca07b000 ---p 00000000 00:00 0 
7f11ca07b000-7f11ca179000 rw-p 00000000 00:00 0                          [stack:4253]
7f11ca179000-7f11ca17c000 ---p 00000000 00:00 0 
7f11ca17c000-7f11ca27a000 rw-p 00000000 00:00 0                          [stack:4252]
7f11ca27a000-7f11ca27d000 ---p 00000000 00:00 0 
7f11ca27d000-7f11ca37b000 rw-p 00000000 00:00 0                          [stack:4251]
7f11ca37b000-7f11ca37e000 r-xp 00000000 08:06 4984315                    /lib/x86_64-linux-gnu/libgpg-error.so.0.8.0
7f11ca37e000-7f11ca57d000 ---p 00003000 08:06 4984315                    /lib/x86_64-linux-gnu/libgpg-error.so.0.8.0
7f11ca57d000-7f11ca57e000 r--p 00002000 08:06 4984315                    /lib/x86_64-linux-gnu/libgpg-error.so.0.8.0
7f11ca57e000-7f11ca57f000 rw-p 00003000 08:06 4984315                    /lib/x86_64-linux-gnu/libgpg-error.so.0.8.0
7f11ca57f000-7f11ca581000 r-xp 00000000 08:06 4984322                    /lib/x86_64-linux-gnu/libkeyutils.so.1.4
7f11ca581000-7f11ca781000 ---p 00002000 08:06 4984322                    /lib/x86_64-linux-gnu/libkeyutils.so.1.4
7f11ca781000-7f11ca782000 r--p 00002000 08:06 4984322                    /lib/x86_64-linux-gnu/libkeyutils.so.1.4
7f11ca782000-7f11ca783000 rw-p 00003000 08:06 4984322                    /lib/x86_64-linux-gnu/libkeyutils.so.1.4
7f11ca783000-7f11ca7c6000 r-xp 00000000 08:06 4984296                    /lib/x86_64-linux-gnu/libdbus-1.so.3.7.2
7f11ca7c6000-7f11ca9c5000 ---p 00043000 08:06 4984296                    /lib/x86_64-linux-gnu/libdbus-1.so.3.7.2
7f11ca9c5000-7f11ca9c6000 r--p 00042000 08:06 4984296                    /lib/x86_64-linux-gnu/libdbus-1.so.3.7.2
7f11ca9c6000-7f11ca9c7000 rw-p 00043000 08:06 4984296                    /lib/x86_64-linux-gnu/libdbus-1.so.3.7.2
7f11ca9c7000-7f11ca9d9000 r-xp 00000000 08:06 7610167                    /usr/lib/x86_64-linux-gnu/libp11-kit.so.0.0.0
7f11ca9d9000-7f11cabd9000 ---p 00012000 08:06 7610167                    /usr/lib/x86_64-linux-gnu/libp11-kit.so.0.0.0
7f11cabd9000-7f11cabda000 r--p 00012000 08:06 7610167                    /usr/lib/x86_64-linux-gnu/libp11-kit.so.0.0.0
7f11cabda000-7f11cabdb000 rw-p 00013000 08:06 7610167                    /usr/lib/x86_64-linux-gnu/libp11-kit.so.0.0.0
7f11cabdb000-7f11cac55000 r-xp 00000000 08:06 4984311                    /lib/x86_64-linux-gnu/libgcrypt.so.11.7.0
7f11cac55000-7f11cae55000 ---p 0007a000 08:06 4984311                    /lib/x86_64-linux-gnu/libgcrypt.so.11.7.0
7f11cae55000-7f11cae56000 r--p 0007a000 08:06 4984311                    /lib/x86_64-linux-gnu/libgcrypt.so.11.7.0
7f11cae56000-7f11cae59000 rw-p 0007b000 08:06 4984311                    /lib/x86_64-linux-gnu/libgcrypt.so.11.7.0
7f11cae59000-7f11cae68000 r-xp 00000000 08:06 7610310                    /usr/lib/x86_64-linux-gnu/libtasn1.so.3.1.16
7f11cae68000-7f11cb068000 ---p 0000f000 08:06 7610310                    /usr/lib/x86_64-linux-gnu/libtasn1.so.3.1.16
7f11cb068000-7f11cb069000 r--p 0000f000 08:06 7610310                    /usr/lib/x86_64-linux-gnu/libtasn1.so.3.1.16
7f11cb069000-7f11cb06a000 rw-p 00010000 08:06 7610310                    /usr/lib/x86_64-linux-gnu/libtasn1.so.3.1.16
7f11cb06a000-7f11cb071000 r-xp 00000000 08:06 7610087                    /usr/lib/x86_64-linux-gnu/libkrb5support.so.0.1
7f11cb071000-7f11cb270000 ---p 00007000 08:06 7610087                    /usr/lib/x86_64-linux-gnu/libkrb5support.so.0.1
7f11cb270000-7f11cb271000 r--p 00006000 08:06 7610087                    /usr/lib/x86_64-linux-gnu/libkrb5support.so.0.1
7f11cb271000-7f11cb272000 rw-p 00007000 08:06 7610087                    /usr/lib/x86_64-linux-gnu/libkrb5support.so.0.1
7f11cb272000-7f11cb275000 r-xp 00000000 08:06 4984291                    /lib/x86_64-linux-gnu/libcom_err.so.2.1
7f11cb275000-7f11cb474000 ---p 00003000 08:06 4984291                    /lib/x86_64-linux-gnu/libcom_err.so.2.1
7f11cb474000-7f11cb475000 r--p 00002000 08:06 4984291                    /lib/x86_64-linux-gnu/libcom_err.so.2.1
7f11cb475000-7f11cb476000 rw-p 00003000 08:06 4984291                    /lib/x86_64-linux-gnu/libcom_err.so.2.1
7f11cb476000-7f11cb49c000 r-xp 00000000 08:06 7610079                    /usr/lib/x86_64-linux-gnu/libk5crypto.so.3.1
7f11cb49c000-7f11cb69c000 ---p 00026000 08:06 7610079                    /usr/lib/x86_64-linux-gnu/libk5crypto.so.3.1
7f11cb69c000-7f11cb69d000 r--p 00026000 08:06 7610079                    /usr/lib/x86_64-linux-gnu/libk5crypto.so.3.1
7f11cb69d000-7f11cb69e000 rw-p 00027000 08:06 7610079                    /usr/lib/x86_64-linux-gnu/libk5crypto.so.3.1
7f11cb69e000-7f11cb69f000 rw-p 00000000 00:00 0 
7f11cb69f000-7f11cb763000 r-xp 00000000 08:06 7610085                    /usr/lib/x86_64-linux-gnu/libkrb5.so.3.3
7f11cb763000-7f11cb962000 ---p 000c4000 08:06 7610085                    /usr/lib/x86_64-linux-gnu/libkrb5.so.3.3
7f11cb962000-7f11cb96c000 r--p 000c3000 08:06 7610085                    /usr/lib/x86_64-linux-gnu/libkrb5.so.3.3
7f11cb96c000-7f11cb96d000 rw-p 000cd000 08:06 7610085                    /usr/lib/x86_64-linux-gnu/libkrb5.so.3.3
7f11cb96d000-7f11cb975000 r-xp 00000000 08:06 7611292                    /usr/lib/x86_64-linux-gnu/libxcb-render.so.0.0.0
7f11cb975000-7f11cbb75000 ---p 00008000 08:06 7611292                    /usr/lib/x86_64-linux-gnu/libxcb-render.so.0.0.0
7f11cbb75000-7f11cbb76000 r--p 00008000 08:06 7611292                    /usr/lib/x86_64-linux-gnu/libxcb-render.so.0.0.0
7f11cbb76000-7f11cbb77000 rw-p 00009000 08:06 7611292                    /usr/lib/x86_64-linux-gnu/libxcb-render.so.0.0.0
7f11cbb77000-7f11cbb79000 r-xp 00000000 08:06 7611295                    /usr/lib/x86_64-linux-gnu/libxcb-shm.so.0.0.0
7f11cbb79000-7f11cbd78000 ---p 00002000 08:06 7611295                    /usr/lib/x86_64-linux-gnu/libxcb-shm.so.0.0.0
7f11cbd78000-7f11cbd79000 r--p 00001000 08:06 7611295                    /usr/lib/x86_64-linux-gnu/libxcb-shm.so.0.0.0
7f11cbd79000-7f11cbd7a000 rw-p 00002000 08:06 7611295                    /usr/lib/x86_64-linux-gnu/libxcb-shm.so.0.0.0
7f11cbd7a000-7f11cbdfa000 r-xp 00000000 08:06 7610197                    /usr/lib/x86_64-linux-gnu/libpixman-1.so.0.26.0
7f11cbdfa000-7f11cbff9000 ---p 00080000 08:06 7610197                    /usr/lib/x86_64-linux-gnu/libpixman-1.so.0.26.0
7f11cbff9000-7f11cbfff000 r--p 0007f000 08:06 7610197                    /usr/lib/x86_64-linux-gnu/libpixman-1.so.0.26.0
7f11cbfff000-7f11cc000000 rw-p 00085000 08:06 7610197                    /usr/lib/x86_64-linux-gnu/libpixman-1.so.0.26.0
7f11cc000000-7f11cc021000 rw-p 00000000 00:00 0 
7f11cc021000-7f11d0000000 ---p 00000000 00:00 0 
7f11d0004000-7f11d0035000 rw-p 00000000 00:00 0 
7f11d0035000-7f11d005a000 r-xp 00000000 08:06 4984375                    /lib/x86_64-linux-gnu/libpng12.so.0.49.0
7f11d005a000-7f11d0259000 ---p 00025000 08:06 4984375                    /lib/x86_64-linux-gnu/libpng12.so.0.49.0
7f11d0259000-7f11d025a000 r--p 00024000 08:06 4984375                    /lib/x86_64-linux-gnu/libpng12.so.0.49.0
7f11d025a000-7f11d025b000 rw-p 00025000 08:06 4984375                    /lib/x86_64-linux-gnu/libpng12.so.0.49.0
7f11d025b000-7f11d0260000 r-xp 00000000 08:06 7609654                    /usr/lib/x86_64-linux-gnu/libXdmcp.so.6.0.0
7f11d0260000-7f11d045f000 ---p 00005000 08:06 7609654                    /usr/lib/x86_64-linux-gnu/libXdmcp.so.6.0.0
7f11d045f000-7f11d0460000 r--p 00004000 08:06 7609654                    /usr/lib/x86_64-linux-gnu/libXdmcp.so.6.0.0
7f11d0460000-7f11d0461000 rw-p 00005000 08:06 7609654                    /usr/lib/x86_64-linux-gnu/libXdmcp.so.6.0.0
7f11d0461000-7f11d0463000 r-xp 00000000 08:06 7609643                    /usr/lib/x86_64-linux-gnu/libXau.so.6.0.0
7f11d0463000-7f11d0663000 ---p 00002000 08:06 7609643                    /usr/lib/x86_64-linux-gnu/libXau.so.6.0.0
7f11d0663000-7f11d0664000 r--p 00002000 08:06 7609643                    /usr/lib/x86_64-linux-gnu/libXau.so.6.0.0
7f11d0664000-7f11d0665000 rw-p 00003000 08:06 7609643                    /usr/lib/x86_64-linux-gnu/libXau.so.6.0.0
7f11d0665000-7f11d0674000 r-xp 00000000 08:06 7609724                    /usr/lib/x86_64-linux-gnu/libavahi-client.so.3.2.9
7f11d0674000-7f11d0874000 ---p 0000f000 08:06 7609724                    /usr/lib/x86_64-linux-gnu/libavahi-client.so.3.2.9
7f11d0874000-7f11d0875000 r--p 0000f000 08:06 7609724                    /usr/lib/x86_64-linux-gnu/libavahi-client.so.3.2.9
7f11d0875000-7f11d0876000 rw-p 00010000 08:06 7609724                    /usr/lib/x86_64-linux-gnu/libavahi-client.so.3.2.9
7f11d0876000-7f11d0881000 r-xp 00000000 08:06 7609726                    /usr/lib/x86_64-linux-gnu/libavahi-common.so.3.5.3
7f11d0881000-7f11d0a80000 ---p 0000b000 08:06 7609726                    /usr/lib/x86_64-linux-gnu/libavahi-common.so.3.5.3
7f11d0a80000-7f11d0a81000 r--p 0000a000 08:06 7609726                    /usr/lib/x86_64-linux-gnu/libavahi-common.so.3.5.3
7f11d0a81000-7f11d0a82000 rw-p 0000b000 08:06 7609726                    /usr/lib/x86_64-linux-gnu/libavahi-common.so.3.5.3
7f11d0a82000-7f11d0b36000 r-xp 00000000 08:06 7611610                    /usr/lib/x86_64-linux-gnu/libgnutls.so.26.21.8
7f11d0b36000-7f11d0d36000 ---p 000b4000 08:06 7611610                    /usr/lib/x86_64-linux-gnu/libgnutls.so.26.21.8
7f11d0d36000-7f11d0d3c000 r--p 000b4000 08:06 7611610                    /usr/lib/x86_64-linux-gnu/libgnutls.so.26.21.8
7f11d0d3c000-7f11d0d3d000 rw-p 000ba000 08:06 7611610                    /usr/lib/x86_64-linux-gnu/libgnutls.so.26.21.8
7f11d0d3d000-7f11d0d3e000 rw-p 00000000 00:00 0 
7f11d0d3e000-7f11d0d79000 r-xp 00000000 08:06 7609962                    /usr/lib/x86_64-linux-gnu/libgssapi_krb5.so.2.2
7f11d0d79000-7f11d0f79000 ---p 0003b000 08:06 7609962                    /usr/lib/x86_64-linux-gnu/libgssapi_krb5.so.2.2
7f11d0f79000-7f11d0f7a000 r--p 0003b000 08:06 7609962                    /usr/lib/x86_64-linux-gnu/libgssapi_krb5.so.2.2
7f11d0f7a000-7f11d0f7c000 rw-p 0003c000 08:06 7609962                    /usr/lib/x86_64-linux-gnu/libgssapi_krb5.so.2.2
7f11d0f7c000-7f11d0fb8000 r-xp 00000000 08:06 4984371                    /lib/x86_64-linux-gnu/libpcre.so.3.13.1
7f11d0fb8000-7f11d11b7000 ---p 0003c000 08:06 4984371                    /lib/x86_64-linux-gnu/libpcre.so.3.13.1
7f11d11b7000-7f11d11b8000 r--p 0003b000 08:06 4984371                    /lib/x86_64-linux-gnu/libpcre.so.3.13.1
7f11d11b8000-7f11d11b9000 rw-p 0003c000 08:06 4984371                    /lib/x86_64-linux-gnu/libpcre.so.3.13.1
7f11d11b9000-7f11d11c0000 r-xp 00000000 08:06 7609857                    /usr/lib/x86_64-linux-gnu/libffi.so.6.0.0
7f11d11c0000-7f11d13bf000 ---p 00007000 08:06 7609857                    /usr/lib/x86_64-linux-gnu/libffi.so.6.0.0
7f11d13bf000-7f11d13c0000 r--p 00006000 08:06 7609857                    /usr/lib/x86_64-linux-gnu/libffi.so.6.0.0
7f11d13c0000-7f11d13c1000 rw-p 00007000 08:06 7609857                    /usr/lib/x86_64-linux-gnu/libffi.so.6.0.0
7f11d13c1000-7f11d13e7000 r-xp 00000000 08:06 4984304                    /lib/x86_64-linux-gnu/libexpat.so.1.6.0
7f11d13e7000-7f11d15e7000 ---p 00026000 08:06 4984304                    /lib/x86_64-linux-gnu/libexpat.so.1.6.0
7f11d15e7000-7f11d15e9000 r--p 00026000 08:06 4984304                    /lib/x86_64-linux-gnu/libexpat.so.1.6.0
7f11d15e9000-7f11d15ea000 rw-p 00028000 08:06 4984304                    /lib/x86_64-linux-gnu/libexpat.so.1.6.0
7f11d15ea000-7f11d1680000 r-xp 00000000 08:06 7605936                    /usr/lib/x86_64-linux-gnu/libfreetype.so.6.9.0
7f11d1680000-7f11d187f000 ---p 00096000 08:06 7605936                    /usr/lib/x86_64-linux-gnu/libfreetype.so.6.9.0
7f11d187f000-7f11d1885000 r--p 00095000 08:06 7605936                    /usr/lib/x86_64-linux-gnu/libfreetype.so.6.9.0
7f11d1885000-7f11d1886000 rw-p 0009b000 08:06 7605936                    /usr/lib/x86_64-linux-gnu/libfreetype.so.6.9.0
7f11d1886000-7f11d189e000 r-xp 00000000 08:06 4988095                    /lib/x86_64-linux-gnu/libresolv-2.15.so
7f11d189e000-7f11d1a9e000 ---p 00018000 08:06 4988095                    /lib/x86_64-linux-gnu/libresolv-2.15.so
7f11d1a9e000-7f11d1a9f000 r--p 00018000 08:06 4988095                    /lib/x86_64-linux-gnu/libresolv-2.15.so
7f11d1a9f000-7f11d1aa0000 rw-p 00019000 08:06 4988095                    /lib/x86_64-linux-gnu/libresolv-2.15.so
7f11d1aa0000-7f11d1aa2000 rw-p 00000000 00:00 0 
7f11d1aa2000-7f11d1abf000 r-xp 00000000 08:06 4984390                    /lib/x86_64-linux-gnu/libselinux.so.1
7f11d1abf000-7f11d1cbe000 ---p 0001d000 08:06 4984390                    /lib/x86_64-linux-gnu/libselinux.so.1
7f11d1cbe000-7f11d1cbf000 r--p 0001c000 08:06 4984390                    /lib/x86_64-linux-gnu/libselinux.so.1
7f11d1cbf000-7f11d1cc0000 rw-p 0001d000 08:06 4984390                    /lib/x86_64-linux-gnu/libselinux.so.1
7f11d1cc0000-7f11d1cc1000 rw-p 00000000 00:00 0 
7f11d1cc1000-7f11d1cc4000 r-xp 00000000 08:06 7602558                    /usr/lib/x86_64-linux-gnu/libgmodule-2.0.so.0.3400.1
7f11d1cc4000-7f11d1ec3000 ---p 00003000 08:06 7602558                    /usr/lib/x86_64-linux-gnu/libgmodule-2.0.so.0.3400.1
7f11d1ec3000-7f11d1ec4000 r--p 00002000 08:06 7602558                    /usr/lib/x86_64-linux-gnu/libgmodule-2.0.so.0.3400.1
7f11d1ec4000-7f11d1ec5000 rw-p 00003000 08:06 7602558                    /usr/lib/x86_64-linux-gnu/libgmodule-2.0.so.0.3400.1
7f11d1ec5000-7f11d1ec7000 r-xp 00000000 08:06 7609652                    /usr/lib/x86_64-linux-gnu/libXdamage.so.1.1.0
7f11d1ec7000-7f11d20c6000 ---p 00002000 08:06 7609652                    /usr/lib/x86_64-linux-gnu/libXdamage.so.1.1.0
7f11d20c6000-7f11d20c7000 r--p 00001000 08:06 7609652                    /usr/lib/x86_64-linux-gnu/libXdamage.so.1.1.0
7f11d20c7000-7f11d20c8000 rw-p 00002000 08:06 7609652                    /usr/lib/x86_64-linux-gnu/libXdamage.so.1.1.0
7f11d20c8000-7f11d20ca000 r-xp 00000000 08:06 7609648                    /usr/lib/x86_64-linux-gnu/libXcomposite.so.1.0.0
7f11d20ca000-7f11d22c9000 ---p 00002000 08:06 7609648                    /usr/lib/x86_64-linux-gnu/libXcomposite.so.1.0.0
7f11d22c9000-7f11d22ca000 r--p 00001000 08:06 7609648                    /usr/lib/x86_64-linux-gnu/libXcomposite.so.1.0.0
7f11d22ca000-7f11d22cb000 rw-p 00002000 08:06 7609648                    /usr/lib/x86_64-linux-gnu/libXcomposite.so.1.0.0
7f11d22cb000-7f11d22d4000 r-xp 00000000 08:06 7609675                    /usr/lib/x86_64-linux-gnu/libXcursor.so.1.0.2
7f11d22d4000-7f11d24d4000 ---p 00009000 08:06 7609675                    /usr/lib/x86_64-linux-gnu/libXcursor.so.1.0.2
7f11d24d4000-7f11d24d5000 r--p 00009000 08:06 7609675                    /usr/lib/x86_64-linux-gnu/libXcursor.so.1.0.2
7f11d24d5000-7f11d24d6000 rw-p 0000a000 08:06 7609675                    /usr/lib/x86_64-linux-gnu/libXcursor.so.1.0.2
7f11d24d6000-7f11d24df000 r-xp 00000000 08:06 7627007                    /usr/lib/x86_64-linux-gnu/libXrandr.so.2.2.0
7f11d24df000-7f11d26de000 ---p 00009000 08:06 7627007                    /usr/lib/x86_64-linux-gnu/libXrandr.so.2.2.0
7f11d26de000-7f11d26df000 r--p 00008000 08:06 7627007                    /usr/lib/x86_64-linux-gnu/libXrandr.so.2.2.0
7f11d26df000-7f11d26e0000 rw-p 00009000 08:06 7627007                    /usr/lib/x86_64-linux-gnu/libXrandr.so.2.2.0
7f11d26e0000-7f11d26e2000 r-xp 00000000 08:06 7611299                    /usr/lib/x86_64-linux-gnu/libXinerama.so.1.0.0
7f11d26e2000-7f11d28e1000 ---p 00002000 08:06 7611299                    /usr/lib/x86_64-linux-gnu/libXinerama.so.1.0.0
7f11d28e1000-7f11d28e2000 r--p 00001000 08:06 7611299                    /usr/lib/x86_64-linux-gnu/libXinerama.so.1.0.0
7f11d28e2000-7f11d28e3000 rw-p 00002000 08:06 7611299                    /usr/lib/x86_64-linux-gnu/libXinerama.so.1.0.0
7f11d28e3000-7f11d290d000 r-xp 00000000 08:06 7610179                    /usr/lib/x86_64-linux-gnu/libpangoft2-1.0.so.0.3000.1
7f11d290d000-7f11d2b0c000 ---p 0002a000 08:06 7610179                    /usr/lib/x86_64-linux-gnu/libpangoft2-1.0.so.0.3000.1
7f11d2b0c000-7f11d2b0d000 r--p 00029000 08:06 7610179                    /usr/lib/x86_64-linux-gnu/libpangoft2-1.0.so.0.3000.1
7f11d2b0d000-7f11d2b0e000 rw-p 0002a000 08:06 7610179                    /usr/lib/x86_64-linux-gnu/libpangoft2-1.0.so.0.3000.1
7f11d2b0e000-7f11d2c00000 r-xp 00000000 08:06 7612299                    /usr/lib/x86_64-linux-gnu/libcairo.so.2.11200.2
7f11d2c00000-7f11d2e00000 ---p 000f2000 08:06 7612299                    /usr/lib/x86_64-linux-gnu/libcairo.so.2.11200.2
7f11d2e00000-7f11d2e03000 r--p 000f2000 08:06 7612299                    /usr/lib/x86_64-linux-gnu/libcairo.so.2.11200.2
7f11d2e03000-7f11d2e04000 rw-p 000f5000 08:06 7612299                    /usr/lib/x86_64-linux-gnu/libcairo.so.2.11200.2
7f11d2e04000-7f11d2e06000 rw-p 00000000 00:00 0 
7f11d2e06000-7f11d2e25000 r-xp 00000000 08:06 7609714                    /usr/lib/x86_64-linux-gnu/libatk-1.0.so.0.20609.1
7f11d2e25000-7f11d3025000 ---p 0001f000 08:06 7609714                    /usr/lib/x86_64-linux-gnu/libatk-1.0.so.0.20609.1
7f11d3025000-7f11d3027000 r--p 0001f000 08:06 7609714                    /usr/lib/x86_64-linux-gnu/libatk-1.0.so.0.20609.1
7f11d3027000-7f11d3028000 rw-p 00021000 08:06 7609714                    /usr/lib/x86_64-linux-gnu/libatk-1.0.so.0.20609.1
7f11d3028000-7f11d302d000 r-xp 00000000 08:06 7612716                    /usr/lib/x86_64-linux-gnu/libXfixes.so.3.1.0
7f11d302d000-7f11d322c000 ---p 00005000 08:06 7612716                    /usr/lib/x86_64-linux-gnu/libXfixes.so.3.1.0
7f11d322c000-7f11d322d000 r--p 00004000 08:06 7612716                    /usr/lib/x86_64-linux-gnu/libXfixes.so.3.1.0
7f11d322d000-7f11d322e000 rw-p 00005000 08:06 7612716                    /usr/lib/x86_64-linux-gnu/libXfixes.so.3.1.0
7f11d322e000-7f11d3239000 r-xp 00000000 08:06 7610177                    /usr/lib/x86_64-linux-gnu/libpangocairo-1.0.so.0.3000.1
7f11d3239000-7f11d3438000 ---p 0000b000 08:06 7610177                    /usr/lib/x86_64-linux-gnu/libpangocairo-1.0.so.0.3000.1
7f11d3438000-7f11d3439000 r--p 0000a000 08:06 7610177                    /usr/lib/x86_64-linux-gnu/libpangocairo-1.0.so.0.3000.1
7f11d3439000-7f11d343a000 rw-p 0000b000 08:06 7610177                    /usr/lib/x86_64-linux-gnu/libpangocairo-1.0.so.0.3000.1
7f11d343a000-7f11d3457000 r-xp 00000000 08:06 7610396                    /usr/lib/x86_64-linux-gnu/libxcb.so.1.1.0
7f11d3457000-7f11d3656000 ---p 0001d000 08:06 7610396                    /usr/lib/x86_64-linux-gnu/libxcb.so.1.1.0
7f11d3656000-7f11d3657000 r--p 0001c000 08:06 7610396                    /usr/lib/x86_64-linux-gnu/libxcb.so.1.1.0
7f11d3657000-7f11d3658000 rw-p 0001d000 08:06 7610396                    /usr/lib/x86_64-linux-gnu/libxcb.so.1.1.0
7f11d3658000-7f11d36b3000 r-xp 00000000 08:06 7602835                    /usr/lib/x86_64-linux-gnu/libcups.so.2
7f11d36b3000-7f11d38b2000 ---p 0005b000 08:06 7602835                    /usr/lib/x86_64-linux-gnu/libcups.so.2
7f11d38b2000-7f11d38b7000 r--p 0005a000 08:06 7602835                    /usr/lib/x86_64-linux-gnu/libcups.so.2
7f11d38b7000-7f11d38b8000 rw-p 0005f000 08:06 7602835                    /usr/lib/x86_64-linux-gnu/libcups.so.2
7f11d38b8000-7f11d39ad000 r-xp 00000000 08:06 4984547                    /lib/x86_64-linux-gnu/libglib-2.0.so.0.3400.1
7f11d39ad000-7f11d3bac000 ---p 000f5000 08:06 4984547                    /lib/x86_64-linux-gnu/libglib-2.0.so.0.3400.1
7f11d3bac000-7f11d3bad000 r--p 000f4000 08:06 4984547                    /lib/x86_64-linux-gnu/libglib-2.0.so.0.3400.1
7f11d3bad000-7f11d3bae000 rw-p 000f5000 08:06 4984547                    /lib/x86_64-linux-gnu/libglib-2.0.so.0.3400.1
7f11d3bae000-7f11d3baf000 rw-p 00000000 00:00 0 
7f11d3baf000-7f11d3bb0000 r-xp 00000000 08:06 7602563                    /usr/lib/x86_64-linux-gnu/libgthread-2.0.so.0.3400.1
7f11d3bb0000-7f11d3daf000 ---p 00001000 08:06 7602563                    /usr/lib/x86_64-linux-gnu/libgthread-2.0.so.0.3400.1
7f11d3daf000-7f11d3db0000 r--p 00000000 08:06 7602563                    /usr/lib/x86_64-linux-gnu/libgthread-2.0.so.0.3400.1
7f11d3db0000-7f11d3db1000 rw-p 00001000 08:06 7602563                    /usr/lib/x86_64-linux-gnu/libgthread-2.0.so.0.3400.1
7f11d3db1000-7f11d3dfe000 r-xp 00000000 08:06 7602539                    /usr/lib/x86_64-linux-gnu/libgobject-2.0.so.0.3400.1
7f11d3dfe000-7f11d3ffe000 ---p 0004d000 08:06 7602539                    /usr/lib/x86_64-linux-gnu/libgobject-2.0.so.0.3400.1
7f11d3ffe000-7f11d3fff000 r--p 0004d000 08:06 7602539                    /usr/lib/x86_64-linux-gnu/libgobject-2.0.so.0.3400.1
7f11d3fff000-7f11d4000000 rw-p 0004e000 08:06 7602539                    /usr/lib/x86_64-linux-gnu/libgobject-2.0.so.0.3400.1
7f11d4000000-7f11d4021000 rw-p 00000000 00:00 0 
7f11d4021000-7f11d8000000 ---p 00000000 00:00 0 
7f11d8012000-7f11d8015000 ---p 00000000 00:00 0 
7f11d8015000-7f11d803a000 rw-p 00000000 00:00 0                          [stack:4256]
7f11d803a000-7f11d8071000 r-xp 00000000 08:06 7609859                    /usr/lib/x86_64-linux-gnu/libfontconfig.so.1.6.2
7f11d8071000-7f11d8271000 ---p 00037000 08:06 7609859                    /usr/lib/x86_64-linux-gnu/libfontconfig.so.1.6.2
7f11d8271000-7f11d8272000 r--p 00037000 08:06 7609859                    /usr/lib/x86_64-linux-gnu/libfontconfig.so.1.6.2
7f11d8272000-7f11d8273000 rw-p 00038000 08:06 7609859                    /usr/lib/x86_64-linux-gnu/libfontconfig.so.1.6.2
7f11d8273000-7f11d8274000 rw-p 00000000 00:00 0 
7f11d8274000-7f11d82bb000 r-xp 00000000 08:06 7610175                    /usr/lib/x86_64-linux-gnu/libpango-1.0.so.0.3000.1
7f11d82bb000-7f11d84ba000 ---p 00047000 08:06 7610175                    /usr/lib/x86_64-linux-gnu/libpango-1.0.so.0.3000.1
7f11d84ba000-7f11d84bc000 r--p 00046000 08:06 7610175                    /usr/lib/x86_64-linux-gnu/libpango-1.0.so.0.3000.1
7f11d84bc000-7f11d84bd000 rw-p 00048000 08:06 7610175                    /usr/lib/x86_64-linux-gnu/libpango-1.0.so.0.3000.1
7f11d84bd000-7f11d84db000 r-xp 00000000 08:06 7609908                    /usr/lib/x86_64-linux-gnu/libgdk_pixbuf-2.0.so.0.2600.4
7f11d84db000-7f11d86da000 ---p 0001e000 08:06 7609908                    /usr/lib/x86_64-linux-gnu/libgdk_pixbuf-2.0.so.0.2600.4
7f11d86da000-7f11d86db000 r--p 0001d000 08:06 7609908                    /usr/lib/x86_64-linux-gnu/libgdk_pixbuf-2.0.so.0.2600.4
7f11d86db000-7f11d86dc000 rw-p 0001e000 08:06 7609908                    /usr/lib/x86_64-linux-gnu/libgdk_pixbuf-2.0.so.0.2600.4
7f11d86dc000-7f11d882a000 r-xp 00000000 08:06 7602564                    /usr/lib/x86_64-linux-gnu/libgio-2.0.so.0.3400.1
7f11d882a000-7f11d8a29000 ---p 0014e000 08:06 7602564                    /usr/lib/x86_64-linux-gnu/libgio-2.0.so.0.3400.1
7f11d8a29000-7f11d8a2d000 r--p 0014d000 08:06 7602564                    /usr/lib/x86_64-linux-gnu/libgio-2.0.so.0.3400.1
7f11d8a2d000-7f11d8a2f000 rw-p 00151000 08:06 7602564                    /usr/lib/x86_64-linux-gnu/libgio-2.0.so.0.3400.1
7f11d8a2f000-7f11d8a31000 rw-p 00000000 00:00 0 
7f11d8a31000-7f11d8ade000 r-xp 00000000 08:06 7609906                    /usr/lib/x86_64-linux-gnu/libgdk-x11-2.0.so.0.2400.13
7f11d8ade000-7f11d8cdd000 ---p 000ad000 08:06 7609906                    /usr/lib/x86_64-linux-gnu/libgdk-x11-2.0.so.0.2400.13
7f11d8cdd000-7f11d8ce1000 r--p 000ac000 08:06 7609906                    /usr/lib/x86_64-linux-gnu/libgdk-x11-2.0.so.0.2400.13
7f11d8ce1000-7f11d8ce3000 rw-p 000b0000 08:06 7609906                    /usr/lib/x86_64-linux-gnu/libgdk-x11-2.0.so.0.2400.13
7f11d8ce3000-7f11d9110000 r-xp 00000000 08:06 7610010                    /usr/lib/x86_64-linux-gnu/libgtk-x11-2.0.so.0.2400.13
7f11d9110000-7f11d930f000 ---p 0042d000 08:06 7610010                    /usr/lib/x86_64-linux-gnu/libgtk-x11-2.0.so.0.2400.13
7f11d930f000-7f11d9316000 r--p 0042c000 08:06 7610010                    /usr/lib/x86_64-linux-gnu/libgtk-x11-2.0.so.0.2400.13
7f11d9316000-7f11d931a000 rw-p 00433000 08:06 7610010                    /usr/lib/x86_64-linux-gnu/libgtk-x11-2.0.so.0.2400.13
7f11d931a000-7f11d931c000 rw-p 00000000 00:00 0 
7f11d931c000-7f11d932a000 r-xp 00000000 08:06 7611199                    /usr/lib/x86_64-linux-gnu/libXi.so.6.1.0
7f11d932a000-7f11d9529000 ---p 0000e000 08:06 7611199                    /usr/lib/x86_64-linux-gnu/libXi.so.6.1.0
7f11d9529000-7f11d952a000 r--p 0000d000 08:06 7611199                    /usr/lib/x86_64-linux-gnu/libXi.so.6.1.0
7f11d952a000-7f11d952b000 rw-p 0000e000 08:06 7611199                    /usr/lib/x86_64-linux-gnu/libXi.so.6.1.0
7f11d952b000-7f11d9530000 r-xp 00000000 08:06 7611202                    /usr/lib/x86_64-linux-gnu/libXtst.so.6.1.0
7f11d9530000-7f11d972f000 ---p 00005000 08:06 7611202                    /usr/lib/x86_64-linux-gnu/libXtst.so.6.1.0
7f11d972f000-7f11d9730000 r--p 00004000 08:06 7611202                    /usr/lib/x86_64-linux-gnu/libXtst.so.6.1.0
7f11d9730000-7f11d9731000 rw-p 00005000 08:06 7611202                    /usr/lib/x86_64-linux-gnu/libXtst.so.6.1.0
7f11d9731000-7f11d973a000 r-xp 00000000 08:06 7611818                    /usr/lib/x86_64-linux-gnu/libXrender.so.1.3.0
7f11d973a000-7f11d9939000 ---p 00009000 08:06 7611818                    /usr/lib/x86_64-linux-gnu/libXrender.so.1.3.0
7f11d9939000-7f11d993a000 r--p 00008000 08:06 7611818                    /usr/lib/x86_64-linux-gnu/libXrender.so.1.3.0
7f11d993a000-7f11d993b000 rw-p 00009000 08:06 7611818                    /usr/lib/x86_64-linux-gnu/libXrender.so.1.3.0
7f11d993b000-7f11d9a6f000 r-xp 00000000 08:06 7611193                    /usr/lib/x86_64-linux-gnu/libX11.so.6.3.0
7f11d9a6f000-7f11d9c6f000 ---p 00134000 08:06 7611193                    /usr/lib/x86_64-linux-gnu/libX11.so.6.3.0
7f11d9c6f000-7f11d9c70000 r--p 00134000 08:06 7611193                    /usr/lib/x86_64-linux-gnu/libX11.so.6.3.0
7f11d9c70000-7f11d9c75000 rw-p 00135000 08:06 7611193                    /usr/lib/x86_64-linux-gnu/libX11.so.6.3.0
7f11d9c75000-7f11d9c86000 r-xp 00000000 08:06 7611196                    /usr/lib/x86_64-linux-gnu/libXext.so.6.4.0
7f11d9c86000-7f11d9e85000 ---p 00011000 08:06 7611196                    /usr/lib/x86_64-linux-gnu/libXext.so.6.4.0
7f11d9e85000-7f11d9e86000 r--p 00010000 08:06 7611196                    /usr/lib/x86_64-linux-gnu/libXext.so.6.4.0
7f11d9e86000-7f11d9e87000 rw-p 00011000 08:06 7611196                    /usr/lib/x86_64-linux-gnu/libXext.so.6.4.0
7f11d9ea8000-7f11d9efa000 r-xp 00000000 08:06 8659515                    /usr/lib/jvm/java-7-openjdk-amd64/jre/lib/amd64/xawt/libmawt.so
7f11d9efa000-7f11da0fa000 ---p 00052000 08:06 8659515                    /usr/lib/jvm/java-7-openjdk-amd64/jre/lib/amd64/xawt/libmawt.so
7f11da0fa000-7f11da0fb000 r--p 00052000 08:06 8659515                    /usr/lib/jvm/java-7-openjdk-amd64/jre/lib/amd64/xawt/libmawt.so
7f11da0fb000-7f11da0fe000 rw-p 00053000 08:06 8659515                    /usr/lib/jvm/java-7-openjdk-amd64/jre/lib/amd64/xawt/libmawt.so
7f11da0fe000-7f11da0ff000 rw-p 00000000 00:00 0 
7f11da0ff000-7f11da1a0000 r-xp 00000000 08:06 8392505                    /usr/lib/jvm/java-7-openjdk-amd64/jre/lib/amd64/libawt.so
7f11da1a0000-7f11da39f000 ---p 000a1000 08:06 8392505                    /usr/lib/jvm/java-7-openjdk-amd64/jre/lib/amd64/libawt.so
7f11da39f000-7f11da3a0000 r--p 000a0000 08:06 8392505                    /usr/lib/jvm/java-7-openjdk-amd64/jre/lib/amd64/libawt.so
7f11da3a0000-7f11da3ab000 rw-p 000a1000 08:06 8392505                    /usr/lib/jvm/java-7-openjdk-amd64/jre/lib/amd64/libawt.so
7f11da3ab000-7f11da3d0000 rw-p 00000000 00:00 0 
7f11da3d0000-7f11da3db000 r--s 001fb000 08:06 8257821                    /usr/lib/jvm/java-7-openjdk-common/jre/lib/charsets.jar
7f11da3db000-7f11da3e4000 r--s 000bc000 08:06 8257822                    /usr/lib/jvm/java-7-openjdk-common/jre/lib/resources.jar
7f11da3e4000-7f11da3e8000 r--s 000e4000 08:06 3801899                    /home/jesus/EmotivResearch_1.0.0.5/doc/examples_Java/lib/jna.jar
7f11da3e8000-7f11da3f3000 r--s 001fb000 08:06 8257821                    /usr/lib/jvm/java-7-openjdk-common/jre/lib/charsets.jar
7f11da3f3000-7f11da3f5000 r--s 00012000 08:06 8258120                    /usr/lib/jvm/java-7-openjdk-common/jre/lib/ext/zipfs.jar
7f11da3f5000-7f11da3f8000 r--s 0000f000 08:06 8258062                    /usr/lib/jvm/java-7-openjdk-common/jre/lib/ext/pulse-java.jar
7f11da3f8000-7f11da3fb000 r--s 00032000 08:06 8257959                    /usr/lib/jvm/java-7-openjdk-common/jre/lib/ext/sunjce_provider.jar
7f11da3fb000-7f11da3ff000 r--s 00085000 08:06 8257946                    /usr/lib/jvm/java-7-openjdk-common/jre/lib/ext/localedata.jar
7f11da3ff000-7f11da401000 r--s 00006000 08:06 8001958                    /usr/share/java/java-atk-wrapper.jar
7f11da401000-7f11da402000 r--s 00002000 08:06 8258114                    /usr/lib/jvm/java-7-openjdk-common/jre/lib/ext/dnsns.jar
7f11da402000-7f11da405000 r--s 0003c000 08:06 8257936                    /usr/lib/jvm/java-7-openjdk-common/jre/lib/ext/sunpkcs11.jar
7f11da405000-7f11da406000 ---p 00000000 00:00 0 
7f11da406000-7f11da506000 rw-p 00000000 00:00 0                          [stack:4250]
7f11da506000-7f11da509000 ---p 00000000 00:00 0 
7f11da509000-7f11da607000 rw-p 00000000 00:00 0                          [stack:4249]
7f11da607000-7f11da60a000 ---p 00000000 00:00 0 
7f11da60a000-7f11da708000 rw-p 00000000 00:00 0                          [stack:4248]
7f11da708000-7f11da70b000 ---p 00000000 00:00 0 
7f11da70b000-7f11da809000 rw-p 00000000 00:00 0                          [stack:4247]
7f11da809000-7f11da80c000 ---p 00000000 00:00 0 
7f11da80c000-7f11da90a000 rw-p 00000000 00:00 0                          [stack:4246]
7f11da90a000-7f11dafeb000 r--p 00000000 08:06 7608773                    /usr/lib/locale/locale-archive
7f11dafeb000-7f11dafee000 ---p 00000000 00:00 0 
7f11dafee000-7f11db0ec000 rw-p 00000000 00:00 0                          [stack:4244]
7f11db0ec000-7f11db0ef000 ---p 00000000 00:00 0 
7f11db0ef000-7f11db1ed000 rw-p 00000000 00:00 0                          [stack:4243]
7f11db1ed000-7f11db1ee000 ---p 00000000 00:00 0 
7f11db1ee000-7f11dd000000 rw-p 00000000 00:00 0                          [stack:4242]
7f11dd000000-7f11dd270000 rwxp 00000000 00:00 0 
7f11dd270000-7f11e03a1000 rw-p 00000000 00:00 0 
7f11e03a1000-7f11e4000000 ---p 00000000 00:00 0 
7f11e4023000-7f11e4048000 r--p 00000000 08:06 8524895                    /usr/share/locale-langpack/es/LC_MESSAGES/libc.mo
7f11e4048000-7f11e4e66000 rw-p 00000000 00:00 0 
7f11e4e66000-7f11e5012000 r--s 01cdd000 08:06 8392475                    /usr/lib/jvm/java-7-openjdk-amd64/jre/lib/rt.jar
7f11e5012000-7f11e56d6000 rw-p 00000000 00:00 0 
7f11e56d6000-7f11e56d7000 ---p 00000000 00:00 0 
7f11e56d7000-7f11e57d7000 rw-p 00000000 00:00 0                          [stack:4241]
7f11e57d7000-7f11e57d8000 ---p 00000000 00:00 0 
7f11e57d8000-7f11e58d8000 rw-p 00000000 00:00 0                          [stack:4240]
7f11e58d8000-7f11e58d9000 ---p 00000000 00:00 0 
7f11e58d9000-7f11e59d9000 rw-p 00000000 00:00 0                          [stack:4239]
7f11e59d9000-7f11e59da000 ---p 00000000 00:00 0 
7f11e59da000-7f11e5ae5000 rw-p 00000000 00:00 0                          [stack:4238]
7f11e5ae5000-7f11e5b2d000 rw-p 00000000 00:00 0 
7f11e5b2d000-7f11e5b3c000 rw-p 00000000 00:00 0 
7f11e5b3c000-7f11e5c17000 rw-p 00000000 00:00 0 
7f11e5c17000-7f11e5c22000 rw-p 00000000 00:00 0 
7f11e5c22000-7f11e5c6a000 rw-p 00000000 00:00 0 
7f11e5c6a000-7f11e5c79000 rw-p 00000000 00:00 0 
7f11e5c79000-7f11e5d53000 rw-p 00000000 00:00 0 
7f11e5d53000-7f11e5d5b000 rw-p 00000000 00:00 0 
7f11e5d5b000-7f11e5dc8000 rw-p 00000000 00:00 0 
7f11e5dc8000-7f11e5dc9000 rw-p 00000000 00:00 0 
7f11e5dc9000-7f11e5dd1000 r-xp 00000000 08:06 8392520                    /usr/lib/jvm/java-7-openjdk-amd64/jre/lib/amd64/libzip.so
7f11e5dd1000-7f11e5fd0000 ---p 00008000 08:06 8392520                    /usr/lib/jvm/java-7-openjdk-amd64/jre/lib/amd64/libzip.so
7f11e5fd0000-7f11e5fd1000 r--p 00007000 08:06 8392520                    /usr/lib/jvm/java-7-openjdk-amd64/jre/lib/amd64/libzip.so
7f11e5fd1000-7f11e5fd2000 rw-p 00008000 08:06 8392520                    /usr/lib/jvm/java-7-openjdk-amd64/jre/lib/amd64/libzip.so
7f11e5fd2000-7f11e5fde000 r-xp 00000000 08:06 4988036                    /lib/x86_64-linux-gnu/libnss_files-2.15.so
7f11e5fde000-7f11e61dd000 ---p 0000c000 08:06 4988036                    /lib/x86_64-linux-gnu/libnss_files-2.15.so
7f11e61dd000-7f11e61de000 r--p 0000b000 08:06 4988036                    /lib/x86_64-linux-gnu/libnss_files-2.15.so
7f11e61de000-7f11e61df000 rw-p 0000c000 08:06 4988036                    /lib/x86_64-linux-gnu/libnss_files-2.15.so
7f11e61df000-7f11e61e9000 r-xp 00000000 08:06 4987958                    /lib/x86_64-linux-gnu/libnss_nis-2.15.so
7f11e61e9000-7f11e63e9000 ---p 0000a000 08:06 4987958                    /lib/x86_64-linux-gnu/libnss_nis-2.15.so
7f11e63e9000-7f11e63ea000 r--p 0000a000 08:06 4987958                    /lib/x86_64-linux-gnu/libnss_nis-2.15.so
7f11e63ea000-7f11e63eb000 rw-p 0000b000 08:06 4987958                    /lib/x86_64-linux-gnu/libnss_nis-2.15.so
7f11e63eb000-7f11e6402000 r-xp 00000000 08:06 4988113                    /lib/x86_64-linux-gnu/libnsl-2.15.so
7f11e6402000-7f11e6601000 ---p 00017000 08:06 4988113                    /lib/x86_64-linux-gnu/libnsl-2.15.so
7f11e6601000-7f11e6602000 r--p 00016000 08:06 4988113                    /lib/x86_64-linux-gnu/libnsl-2.15.so
7f11e6602000-7f11e6603000 rw-p 00017000 08:06 4988113                    /lib/x86_64-linux-gnu/libnsl-2.15.so
7f11e6603000-7f11e6605000 rw-p 00000000 00:00 0 
7f11e6605000-7f11e660d000 r-xp 00000000 08:06 4988198                    /lib/x86_64-linux-gnu/libnss_compat-2.15.so
7f11e660d000-7f11e680c000 ---p 00008000 08:06 4988198                    /lib/x86_64-linux-gnu/libnss_compat-2.15.so
7f11e680c000-7f11e680d000 r--p 00007000 08:06 4988198                    /lib/x86_64-linux-gnu/libnss_compat-2.15.so
7f11e680d000-7f11e680e000 rw-p 00008000 08:06 4988198                    /lib/x86_64-linux-gnu/libnss_compat-2.15.so
7f11e680e000-7f11e6839000 r-xp 00000000 08:06 8392504                    /usr/lib/jvm/java-7-openjdk-amd64/jre/lib/amd64/libjava.so
7f11e6839000-7f11e6a38000 ---p 0002b000 08:06 8392504                    /usr/lib/jvm/java-7-openjdk-amd64/jre/lib/amd64/libjava.so
7f11e6a38000-7f11e6a39000 r--p 0002a000 08:06 8392504                    /usr/lib/jvm/java-7-openjdk-amd64/jre/lib/amd64/libjava.so
7f11e6a39000-7f11e6a3b000 rw-p 0002b000 08:06 8392504                    /usr/lib/jvm/java-7-openjdk-amd64/jre/lib/amd64/libjava.so
7f11e6a3b000-7f11e6a4a000 r-xp 00000000 08:06 8392503                    /usr/lib/jvm/java-7-openjdk-amd64/jre/lib/amd64/libverify.so
7f11e6a4a000-7f11e6c49000 ---p 0000f000 08:06 8392503                    /usr/lib/jvm/java-7-openjdk-amd64/jre/lib/amd64/libverify.so
7f11e6c49000-7f11e6c4b000 r--p 0000e000 08:06 8392503                    /usr/lib/jvm/java-7-openjdk-amd64/jre/lib/amd64/libverify.so
7f11e6c4b000-7f11e6c4c000 rw-p 00010000 08:06 8392503                    /usr/lib/jvm/java-7-openjdk-amd64/jre/lib/amd64/libverify.so
7f11e6c4c000-7f11e6c53000 r-xp 00000000 08:06 4988071                    /lib/x86_64-linux-gnu/librt-2.15.so
7f11e6c53000-7f11e6e52000 ---p 00007000 08:06 4988071                    /lib/x86_64-linux-gnu/librt-2.15.so
7f11e6e52000-7f11e6e53000 r--p 00006000 08:06 4988071                    /lib/x86_64-linux-gnu/librt-2.15.so
7f11e6e53000-7f11e6e54000 rw-p 00007000 08:06 4988071                    /lib/x86_64-linux-gnu/librt-2.15.so
7f11e6e54000-7f11e6e69000 r-xp 00000000 08:06 4984309                    /lib/x86_64-linux-gnu/libgcc_s.so.1
7f11e6e69000-7f11e7068000 ---p 00015000 08:06 4984309                    /lib/x86_64-linux-gnu/libgcc_s.so.1
7f11e7068000-7f11e7069000 r--p 00014000 08:06 4984309                    /lib/x86_64-linux-gnu/libgcc_s.so.1
7f11e7069000-7f11e706a000 rw-p 00015000 08:06 4984309                    /lib/x86_64-linux-gnu/libgcc_s.so.1
7f11e706a000-7f11e7165000 r-xp 00000000 08:06 4988195                    /lib/x86_64-linux-gnu/libm-2.15.so
7f11e7165000-7f11e7364000 ---p 000fb000 08:06 4988195                    /lib/x86_64-linux-gnu/libm-2.15.so
7f11e7364000-7f11e7365000 r--p 000fa000 08:06 4988195                    /lib/x86_64-linux-gnu/libm-2.15.so
7f11e7365000-7f11e7366000 rw-p 000fb000 08:06 4988195                    /lib/x86_64-linux-gnu/libm-2.15.so
7f11e7366000-7f11e744b000 r-xp 00000000 08:06 7610302                    /usr/lib/x86_64-linux-gnu/libstdc++.so.6.0.17
7f11e744b000-7f11e764a000 ---p 000e5000 08:06 7610302                    /usr/lib/x86_64-linux-gnu/libstdc++.so.6.0.17
7f11e764a000-7f11e7652000 r--p 000e4000 08:06 7610302                    /usr/lib/x86_64-linux-gnu/libstdc++.so.6.0.17
7f11e7652000-7f11e7654000 rw-p 000ec000 08:06 7610302                    /usr/lib/x86_64-linux-gnu/libstdc++.so.6.0.17
7f11e7654000-7f11e7669000 rw-p 00000000 00:00 0 
7f11e7669000-7f11e8064000 r-xp 00000000 08:06 8392509                    /usr/lib/jvm/java-7-openjdk-amd64/jre/lib/amd64/server/libjvm.so
7f11e8064000-7f11e8263000 ---p 009fb000 08:06 8392509                    /usr/lib/jvm/java-7-openjdk-amd64/jre/lib/amd64/server/libjvm.so
7f11e8263000-7f11e82e2000 r--p 009fa000 08:06 8392509                    /usr/lib/jvm/java-7-openjdk-amd64/jre/lib/amd64/server/libjvm.so
7f11e82e2000-7f11e8305000 rw-p 00a79000 08:06 8392509                    /usr/lib/jvm/java-7-openjdk-amd64/jre/lib/amd64/server/libjvm.so
7f11e8305000-7f11e8330000 rw-p 00000000 00:00 0 
7f11e8330000-7f11e8346000 r-xp 00000000 08:06 4984418                    /lib/x86_64-linux-gnu/libz.so.1.2.7
7f11e8346000-7f11e8545000 ---p 00016000 08:06 4984418                    /lib/x86_64-linux-gnu/libz.so.1.2.7
7f11e8545000-7f11e8546000 r--p 00015000 08:06 4984418                    /lib/x86_64-linux-gnu/libz.so.1.2.7
7f11e8546000-7f11e8547000 rw-p 00016000 08:06 4984418                    /lib/x86_64-linux-gnu/libz.so.1.2.7
7f11e8547000-7f11e855f000 r-xp 00000000 08:06 4988034                    /lib/x86_64-linux-gnu/libpthread-2.15.so
7f11e855f000-7f11e875e000 ---p 00018000 08:06 4988034                    /lib/x86_64-linux-gnu/libpthread-2.15.so
7f11e875e000-7f11e875f000 r--p 00017000 08:06 4988034                    /lib/x86_64-linux-gnu/libpthread-2.15.so
7f11e875f000-7f11e8760000 rw-p 00018000 08:06 4988034                    /lib/x86_64-linux-gnu/libpthread-2.15.so
7f11e8760000-7f11e8764000 rw-p 00000000 00:00 0 
7f11e8764000-7f11e8766000 r-xp 00000000 08:06 4988197                    /lib/x86_64-linux-gnu/libdl-2.15.so
7f11e8766000-7f11e8966000 ---p 00002000 08:06 4988197                    /lib/x86_64-linux-gnu/libdl-2.15.so
7f11e8966000-7f11e8967000 r--p 00002000 08:06 4988197                    /lib/x86_64-linux-gnu/libdl-2.15.so
7f11e8967000-7f11e8968000 rw-p 00003000 08:06 4988197                    /lib/x86_64-linux-gnu/libdl-2.15.so
7f11e8968000-7f11e8b1d000 r-xp 00000000 08:06 4988199                    /lib/x86_64-linux-gnu/libc-2.15.so
7f11e8b1d000-7f11e8d1c000 ---p 001b5000 08:06 4988199                    /lib/x86_64-linux-gnu/libc-2.15.so
7f11e8d1c000-7f11e8d20000 r--p 001b4000 08:06 4988199                    /lib/x86_64-linux-gnu/libc-2.15.so
7f11e8d20000-7f11e8d22000 rw-p 001b8000 08:06 4988199                    /lib/x86_64-linux-gnu/libc-2.15.so
7f11e8d22000-7f11e8d27000 rw-p 00000000 00:00 0 
7f11e8d41000-7f11e8d48000 r--s 00000000 08:06 8006424                    /usr/lib/x86_64-linux-gnu/gconv/gconv-modules.cache
7f11e8d48000-7f11e8d55000 r-xp 00000000 08:06 8392486                    /usr/lib/jvm/java-7-openjdk-amd64/jre/lib/amd64/jli/libjli.so
7f11e8d55000-7f11e8f54000 ---p 0000d000 08:06 8392486                    /usr/lib/jvm/java-7-openjdk-amd64/jre/lib/amd64/jli/libjli.so
7f11e8f54000-7f11e8f55000 r--p 0000c000 08:06 8392486                    /usr/lib/jvm/java-7-openjdk-amd64/jre/lib/amd64/jli/libjli.so
7f11e8f55000-7f11e8f56000 rw-p 0000d000 08:06 8392486                    /usr/lib/jvm/java-7-openjdk-amd64/jre/lib/amd64/jli/libjli.so
7f11e8f56000-7f11e8f78000 r-xp 00000000 08:06 4988092                    /lib/x86_64-linux-gnu/ld-2.15.so
7f11e8f78000-7f11e8f79000 rw-p 00000000 00:00 0 
7f11e8f79000-7f11e8f7e000 rw-s 00000000 00:04 1993310213                 /SYSV00000000 (deleted)
7f11e8f7e000-7f11e8fb0000 rw-p 00000000 00:00 0 
7f11e8fb0000-7f11e9066000 rw-p 00000000 00:00 0 
7f11e9066000-7f11e906e000 rw-s 00000000 08:06 8269765                    /tmp/hsperfdata_jesus/4230
7f11e906e000-7f11e906f000 rw-p 00000000 00:00 0 
7f11e906f000-7f11e9070000 r--p 00000000 00:00 0 
7f11e9070000-7f11e9073000 ---p 00000000 00:00 0 
7f11e9073000-7f11e9178000 rw-p 00000000 00:00 0                          [stack:4237]
7f11e9178000-7f11e9179000 r--p 00022000 08:06 4988092                    /lib/x86_64-linux-gnu/ld-2.15.so
7f11e9179000-7f11e917b000 rw-p 00023000 08:06 4988092                    /lib/x86_64-linux-gnu/ld-2.15.so
7fff84a28000-7fff84a49000 rw-p 00000000 00:00 0                          [stack]
7fff84bf7000-7fff84bf8000 r-xp 00000000 00:00 0                          [vdso]
ffffffffff600000-ffffffffff601000 r-xp 00000000 00:00 0                  [vsyscall]

VM Arguments:
jvm_args: -Dfile.encoding=UTF-8 
java_command: com.braim.utils.MainGui
Launcher Type: SUN_STANDARD

Environment Variables:
JAVA_HOME=/usr/lib/jvm/java-7-openjdk-amd64
PATH=/home/jesus/.rvm/gems/ruby-2.0.0-p247/bin:/home/jesus/.rvm/gems/ruby-2.0.0-p247@global/bin:/home/jesus/.rvm/rubies/ruby-2.0.0-p247/bin:/home/jesus/.rvm/bin:/home/jesus/misProgramas/apache-maven-3.1.0/bin:/usr/lib/lightdm/lightdm:/usr/local/sbin:/usr/local/bin:/usr/sbin:/usr/bin:/sbin:/bin:/usr/games:/usr/local/games:/usr/lib/jvm/java-7-openjdk-amd64/bin:/home/jesus/misProgramas/Android/sdk/tools:/home/jesus/misProgramas/Android/sdk/platform-tools:/opt/necessitas/android-ndk:/home/jesus/misProgramas/apache-maven-3.1.0/bin:/usr/lib/lightdm/lightdm:/usr/local/sbin:/usr/local/bin:/usr/sbin:/usr/bin:/sbin:/bin:/usr/games:/usr/local/games:/usr/lib/jvm/java-7-openjdk-amd64/bin:/home/jesus/misProgramas/Android/sdk/tools:/home/jesus/misProgramas/Android/sdk/platform-tools:/opt/necessitas/android-ndk:/home/jesus/misProgramas/jboss-as-7.1.1.Final/bin
SHELL=/usr/bin/zsh
DISPLAY=:0

Signal Handlers:
SIGSEGV: [libjvm.so+0x857570], sa_mask[0]=0x7ffbfeff, sa_flags=0x10000004
SIGBUS: [libjvm.so+0x857570], sa_mask[0]=0x7ffbfeff, sa_flags=0x10000004
SIGFPE: [libjvm.so+0x6f8270], sa_mask[0]=0x7ffbfeff, sa_flags=0x10000004
SIGPIPE: SIG_IGN, sa_mask[0]=0x00001000, sa_flags=0x10000000
SIGXFSZ: [libjvm.so+0x6f8270], sa_mask[0]=0x7ffbfeff, sa_flags=0x10000004
SIGILL: [libjvm.so+0x6f8270], sa_mask[0]=0x7ffbfeff, sa_flags=0x10000004
SIGUSR1: SIG_DFL, sa_mask[0]=0x00000000, sa_flags=0x00000000
SIGUSR2: [libjvm.so+0x6f84c0], sa_mask[0]=0x00000004, sa_flags=0x10000004
SIGHUP: [libjvm.so+0x6f8600], sa_mask[0]=0x7ffbfeff, sa_flags=0x10000004
SIGINT: [libjvm.so+0x6f8600], sa_mask[0]=0x7ffbfeff, sa_flags=0x10000004
SIGTERM: [libjvm.so+0x6f8600], sa_mask[0]=0x7ffbfeff, sa_flags=0x10000004
SIGQUIT: [libjvm.so+0x6f8600], sa_mask[0]=0x7ffbfeff, sa_flags=0x10000004


---------------  S Y S T E M  ---------------

OS:Ubuntu 12.10 (quantal)
uname:Linux 3.5.0-17-generic #28-Ubuntu SMP Tue Oct 9 19:31:23 UTC 2012 x86_64
libc:glibc 2.15 NPTL 2.15 
rlimit: STACK 8192k, CORE 0k, NPROC 22246, NOFILE 4096, AS infinity
load average:0,84 1,07 1,15

/proc/meminfo:
MemTotal:        2865992 kB
MemFree:          191876 kB
Buffers:           22364 kB
Cached:           615908 kB
SwapCached:          404 kB
Active:          1731548 kB
Inactive:         719316 kB
Active(anon):    1492048 kB
Inactive(anon):   523016 kB
Active(file):     239500 kB
Inactive(file):   196300 kB
Unevictable:       31332 kB
Mlocked:           31332 kB
SwapTotal:       2993148 kB
SwapFree:        2918512 kB
Dirty:               192 kB
Writeback:             0 kB
AnonPages:       1843600 kB
Mapped:           202480 kB
Shmem:            196572 kB
Slab:              86524 kB
SReclaimable:      53096 kB
SUnreclaim:        33428 kB
KernelStack:        4832 kB
PageTables:        42168 kB
NFS_Unstable:          0 kB
Bounce:                0 kB
WritebackTmp:          0 kB
CommitLimit:     4426144 kB
Committed_AS:    5818804 kB
VmallocTotal:   34359738367 kB
VmallocUsed:      600760 kB
VmallocChunk:   34359129652 kB
HardwareCorrupted:     0 kB
AnonHugePages:         0 kB
HugePages_Total:       0
HugePages_Free:        0
HugePages_Rsvd:        0
HugePages_Surp:        0
Hugepagesize:       2048 kB
DirectMap4k:       62148 kB
DirectMap2M:     1884160 kB


CPU:total 4 (2 cores per cpu, 2 threads per core) family 6 model 37 stepping 5, cmov, cx8, fxsr, mmx, sse, sse2, sse3, ssse3, sse4.1, sse4.2, popcnt, ht, tsc, tscinvbit

/proc/cpuinfo:
processor	: 0
vendor_id	: GenuineIntel
cpu family	: 6
model		: 37
model name	: Intel(R) Core(TM) i3 CPU       U 330  @ 1.20GHz
stepping	: 5
microcode	: 0x2
cpu MHz		: 1199.000
cache size	: 3072 KB
physical id	: 0
siblings	: 4
core id		: 0
cpu cores	: 2
apicid		: 0
initial apicid	: 0
fpu		: yes
fpu_exception	: yes
cpuid level	: 11
wp		: yes
flags		: fpu vme de pse tsc msr pae mce cx8 apic sep mtrr pge mca cmov pat pse36 clflush dts acpi mmx fxsr sse sse2 ss ht tm pbe syscall nx rdtscp lm constant_tsc arch_perfmon pebs bts rep_good nopl xtopology nonstop_tsc aperfmperf pni dtes64 monitor ds_cpl vmx est tm2 ssse3 cx16 xtpr pdcm pcid sse4_1 sse4_2 popcnt lahf_lm arat dtherm tpr_shadow vnmi flexpriority ept vpid
bogomips	: 2394.02
clflush size	: 64
cache_alignment	: 64
address sizes	: 36 bits physical, 48 bits virtual
power management:

processor	: 1
vendor_id	: GenuineIntel
cpu family	: 6
model		: 37
model name	: Intel(R) Core(TM) i3 CPU       U 330  @ 1.20GHz
stepping	: 5
microcode	: 0x2
cpu MHz		: 1199.000
cache size	: 3072 KB
physical id	: 0
siblings	: 4
core id		: 2
cpu cores	: 2
apicid		: 4
initial apicid	: 4
fpu		: yes
fpu_exception	: yes
cpuid level	: 11
wp		: yes
flags		: fpu vme de pse tsc msr pae mce cx8 apic sep mtrr pge mca cmov pat pse36 clflush dts acpi mmx fxsr sse sse2 ss ht tm pbe syscall nx rdtscp lm constant_tsc arch_perfmon pebs bts rep_good nopl xtopology nonstop_tsc aperfmperf pni dtes64 monitor ds_cpl vmx est tm2 ssse3 cx16 xtpr pdcm pcid sse4_1 sse4_2 popcnt lahf_lm arat dtherm tpr_shadow vnmi flexpriority ept vpid
bogomips	: 2394.02
clflush size	: 64
cache_alignment	: 64
address sizes	: 36 bits physical, 48 bits virtual
power management:

processor	: 2
vendor_id	: GenuineIntel
cpu family	: 6
model		: 37
model name	: Intel(R) Core(TM) i3 CPU       U 330  @ 1.20GHz
stepping	: 5
microcode	: 0x2
cpu MHz		: 666.000
cache size	: 3072 KB
physical id	: 0
siblings	: 4
core id		: 0
cpu cores	: 2
apicid		: 1
initial apicid	: 1
fpu		: yes
fpu_exception	: yes
cpuid level	: 11
wp		: yes
flags		: fpu vme de pse tsc msr pae mce cx8 apic sep mtrr pge mca cmov pat pse36 clflush dts acpi mmx fxsr sse sse2 ss ht tm pbe syscall nx rdtscp lm constant_tsc arch_perfmon pebs bts rep_good nopl xtopology nonstop_tsc aperfmperf pni dtes64 monitor ds_cpl vmx est tm2 ssse3 cx16 xtpr pdcm pcid sse4_1 sse4_2 popcnt lahf_lm arat dtherm tpr_shadow vnmi flexpriority ept vpid
bogomips	: 2394.02
clflush size	: 64
cache_alignment	: 64
address sizes	: 36 bits physical, 48 bits virtual
power management:

processor	: 3
vendor_id	: GenuineIntel
cpu family	: 6
model		: 37
model name	: Intel(R) Core(TM) i3 CPU       U 330  @ 1.20GHz
stepping	: 5
microcode	: 0x2
cpu MHz		: 666.000
cache size	: 3072 KB
physical id	: 0
siblings	: 4
core id		: 2
cpu cores	: 2
apicid		: 5
initial apicid	: 5
fpu		: yes
fpu_exception	: yes
cpuid level	: 11
wp		: yes
flags		: fpu vme de pse tsc msr pae mce cx8 apic sep mtrr pge mca cmov pat pse36 clflush dts acpi mmx fxsr sse sse2 ss ht tm pbe syscall nx rdtscp lm constant_tsc arch_perfmon pebs bts rep_good nopl xtopology nonstop_tsc aperfmperf pni dtes64 monitor ds_cpl vmx est tm2 ssse3 cx16 xtpr pdcm pcid sse4_1 sse4_2 popcnt lahf_lm arat dtherm tpr_shadow vnmi flexpriority ept vpid
bogomips	: 2394.02
clflush size	: 64
cache_alignment	: 64
address sizes	: 36 bits physical, 48 bits virtual
power management:



Memory: 4k page, physical 2865992k(191876k free), swap 2993148k(2918512k free)

vm_info: OpenJDK 64-Bit Server VM (23.7-b01) for linux-amd64 JRE (1.7.0_15-b20), built on Mar  6 2013 20:21:28 by "buildd" with gcc 4.7.2

time: Wed Oct 16 22:57:34 2013
elapsed time: 200 seconds

