#
# A fatal error has been detected by the Java Runtime Environment:
#
#  SIGSEGV (0xb) at pc=0x00007f7fc15ba65a, pid=14285, tid=140187818125056
#
# JRE version: 7.0_15-b20
# Java VM: OpenJDK 64-Bit Server VM (23.7-b01 mixed mode linux-amd64 compressed oops)
# Problematic frame:
# C  [libjava_vrpn.so+0x3165a]  Java_vrpn_ButtonRemote_shutdownButton+0x3a
#
# Failed to write core dump. Core dumps have been disabled. To enable core dumping, try "ulimit -c unlimited" before starting Java again
#
# If you would like to submit a bug report, please include
# instructions on how to reproduce the bug and visit:
#   https://bugs.launchpad.net/ubuntu/+source/openjdk-7/
# The crash happened outside the Java Virtual Machine in native code.
# See problematic frame for where to report the bug.
#

---------------  T H R E A D  ---------------

Current thread (0x00007f7ffc009000):  JavaThread "main" [_thread_in_native, id=14286, stack(0x00007f800509e000,0x00007f800519f000)]

siginfo:si_signo=SIGSEGV: si_errno=0, si_code=1 (SEGV_MAPERR), si_addr=0xffffffffffffffff

Registers:
RAX=0xffffffffffffffff, RBX=0x00007f7ffc0091d8, RCX=0x0000000000000011, RDX=0x0000000000000042
RSP=0x00007f800519d700, RBP=0xffffffffffffffff, RSI=0x00007f800519d798, RDI=0x00007f7ffc0091d8
R8 =0x00007f800519b3b0, R9 =0x00000000f1b51b78, R10=0x0000000000000016, R11=0x00007f8004343d94
R12=0x00007f800519d798, R13=0x00007f7fc180e1e0, R14=0x00007f800519d798, R15=0x00007f7ffc009000
RIP=0x00007f7fc15ba65a, EFLAGS=0x0000000000010286, CSGSFS=0x0000000000000033, ERR=0x0000000000000005
  TRAPNO=0x000000000000000e

Top of Stack: (sp=0x00007f800519d700)
0x00007f800519d700:   00000000f1afab60 00000000ca3e8748
0x00007f800519d710:   00007f800519d778 0000000000000000
0x00007f800519d720:   00000000ca3e8748 00007f7ff9011f90
0x00007f800519d730:   00007f800519da90 00007f800519d738
0x00007f800519d740:   0000000000000000 00007f800519d798
0x00007f800519d750:   00000000caa102d0 0000000000000000
0x00007f800519d760:   00000000ca3e8748 0000000000000000
0x00007f800519d770:   00007f800519d798 00007f800519d7f0
0x00007f800519d780:   00007f7ff9006158 0000000000000000
0x00007f800519d790:   00007f7ff900edd8 00000000f1b51b78
0x00007f800519d7a0:   0000000000000003 00000000f1afab60
0x00007f800519d7b0:   00007f800519d7a0 00000000ca3e824e
0x00007f800519d7c0:   00007f800519d808 00000000caa102d0
0x00007f800519d7d0:   0000000000000000 00000000ca3e8278
0x00007f800519d7e0:   00007f800519d798 00007f800519d808
0x00007f800519d7f0:   00007f800519d850 00007f7ff9006158
0x00007f800519d800:   00000000f1afab60 00000000f1b51b78
0x00007f800519d810:   00007f800519d810 00000000ca3efcc6
0x00007f800519d820:   00007f800519d868 00000000caa0fbd0
0x00007f800519d830:   0000000000000000 00000000ca3efce8
0x00007f800519d840:   00007f800519d808 00007f800519d868
0x00007f800519d850:   00007f800519d8b0 00007f7ff9006158
0x00007f800519d860:   0000000000000000 00000000f1b51b78
0x00007f800519d870:   00007f800519d870 00000000ca3eff41
0x00007f800519d880:   00007f800519d8c0 00000000caa0fbd0
0x00007f800519d890:   0000000000000000 00000000ca3eff60
0x00007f800519d8a0:   00007f800519d868 00007f800519d8c0
0x00007f800519d8b0:   00007f800519d908 00007f7ff9006158
0x00007f800519d8c0:   00000000f1b51b78 00007f800519d8c8
0x00007f800519d8d0:   00000000ca0addd9 00007f800519d918
0x00007f800519d8e0:   00000000ca140890 0000000000000000
0x00007f800519d8f0:   00000000ca0ade28 00007f800519d8c0 

Instructions: (pc=0x00007f7fc15ba65a)
0x00007f7fc15ba63a:   28 4c 8b 2d c6 26 25 00 48 8b 07 49 89 f4 49 8b
0x00007f7fc15ba64a:   55 00 ff 90 28 03 00 00 48 85 c0 48 89 c5 74 2f
0x00007f7fc15ba65a:   48 8b 00 48 8b 15 9c 23 25 00 4c 89 e6 48 89 ef
0x00007f7fc15ba66a:   ff 50 70 48 8b 45 00 48 89 ef ff 50 18 48 89 c7 

Register to memory mapping:

RAX=0xffffffffffffffff is an unknown value
RBX=0x00007f7ffc0091d8 is an unknown value
RCX=0x0000000000000011 is an unknown value
RDX=0x0000000000000042 is an unknown value
RSP=0x00007f800519d700 is pointing into the stack for thread: 0x00007f7ffc009000
RBP=0xffffffffffffffff is an unknown value
RSI=0x00007f800519d798 is pointing into the stack for thread: 0x00007f7ffc009000
RDI=0x00007f7ffc0091d8 is an unknown value
R8 =0x00007f800519b3b0 is pointing into the stack for thread: 0x00007f7ffc009000
R9 =0x00000000f1b51b78 is an oop
vrpn.ButtonRemote 
 - klass: 'vrpn/ButtonRemote'
R10=0x0000000000000016 is an unknown value
R11=0x00007f8004343d94: <offset 0xcacd94> in /usr/lib/jvm/java-7-openjdk-amd64/jre/lib/amd64/server/libjvm.so at 0x00007f8003697000
R12=0x00007f800519d798 is pointing into the stack for thread: 0x00007f7ffc009000
R13=0x00007f7fc180e1e0: jfid_vrpn_VRPNDevice_native_device+0 in /home/jesus/Escritorio/libjava_vrpn.so at 0x00007f7fc1589000
R14=0x00007f800519d798 is pointing into the stack for thread: 0x00007f7ffc009000
R15=0x00007f7ffc009000 is a thread


Stack: [0x00007f800509e000,0x00007f800519f000],  sp=0x00007f800519d700,  free space=1021k
Native frames: (J=compiled Java code, j=interpreted, Vv=VM code, C=native code)
C  [libjava_vrpn.so+0x3165a]  Java_vrpn_ButtonRemote_shutdownButton+0x3a

Java frames: (J=compiled Java code, j=interpreted, Vv=VM code)
j  vrpn.ButtonRemote.shutdownButton()V+0
j  vrpn.ButtonRemote.stoppedRunning()V+14
j  vrpn.VRPNDevice.stopRunning()V+30
j  vrpn.VRPNDevice.finalize()V+1
j  com.braim.utils.MainGui.entreno_cancelado()V+25
j  com.braim.utils.Server.<init>()V+496
j  com.braim.utils.MainGui.main([Ljava/lang/String;)V+29
v  ~StubRoutines::call_stub

---------------  P R O C E S S  ---------------

Java Threads: ( => current thread )
  0x00007f7ffc2a4800 JavaThread "vrpn vrpn.ButtonRemote" [_thread_blocked, id=14426, stack(0x00007f7fc1084000,0x00007f7fc1185000)]
  0x00007f7ffc2ae800 JavaThread "vrpn vrpn.ButtonRemote" [_thread_blocked, id=14406, stack(0x00007f7fc1286000,0x00007f7fc1387000)]
  0x00007f7ffc117800 JavaThread "process reaper" daemon [_thread_blocked, id=14403, stack(0x00007f7ff0000000,0x00007f7ff0028000)]
  0x00007f7ffc2b2000 JavaThread "vrpn vrpn.ButtonRemote" [_thread_blocked, id=14383, stack(0x00007f7fc1185000,0x00007f7fc1286000)]
  0x00007f7ffc2ac800 JavaThread "vrpn vrpn.ButtonRemote" [_thread_blocked, id=14341, stack(0x00007f7fc1387000,0x00007f7fc1488000)]
  0x00007f7ffc116000 JavaThread "vrpn vrpn.ButtonRemote" [_thread_blocked, id=14328, stack(0x00007f7fc1488000,0x00007f7fc1589000)]
  0x00007f7fa810b800 JavaThread "TimerQueue" daemon [_thread_blocked, id=14316, stack(0x00007f7fc180f000,0x00007f7fc1910000)]
  0x00007f7ffc324000 JavaThread "process reaper" daemon [_thread_in_native, id=14309, stack(0x00007f800000e000,0x00007f8000036000)]
  0x00007f7ffc311800 JavaThread "AWT-EventQueue-0" [_thread_blocked, id=14307, stack(0x00007f7fc1f77000,0x00007f7fc2078000)]
  0x00007f7ffc30f800 JavaThread "AWT-Shutdown" [_thread_blocked, id=14306, stack(0x00007f7fc2078000,0x00007f7fc2179000)]
  0x00007f7ffc30b000 JavaThread "AWT-XAWT" daemon [_thread_in_native, id=14305, stack(0x00007f7fc2179000,0x00007f7fc227a000)]
  0x00007f7ffc2da000 JavaThread "Java2D Disposer" daemon [_thread_blocked, id=14304, stack(0x00007f7fc227a000,0x00007f7fc237b000)]
  0x00007f7ffc10f000 JavaThread "Service Thread" daemon [_thread_blocked, id=14301, stack(0x00007f7ff8016000,0x00007f7ff8117000)]
  0x00007f7ffc10c800 JavaThread "C2 CompilerThread1" daemon [_thread_blocked, id=14300, stack(0x00007f7ff8117000,0x00007f7ff8218000)]
  0x00007f7ffc109800 JavaThread "C2 CompilerThread0" daemon [_thread_blocked, id=14299, stack(0x00007f7ff8218000,0x00007f7ff8319000)]
  0x00007f7ffc107800 JavaThread "Signal Dispatcher" daemon [_thread_blocked, id=14298, stack(0x00007f7ff8319000,0x00007f7ff841a000)]
  0x00007f7ffc0b2000 JavaThread "Finalizer" daemon [_thread_blocked, id=14297, stack(0x00007f7ff8afb000,0x00007f7ff8bfc000)]
  0x00007f7ffc0af800 JavaThread "Reference Handler" daemon [_thread_blocked, id=14296, stack(0x00007f7ff8bfc000,0x00007f7ff8cfd000)]
=>0x00007f7ffc009000 JavaThread "main" [_thread_in_native, id=14286, stack(0x00007f800509e000,0x00007f800519f000)]

Other Threads:
  0x00007f7ffc0a7000 VMThread [stack: 0x00007f7ff8cfd000,0x00007f7ff8dfe000] [id=14295]
  0x00007f7ffc119800 WatcherThread [stack: 0x00007f7ff23ef000,0x00007f7ff24f0000] [id=14302]

VM state:not at safepoint (normal execution)

VM Mutex/Monitor currently owned by a thread: None

Heap
 PSYoungGen      total 13056K, used 7894K [0x00000000f16b0000, 0x00000000f2540000, 0x0000000100000000)
  eden space 11200K, 70% used [0x00000000f16b0000,0x00000000f1e65a08,0x00000000f21a0000)
  from space 1856K, 0% used [0x00000000f2370000,0x00000000f2370000,0x00000000f2540000)
  to   space 1856K, 0% used [0x00000000f21a0000,0x00000000f21a0000,0x00000000f2370000)
 ParOldGen       total 29888K, used 0K [0x00000000d4400000, 0x00000000d6130000, 0x00000000f16b0000)
  object space 29888K, 0% used [0x00000000d4400000,0x00000000d4400000,0x00000000d6130000)
 PSPermGen       total 21248K, used 12582K [0x00000000c9e00000, 0x00000000cb2c0000, 0x00000000d4400000)
  object space 21248K, 59% used [0x00000000c9e00000,0x00000000caa49918,0x00000000cb2c0000)

Card table byte_map: [0x00007f8001c45000,0x00007f8001df7000] byte_map_base: 0x00007f80015f6000

Polling page: 0x00007f800509d000

Code Cache  [0x00007f7ff9000000, 0x00007f7ff9270000, 0x00007f7ffc000000)
 total_blobs=514 nmethods=41 adapters=425 free_code_cache=48548Kb largest_free_block=49697472

Compilation events (10 events):
Event: 104,398 Thread 0x00007f7ffc10c800   36             sun.awt.SunToolkit::isInstanceOf (71 bytes)
Event: 104,423 Thread 0x00007f7ffc10c800 nmethod 36 0x00007f7ff9095ad0 code [0x00007f7ff9095c60, 0x00007f7ff9096308]
Event: 114,407 Thread 0x00007f7ffc109800   37             sun.font.CompositeGlyphMapper::charsToGlyphsNS (158 bytes)
Event: 114,407 Thread 0x00007f7ffc10c800   38             sun.font.FileFontStrike::getSlot0GlyphImagePtrs (128 bytes)
Event: 114,417 Thread 0x00007f7ffc109800 nmethod 37 0x00007f7ff9098510 code [0x00007f7ff9098680, 0x00007f7ff9098a98]
Event: 114,427 Thread 0x00007f7ffc10c800 nmethod 38 0x00007f7ff9098dd0 code [0x00007f7ff9098f80, 0x00007f7ff9099628]
Event: 118,910 Thread 0x00007f7ffc109800   39             javax.swing.text.Utilities::drawTabbedText (409 bytes)
Event: 118,933 Thread 0x00007f7ffc109800 nmethod 39 0x00007f7ff9099c50 code [0x00007f7ff9099e40, 0x00007f7ff909a480]
Event: 146,112 Thread 0x00007f7ffc10c800   40             java.util.IdentityHashMap$IdentityHashMapIterator::hasNext (50 bytes)
Event: 146,116 Thread 0x00007f7ffc10c800 nmethod 40 0x00007f7ff908df90 code [0x00007f7ff908e0e0, 0x00007f7ff908e278]

GC Heap History (0 events):
No events

Deoptimization events (4 events):
Event: 0,859 Thread 0x00007f7ffc311800 Uncommon trap -34 fr.pc 0x00007f7ff9082488
Event: 0,863 Thread 0x00007f7ffc311800 Uncommon trap -34 fr.pc 0x00007f7ff9082488
Event: 0,868 Thread 0x00007f7ffc311800 Uncommon trap -34 fr.pc 0x00007f7ff9082488
Event: 0,874 Thread 0x00007f7ffc311800 Uncommon trap -34 fr.pc 0x00007f7ff9082488

Internal exceptions (10 events):
Event: 19,450 Thread 0x00007f7ffc009000 Threw 0x00000000f1b04a00 at /build/buildd/openjdk-7-7u15-2.3.7/build/openjdk/hotspot/src/share/vm/prims/jvm.cpp:1166
Event: 19,452 Thread 0x00007f7ffc009000 Threw 0x00000000f1b0be58 at /build/buildd/openjdk-7-7u15-2.3.7/build/openjdk/hotspot/src/share/vm/prims/jvm.cpp:1166
Event: 19,453 Thread 0x00007f7ffc009000 Threw 0x00000000f1b137d0 at /build/buildd/openjdk-7-7u15-2.3.7/build/openjdk/hotspot/src/share/vm/prims/jvm.cpp:1166
Event: 19,454 Thread 0x00007f7ffc009000 Threw 0x00000000f1b15690 at /build/buildd/openjdk-7-7u15-2.3.7/build/openjdk/hotspot/src/share/vm/prims/jvm.cpp:1166
Event: 19,456 Thread 0x00007f7ffc009000 Threw 0x00000000f1b199f8 at /build/buildd/openjdk-7-7u15-2.3.7/build/openjdk/hotspot/src/share/vm/prims/jvm.cpp:1166
Event: 19,457 Thread 0x00007f7ffc009000 Threw 0x00000000f1b1d808 at /build/buildd/openjdk-7-7u15-2.3.7/build/openjdk/hotspot/src/share/vm/prims/jvm.cpp:1166
Event: 19,458 Thread 0x00007f7ffc009000 Threw 0x00000000f1b202b8 at /build/buildd/openjdk-7-7u15-2.3.7/build/openjdk/hotspot/src/share/vm/prims/jvm.cpp:1166
Event: 20,461 Thread 0x00007f7ffc009000 Threw 0x00000000f1b233f0 at /build/buildd/openjdk-7-7u15-2.3.7/build/openjdk/hotspot/src/share/vm/prims/jvm.cpp:1166
Event: 26,073 Thread 0x00007f7ffc116000 Threw 0x00000000f1b54c90 at /build/buildd/openjdk-7-7u15-2.3.7/build/openjdk/hotspot/src/share/vm/prims/jvm.cpp:1166
Event: 52,359 Thread 0x00007f7ffc009000 Threw 0x00000000f1b52930 at /build/buildd/openjdk-7-7u15-2.3.7/build/openjdk/hotspot/src/share/vm/prims/jvm.cpp:1166

Events (10 events):
Event: 97,210 Thread 0x00007f7ffc2b2000 Thread added: 0x00007f7ffc2b2000
Event: 101,895 Executing VM operation: BulkRevokeBias
Event: 101,895 Executing VM operation: BulkRevokeBias done
Event: 104,713 Executing VM operation: RevokeBias
Event: 104,713 Executing VM operation: RevokeBias done
Event: 104,713 Thread 0x00007f7ffc117800 Thread exited: 0x00007f7ffc117800
Event: 118,306 Thread 0x00007f7ffc2ae800 Thread exited: 0x00007f7ffc2ae800
Event: 118,307 Thread 0x00007f7ffc117800 Thread added: 0x00007f7ffc117800
Event: 120,863 Thread 0x00007f7ffc2ae800 Thread added: 0x00007f7ffc2ae800
Event: 140,939 Thread 0x00007f7ffc2a4800 Thread added: 0x00007f7ffc2a4800


Dynamic libraries:
00400000-00401000 r-xp 00000000 08:06 8392522                            /usr/lib/jvm/java-7-openjdk-amd64/jre/bin/java
00600000-00601000 r--p 00000000 08:06 8392522                            /usr/lib/jvm/java-7-openjdk-amd64/jre/bin/java
00601000-00602000 rw-p 00001000 08:06 8392522                            /usr/lib/jvm/java-7-openjdk-amd64/jre/bin/java
01311000-01332000 rw-p 00000000 00:00 0                                  [heap]
c9e00000-cb2c0000 rw-p 00000000 00:00 0 
cb2c0000-d4400000 rw-p 00000000 00:00 0 
d4400000-d6130000 rw-p 00000000 00:00 0 
d6130000-f16b0000 rw-p 00000000 00:00 0 
f16b0000-f2540000 rw-p 00000000 00:00 0 
f2540000-100000000 rw-p 00000000 00:00 0 
7f7f88000000-7f7f88021000 rw-p 00000000 00:00 0 
7f7f88021000-7f7f8c000000 ---p 00000000 00:00 0 
7f7f90000000-7f7f90021000 rw-p 00000000 00:00 0 
7f7f90021000-7f7f94000000 ---p 00000000 00:00 0 
7f7f94000000-7f7f94021000 rw-p 00000000 00:00 0 
7f7f94021000-7f7f98000000 ---p 00000000 00:00 0 
7f7f98000000-7f7f98021000 rw-p 00000000 00:00 0 
7f7f98021000-7f7f9c000000 ---p 00000000 00:00 0 
7f7f9c000000-7f7f9c021000 rw-p 00000000 00:00 0 
7f7f9c021000-7f7fa0000000 ---p 00000000 00:00 0 
7f7fa0000000-7f7fa0021000 rw-p 00000000 00:00 0 
7f7fa0021000-7f7fa4000000 ---p 00000000 00:00 0 
7f7fa4000000-7f7fa4021000 rw-p 00000000 00:00 0 
7f7fa4021000-7f7fa8000000 ---p 00000000 00:00 0 
7f7fa8000000-7f7fa8305000 rw-p 00000000 00:00 0 
7f7fa8305000-7f7fac000000 ---p 00000000 00:00 0 
7f7fac000000-7f7fac021000 rw-p 00000000 00:00 0 
7f7fac021000-7f7fb0000000 ---p 00000000 00:00 0 
7f7fb0000000-7f7fb0021000 rw-p 00000000 00:00 0 
7f7fb0021000-7f7fb4000000 ---p 00000000 00:00 0 
7f7fb4000000-7f7fb4021000 rw-p 00000000 00:00 0 
7f7fb4021000-7f7fb8000000 ---p 00000000 00:00 0 
7f7fb8000000-7f7fb8021000 rw-p 00000000 00:00 0 
7f7fb8021000-7f7fbc000000 ---p 00000000 00:00 0 
7f7fbc000000-7f7fbc021000 rw-p 00000000 00:00 0 
7f7fbc021000-7f7fc0000000 ---p 00000000 00:00 0 
7f7fc1084000-7f7fc1087000 ---p 00000000 00:00 0 
7f7fc1087000-7f7fc1185000 rw-p 00000000 00:00 0                          [stack:14426]
7f7fc1185000-7f7fc1188000 ---p 00000000 00:00 0 
7f7fc1188000-7f7fc1286000 rw-p 00000000 00:00 0                          [stack:14383]
7f7fc1286000-7f7fc1289000 ---p 00000000 00:00 0 
7f7fc1289000-7f7fc1387000 rw-p 00000000 00:00 0                          [stack:14406]
7f7fc1387000-7f7fc138a000 ---p 00000000 00:00 0 
7f7fc138a000-7f7fc1488000 rw-p 00000000 00:00 0                          [stack:14341]
7f7fc1488000-7f7fc148b000 ---p 00000000 00:00 0 
7f7fc148b000-7f7fc1589000 rw-p 00000000 00:00 0                          [stack:14328]
7f7fc1589000-7f7fc1606000 r-xp 00000000 08:06 1324609                    /home/jesus/Escritorio/libjava_vrpn.so
7f7fc1606000-7f7fc1806000 ---p 0007d000 08:06 1324609                    /home/jesus/Escritorio/libjava_vrpn.so
7f7fc1806000-7f7fc180d000 r--p 0007d000 08:06 1324609                    /home/jesus/Escritorio/libjava_vrpn.so
7f7fc180d000-7f7fc180f000 rw-p 00084000 08:06 1324609                    /home/jesus/Escritorio/libjava_vrpn.so
7f7fc180f000-7f7fc1812000 ---p 00000000 00:00 0 
7f7fc1812000-7f7fc1910000 rw-p 00000000 00:00 0                          [stack:14316]
7f7fc1910000-7f7fc194b000 r-xp 00000000 08:06 8392501                    /usr/lib/jvm/java-7-openjdk-amd64/jre/lib/amd64/libfontmanager.so
7f7fc194b000-7f7fc1b4b000 ---p 0003b000 08:06 8392501                    /usr/lib/jvm/java-7-openjdk-amd64/jre/lib/amd64/libfontmanager.so
7f7fc1b4b000-7f7fc1b4d000 r--p 0003b000 08:06 8392501                    /usr/lib/jvm/java-7-openjdk-amd64/jre/lib/amd64/libfontmanager.so
7f7fc1b4d000-7f7fc1b4e000 rw-p 0003d000 08:06 8392501                    /usr/lib/jvm/java-7-openjdk-amd64/jre/lib/amd64/libfontmanager.so
7f7fc1b4e000-7f7fc1b5e000 r-xp 00000000 08:06 8392489                    /usr/lib/jvm/java-7-openjdk-amd64/jre/lib/amd64/libnio.so
7f7fc1b5e000-7f7fc1d5e000 ---p 00010000 08:06 8392489                    /usr/lib/jvm/java-7-openjdk-amd64/jre/lib/amd64/libnio.so
7f7fc1d5e000-7f7fc1d5f000 r--p 00010000 08:06 8392489                    /usr/lib/jvm/java-7-openjdk-amd64/jre/lib/amd64/libnio.so
7f7fc1d5f000-7f7fc1d60000 rw-p 00011000 08:06 8392489                    /usr/lib/jvm/java-7-openjdk-amd64/jre/lib/amd64/libnio.so
7f7fc1d60000-7f7fc1d76000 r-xp 00000000 08:06 8392493                    /usr/lib/jvm/java-7-openjdk-amd64/jre/lib/amd64/libnet.so
7f7fc1d76000-7f7fc1f75000 ---p 00016000 08:06 8392493                    /usr/lib/jvm/java-7-openjdk-amd64/jre/lib/amd64/libnet.so
7f7fc1f75000-7f7fc1f76000 r--p 00015000 08:06 8392493                    /usr/lib/jvm/java-7-openjdk-amd64/jre/lib/amd64/libnet.so
7f7fc1f76000-7f7fc1f77000 rw-p 00016000 08:06 8392493                    /usr/lib/jvm/java-7-openjdk-amd64/jre/lib/amd64/libnet.so
7f7fc1f77000-7f7fc1f7a000 ---p 00000000 00:00 0 
7f7fc1f7a000-7f7fc2078000 rw-p 00000000 00:00 0                          [stack:14307]
7f7fc2078000-7f7fc207b000 ---p 00000000 00:00 0 
7f7fc207b000-7f7fc2179000 rw-p 00000000 00:00 0                          [stack:14306]
7f7fc2179000-7f7fc217c000 ---p 00000000 00:00 0 
7f7fc217c000-7f7fc227a000 rw-p 00000000 00:00 0                          [stack:14305]
7f7fc227a000-7f7fc227d000 ---p 00000000 00:00 0 
7f7fc227d000-7f7fc237b000 rw-p 00000000 00:00 0                          [stack:14304]
7f7fc237b000-7f7fc237e000 r-xp 00000000 08:06 4984315                    /lib/x86_64-linux-gnu/libgpg-error.so.0.8.0
7f7fc237e000-7f7fc257d000 ---p 00003000 08:06 4984315                    /lib/x86_64-linux-gnu/libgpg-error.so.0.8.0
7f7fc257d000-7f7fc257e000 r--p 00002000 08:06 4984315                    /lib/x86_64-linux-gnu/libgpg-error.so.0.8.0
7f7fc257e000-7f7fc257f000 rw-p 00003000 08:06 4984315                    /lib/x86_64-linux-gnu/libgpg-error.so.0.8.0
7f7fc257f000-7f7fc2581000 r-xp 00000000 08:06 4984322                    /lib/x86_64-linux-gnu/libkeyutils.so.1.4
7f7fc2581000-7f7fc2781000 ---p 00002000 08:06 4984322                    /lib/x86_64-linux-gnu/libkeyutils.so.1.4
7f7fc2781000-7f7fc2782000 r--p 00002000 08:06 4984322                    /lib/x86_64-linux-gnu/libkeyutils.so.1.4
7f7fc2782000-7f7fc2783000 rw-p 00003000 08:06 4984322                    /lib/x86_64-linux-gnu/libkeyutils.so.1.4
7f7fc2783000-7f7fc27c6000 r-xp 00000000 08:06 4984296                    /lib/x86_64-linux-gnu/libdbus-1.so.3.7.2
7f7fc27c6000-7f7fc29c5000 ---p 00043000 08:06 4984296                    /lib/x86_64-linux-gnu/libdbus-1.so.3.7.2
7f7fc29c5000-7f7fc29c6000 r--p 00042000 08:06 4984296                    /lib/x86_64-linux-gnu/libdbus-1.so.3.7.2
7f7fc29c6000-7f7fc29c7000 rw-p 00043000 08:06 4984296                    /lib/x86_64-linux-gnu/libdbus-1.so.3.7.2
7f7fc29c7000-7f7fc29d9000 r-xp 00000000 08:06 7610167                    /usr/lib/x86_64-linux-gnu/libp11-kit.so.0.0.0
7f7fc29d9000-7f7fc2bd9000 ---p 00012000 08:06 7610167                    /usr/lib/x86_64-linux-gnu/libp11-kit.so.0.0.0
7f7fc2bd9000-7f7fc2bda000 r--p 00012000 08:06 7610167                    /usr/lib/x86_64-linux-gnu/libp11-kit.so.0.0.0
7f7fc2bda000-7f7fc2bdb000 rw-p 00013000 08:06 7610167                    /usr/lib/x86_64-linux-gnu/libp11-kit.so.0.0.0
7f7fc2bdb000-7f7fc2c55000 r-xp 00000000 08:06 4984311                    /lib/x86_64-linux-gnu/libgcrypt.so.11.7.0
7f7fc2c55000-7f7fc2e55000 ---p 0007a000 08:06 4984311                    /lib/x86_64-linux-gnu/libgcrypt.so.11.7.0
7f7fc2e55000-7f7fc2e56000 r--p 0007a000 08:06 4984311                    /lib/x86_64-linux-gnu/libgcrypt.so.11.7.0
7f7fc2e56000-7f7fc2e59000 rw-p 0007b000 08:06 4984311                    /lib/x86_64-linux-gnu/libgcrypt.so.11.7.0
7f7fc2e59000-7f7fc2e68000 r-xp 00000000 08:06 7610310                    /usr/lib/x86_64-linux-gnu/libtasn1.so.3.1.16
7f7fc2e68000-7f7fc3068000 ---p 0000f000 08:06 7610310                    /usr/lib/x86_64-linux-gnu/libtasn1.so.3.1.16
7f7fc3068000-7f7fc3069000 r--p 0000f000 08:06 7610310                    /usr/lib/x86_64-linux-gnu/libtasn1.so.3.1.16
7f7fc3069000-7f7fc306a000 rw-p 00010000 08:06 7610310                    /usr/lib/x86_64-linux-gnu/libtasn1.so.3.1.16
7f7fc306a000-7f7fc3071000 r-xp 00000000 08:06 7610087                    /usr/lib/x86_64-linux-gnu/libkrb5support.so.0.1
7f7fc3071000-7f7fc3270000 ---p 00007000 08:06 7610087                    /usr/lib/x86_64-linux-gnu/libkrb5support.so.0.1
7f7fc3270000-7f7fc3271000 r--p 00006000 08:06 7610087                    /usr/lib/x86_64-linux-gnu/libkrb5support.so.0.1
7f7fc3271000-7f7fc3272000 rw-p 00007000 08:06 7610087                    /usr/lib/x86_64-linux-gnu/libkrb5support.so.0.1
7f7fc3272000-7f7fc3275000 r-xp 00000000 08:06 4984291                    /lib/x86_64-linux-gnu/libcom_err.so.2.1
7f7fc3275000-7f7fc3474000 ---p 00003000 08:06 4984291                    /lib/x86_64-linux-gnu/libcom_err.so.2.1
7f7fc3474000-7f7fc3475000 r--p 00002000 08:06 4984291                    /lib/x86_64-linux-gnu/libcom_err.so.2.1
7f7fc3475000-7f7fc3476000 rw-p 00003000 08:06 4984291                    /lib/x86_64-linux-gnu/libcom_err.so.2.1
7f7fc3476000-7f7fc349c000 r-xp 00000000 08:06 7610079                    /usr/lib/x86_64-linux-gnu/libk5crypto.so.3.1
7f7fc349c000-7f7fc369c000 ---p 00026000 08:06 7610079                    /usr/lib/x86_64-linux-gnu/libk5crypto.so.3.1
7f7fc369c000-7f7fc369d000 r--p 00026000 08:06 7610079                    /usr/lib/x86_64-linux-gnu/libk5crypto.so.3.1
7f7fc369d000-7f7fc369e000 rw-p 00027000 08:06 7610079                    /usr/lib/x86_64-linux-gnu/libk5crypto.so.3.1
7f7fc369e000-7f7fc369f000 rw-p 00000000 00:00 0 
7f7fc369f000-7f7fc3763000 r-xp 00000000 08:06 7610085                    /usr/lib/x86_64-linux-gnu/libkrb5.so.3.3
7f7fc3763000-7f7fc3962000 ---p 000c4000 08:06 7610085                    /usr/lib/x86_64-linux-gnu/libkrb5.so.3.3
7f7fc3962000-7f7fc396c000 r--p 000c3000 08:06 7610085                    /usr/lib/x86_64-linux-gnu/libkrb5.so.3.3
7f7fc396c000-7f7fc396d000 rw-p 000cd000 08:06 7610085                    /usr/lib/x86_64-linux-gnu/libkrb5.so.3.3
7f7fc396d000-7f7fc3975000 r-xp 00000000 08:06 7611292                    /usr/lib/x86_64-linux-gnu/libxcb-render.so.0.0.0
7f7fc3975000-7f7fc3b75000 ---p 00008000 08:06 7611292                    /usr/lib/x86_64-linux-gnu/libxcb-render.so.0.0.0
7f7fc3b75000-7f7fc3b76000 r--p 00008000 08:06 7611292                    /usr/lib/x86_64-linux-gnu/libxcb-render.so.0.0.0
7f7fc3b76000-7f7fc3b77000 rw-p 00009000 08:06 7611292                    /usr/lib/x86_64-linux-gnu/libxcb-render.so.0.0.0
7f7fc3b77000-7f7fc3b79000 r-xp 00000000 08:06 7611295                    /usr/lib/x86_64-linux-gnu/libxcb-shm.so.0.0.0
7f7fc3b79000-7f7fc3d78000 ---p 00002000 08:06 7611295                    /usr/lib/x86_64-linux-gnu/libxcb-shm.so.0.0.0
7f7fc3d78000-7f7fc3d79000 r--p 00001000 08:06 7611295                    /usr/lib/x86_64-linux-gnu/libxcb-shm.so.0.0.0
7f7fc3d79000-7f7fc3d7a000 rw-p 00002000 08:06 7611295                    /usr/lib/x86_64-linux-gnu/libxcb-shm.so.0.0.0
7f7fc3d7a000-7f7fc3dfa000 r-xp 00000000 08:06 7610197                    /usr/lib/x86_64-linux-gnu/libpixman-1.so.0.26.0
7f7fc3dfa000-7f7fc3ff9000 ---p 00080000 08:06 7610197                    /usr/lib/x86_64-linux-gnu/libpixman-1.so.0.26.0
7f7fc3ff9000-7f7fc3fff000 r--p 0007f000 08:06 7610197                    /usr/lib/x86_64-linux-gnu/libpixman-1.so.0.26.0
7f7fc3fff000-7f7fc4000000 rw-p 00085000 08:06 7610197                    /usr/lib/x86_64-linux-gnu/libpixman-1.so.0.26.0
7f7fc4000000-7f7fc41b7000 rw-p 00000000 00:00 0 
7f7fc41b7000-7f7fc8000000 ---p 00000000 00:00 0 
7f7fc8000000-7f7fc8021000 rw-p 00000000 00:00 0 
7f7fc8021000-7f7fcc000000 ---p 00000000 00:00 0 
7f7fcc000000-7f7fcc021000 rw-p 00000000 00:00 0 
7f7fcc021000-7f7fd0000000 ---p 00000000 00:00 0 
7f7fd0000000-7f7fd0142000 rw-p 00000000 00:00 0 
7f7fd0142000-7f7fd4000000 ---p 00000000 00:00 0 
7f7fd4000000-7f7fd4021000 rw-p 00000000 00:00 0 
7f7fd4021000-7f7fd8000000 ---p 00000000 00:00 0 
7f7fd8000000-7f7fd8021000 rw-p 00000000 00:00 0 
7f7fd8021000-7f7fdc000000 ---p 00000000 00:00 0 
7f7fdc000000-7f7fdc021000 rw-p 00000000 00:00 0 
7f7fdc021000-7f7fe0000000 ---p 00000000 00:00 0 
7f7fe0000000-7f7fe0021000 rw-p 00000000 00:00 0 
7f7fe0021000-7f7fe4000000 ---p 00000000 00:00 0 
7f7fe4000000-7f7fe4021000 rw-p 00000000 00:00 0 
7f7fe4021000-7f7fe8000000 ---p 00000000 00:00 0 
7f7fe8035000-7f7fe805a000 r-xp 00000000 08:06 4984375                    /lib/x86_64-linux-gnu/libpng12.so.0.49.0
7f7fe805a000-7f7fe8259000 ---p 00025000 08:06 4984375                    /lib/x86_64-linux-gnu/libpng12.so.0.49.0
7f7fe8259000-7f7fe825a000 r--p 00024000 08:06 4984375                    /lib/x86_64-linux-gnu/libpng12.so.0.49.0
7f7fe825a000-7f7fe825b000 rw-p 00025000 08:06 4984375                    /lib/x86_64-linux-gnu/libpng12.so.0.49.0
7f7fe825b000-7f7fe8260000 r-xp 00000000 08:06 7609654                    /usr/lib/x86_64-linux-gnu/libXdmcp.so.6.0.0
7f7fe8260000-7f7fe845f000 ---p 00005000 08:06 7609654                    /usr/lib/x86_64-linux-gnu/libXdmcp.so.6.0.0
7f7fe845f000-7f7fe8460000 r--p 00004000 08:06 7609654                    /usr/lib/x86_64-linux-gnu/libXdmcp.so.6.0.0
7f7fe8460000-7f7fe8461000 rw-p 00005000 08:06 7609654                    /usr/lib/x86_64-linux-gnu/libXdmcp.so.6.0.0
7f7fe8461000-7f7fe8463000 r-xp 00000000 08:06 7609643                    /usr/lib/x86_64-linux-gnu/libXau.so.6.0.0
7f7fe8463000-7f7fe8663000 ---p 00002000 08:06 7609643                    /usr/lib/x86_64-linux-gnu/libXau.so.6.0.0
7f7fe8663000-7f7fe8664000 r--p 00002000 08:06 7609643                    /usr/lib/x86_64-linux-gnu/libXau.so.6.0.0
7f7fe8664000-7f7fe8665000 rw-p 00003000 08:06 7609643                    /usr/lib/x86_64-linux-gnu/libXau.so.6.0.0
7f7fe8665000-7f7fe8674000 r-xp 00000000 08:06 7609724                    /usr/lib/x86_64-linux-gnu/libavahi-client.so.3.2.9
7f7fe8674000-7f7fe8874000 ---p 0000f000 08:06 7609724                    /usr/lib/x86_64-linux-gnu/libavahi-client.so.3.2.9
7f7fe8874000-7f7fe8875000 r--p 0000f000 08:06 7609724                    /usr/lib/x86_64-linux-gnu/libavahi-client.so.3.2.9
7f7fe8875000-7f7fe8876000 rw-p 00010000 08:06 7609724                    /usr/lib/x86_64-linux-gnu/libavahi-client.so.3.2.9
7f7fe8876000-7f7fe8881000 r-xp 00000000 08:06 7609726                    /usr/lib/x86_64-linux-gnu/libavahi-common.so.3.5.3
7f7fe8881000-7f7fe8a80000 ---p 0000b000 08:06 7609726                    /usr/lib/x86_64-linux-gnu/libavahi-common.so.3.5.3
7f7fe8a80000-7f7fe8a81000 r--p 0000a000 08:06 7609726                    /usr/lib/x86_64-linux-gnu/libavahi-common.so.3.5.3
7f7fe8a81000-7f7fe8a82000 rw-p 0000b000 08:06 7609726                    /usr/lib/x86_64-linux-gnu/libavahi-common.so.3.5.3
7f7fe8a82000-7f7fe8b36000 r-xp 00000000 08:06 7611610                    /usr/lib/x86_64-linux-gnu/libgnutls.so.26.21.8
7f7fe8b36000-7f7fe8d36000 ---p 000b4000 08:06 7611610                    /usr/lib/x86_64-linux-gnu/libgnutls.so.26.21.8
7f7fe8d36000-7f7fe8d3c000 r--p 000b4000 08:06 7611610                    /usr/lib/x86_64-linux-gnu/libgnutls.so.26.21.8
7f7fe8d3c000-7f7fe8d3d000 rw-p 000ba000 08:06 7611610                    /usr/lib/x86_64-linux-gnu/libgnutls.so.26.21.8
7f7fe8d3d000-7f7fe8d3e000 rw-p 00000000 00:00 0 
7f7fe8d3e000-7f7fe8d79000 r-xp 00000000 08:06 7609962                    /usr/lib/x86_64-linux-gnu/libgssapi_krb5.so.2.2
7f7fe8d79000-7f7fe8f79000 ---p 0003b000 08:06 7609962                    /usr/lib/x86_64-linux-gnu/libgssapi_krb5.so.2.2
7f7fe8f79000-7f7fe8f7a000 r--p 0003b000 08:06 7609962                    /usr/lib/x86_64-linux-gnu/libgssapi_krb5.so.2.2
7f7fe8f7a000-7f7fe8f7c000 rw-p 0003c000 08:06 7609962                    /usr/lib/x86_64-linux-gnu/libgssapi_krb5.so.2.2
7f7fe8f7c000-7f7fe8fb8000 r-xp 00000000 08:06 4984371                    /lib/x86_64-linux-gnu/libpcre.so.3.13.1
7f7fe8fb8000-7f7fe91b7000 ---p 0003c000 08:06 4984371                    /lib/x86_64-linux-gnu/libpcre.so.3.13.1
7f7fe91b7000-7f7fe91b8000 r--p 0003b000 08:06 4984371                    /lib/x86_64-linux-gnu/libpcre.so.3.13.1
7f7fe91b8000-7f7fe91b9000 rw-p 0003c000 08:06 4984371                    /lib/x86_64-linux-gnu/libpcre.so.3.13.1
7f7fe91b9000-7f7fe91c0000 r-xp 00000000 08:06 7609857                    /usr/lib/x86_64-linux-gnu/libffi.so.6.0.0
7f7fe91c0000-7f7fe93bf000 ---p 00007000 08:06 7609857                    /usr/lib/x86_64-linux-gnu/libffi.so.6.0.0
7f7fe93bf000-7f7fe93c0000 r--p 00006000 08:06 7609857                    /usr/lib/x86_64-linux-gnu/libffi.so.6.0.0
7f7fe93c0000-7f7fe93c1000 rw-p 00007000 08:06 7609857                    /usr/lib/x86_64-linux-gnu/libffi.so.6.0.0
7f7fe93c1000-7f7fe93e7000 r-xp 00000000 08:06 4984304                    /lib/x86_64-linux-gnu/libexpat.so.1.6.0
7f7fe93e7000-7f7fe95e7000 ---p 00026000 08:06 4984304                    /lib/x86_64-linux-gnu/libexpat.so.1.6.0
7f7fe95e7000-7f7fe95e9000 r--p 00026000 08:06 4984304                    /lib/x86_64-linux-gnu/libexpat.so.1.6.0
7f7fe95e9000-7f7fe95ea000 rw-p 00028000 08:06 4984304                    /lib/x86_64-linux-gnu/libexpat.so.1.6.0
7f7fe95ea000-7f7fe9680000 r-xp 00000000 08:06 7605936                    /usr/lib/x86_64-linux-gnu/libfreetype.so.6.9.0
7f7fe9680000-7f7fe987f000 ---p 00096000 08:06 7605936                    /usr/lib/x86_64-linux-gnu/libfreetype.so.6.9.0
7f7fe987f000-7f7fe9885000 r--p 00095000 08:06 7605936                    /usr/lib/x86_64-linux-gnu/libfreetype.so.6.9.0
7f7fe9885000-7f7fe9886000 rw-p 0009b000 08:06 7605936                    /usr/lib/x86_64-linux-gnu/libfreetype.so.6.9.0
7f7fe9886000-7f7fe989e000 r-xp 00000000 08:06 4988095                    /lib/x86_64-linux-gnu/libresolv-2.15.so
7f7fe989e000-7f7fe9a9e000 ---p 00018000 08:06 4988095                    /lib/x86_64-linux-gnu/libresolv-2.15.so
7f7fe9a9e000-7f7fe9a9f000 r--p 00018000 08:06 4988095                    /lib/x86_64-linux-gnu/libresolv-2.15.so
7f7fe9a9f000-7f7fe9aa0000 rw-p 00019000 08:06 4988095                    /lib/x86_64-linux-gnu/libresolv-2.15.so
7f7fe9aa0000-7f7fe9aa2000 rw-p 00000000 00:00 0 
7f7fe9aa2000-7f7fe9abf000 r-xp 00000000 08:06 4984390                    /lib/x86_64-linux-gnu/libselinux.so.1
7f7fe9abf000-7f7fe9cbe000 ---p 0001d000 08:06 4984390                    /lib/x86_64-linux-gnu/libselinux.so.1
7f7fe9cbe000-7f7fe9cbf000 r--p 0001c000 08:06 4984390                    /lib/x86_64-linux-gnu/libselinux.so.1
7f7fe9cbf000-7f7fe9cc0000 rw-p 0001d000 08:06 4984390                    /lib/x86_64-linux-gnu/libselinux.so.1
7f7fe9cc0000-7f7fe9cc1000 rw-p 00000000 00:00 0 
7f7fe9cc1000-7f7fe9cc4000 r-xp 00000000 08:06 7602558                    /usr/lib/x86_64-linux-gnu/libgmodule-2.0.so.0.3400.1
7f7fe9cc4000-7f7fe9ec3000 ---p 00003000 08:06 7602558                    /usr/lib/x86_64-linux-gnu/libgmodule-2.0.so.0.3400.1
7f7fe9ec3000-7f7fe9ec4000 r--p 00002000 08:06 7602558                    /usr/lib/x86_64-linux-gnu/libgmodule-2.0.so.0.3400.1
7f7fe9ec4000-7f7fe9ec5000 rw-p 00003000 08:06 7602558                    /usr/lib/x86_64-linux-gnu/libgmodule-2.0.so.0.3400.1
7f7fe9ec5000-7f7fe9ec7000 r-xp 00000000 08:06 7609652                    /usr/lib/x86_64-linux-gnu/libXdamage.so.1.1.0
7f7fe9ec7000-7f7fea0c6000 ---p 00002000 08:06 7609652                    /usr/lib/x86_64-linux-gnu/libXdamage.so.1.1.0
7f7fea0c6000-7f7fea0c7000 r--p 00001000 08:06 7609652                    /usr/lib/x86_64-linux-gnu/libXdamage.so.1.1.0
7f7fea0c7000-7f7fea0c8000 rw-p 00002000 08:06 7609652                    /usr/lib/x86_64-linux-gnu/libXdamage.so.1.1.0
7f7fea0c8000-7f7fea0ca000 r-xp 00000000 08:06 7609648                    /usr/lib/x86_64-linux-gnu/libXcomposite.so.1.0.0
7f7fea0ca000-7f7fea2c9000 ---p 00002000 08:06 7609648                    /usr/lib/x86_64-linux-gnu/libXcomposite.so.1.0.0
7f7fea2c9000-7f7fea2ca000 r--p 00001000 08:06 7609648                    /usr/lib/x86_64-linux-gnu/libXcomposite.so.1.0.0
7f7fea2ca000-7f7fea2cb000 rw-p 00002000 08:06 7609648                    /usr/lib/x86_64-linux-gnu/libXcomposite.so.1.0.0
7f7fea2cb000-7f7fea2d4000 r-xp 00000000 08:06 7609675                    /usr/lib/x86_64-linux-gnu/libXcursor.so.1.0.2
7f7fea2d4000-7f7fea4d4000 ---p 00009000 08:06 7609675                    /usr/lib/x86_64-linux-gnu/libXcursor.so.1.0.2
7f7fea4d4000-7f7fea4d5000 r--p 00009000 08:06 7609675                    /usr/lib/x86_64-linux-gnu/libXcursor.so.1.0.2
7f7fea4d5000-7f7fea4d6000 rw-p 0000a000 08:06 7609675                    /usr/lib/x86_64-linux-gnu/libXcursor.so.1.0.2
7f7fea4d6000-7f7fea4df000 r-xp 00000000 08:06 7627007                    /usr/lib/x86_64-linux-gnu/libXrandr.so.2.2.0
7f7fea4df000-7f7fea6de000 ---p 00009000 08:06 7627007                    /usr/lib/x86_64-linux-gnu/libXrandr.so.2.2.0
7f7fea6de000-7f7fea6df000 r--p 00008000 08:06 7627007                    /usr/lib/x86_64-linux-gnu/libXrandr.so.2.2.0
7f7fea6df000-7f7fea6e0000 rw-p 00009000 08:06 7627007                    /usr/lib/x86_64-linux-gnu/libXrandr.so.2.2.0
7f7fea6e0000-7f7fea6e2000 r-xp 00000000 08:06 7611299                    /usr/lib/x86_64-linux-gnu/libXinerama.so.1.0.0
7f7fea6e2000-7f7fea8e1000 ---p 00002000 08:06 7611299                    /usr/lib/x86_64-linux-gnu/libXinerama.so.1.0.0
7f7fea8e1000-7f7fea8e2000 r--p 00001000 08:06 7611299                    /usr/lib/x86_64-linux-gnu/libXinerama.so.1.0.0
7f7fea8e2000-7f7fea8e3000 rw-p 00002000 08:06 7611299                    /usr/lib/x86_64-linux-gnu/libXinerama.so.1.0.0
7f7fea8e3000-7f7fea90d000 r-xp 00000000 08:06 7610179                    /usr/lib/x86_64-linux-gnu/libpangoft2-1.0.so.0.3000.1
7f7fea90d000-7f7feab0c000 ---p 0002a000 08:06 7610179                    /usr/lib/x86_64-linux-gnu/libpangoft2-1.0.so.0.3000.1
7f7feab0c000-7f7feab0d000 r--p 00029000 08:06 7610179                    /usr/lib/x86_64-linux-gnu/libpangoft2-1.0.so.0.3000.1
7f7feab0d000-7f7feab0e000 rw-p 0002a000 08:06 7610179                    /usr/lib/x86_64-linux-gnu/libpangoft2-1.0.so.0.3000.1
7f7feab0e000-7f7feac00000 r-xp 00000000 08:06 7612299                    /usr/lib/x86_64-linux-gnu/libcairo.so.2.11200.2
7f7feac00000-7f7feae00000 ---p 000f2000 08:06 7612299                    /usr/lib/x86_64-linux-gnu/libcairo.so.2.11200.2
7f7feae00000-7f7feae03000 r--p 000f2000 08:06 7612299                    /usr/lib/x86_64-linux-gnu/libcairo.so.2.11200.2
7f7feae03000-7f7feae04000 rw-p 000f5000 08:06 7612299                    /usr/lib/x86_64-linux-gnu/libcairo.so.2.11200.2
7f7feae04000-7f7feae06000 rw-p 00000000 00:00 0 
7f7feae06000-7f7feae25000 r-xp 00000000 08:06 7609714                    /usr/lib/x86_64-linux-gnu/libatk-1.0.so.0.20609.1
7f7feae25000-7f7feb025000 ---p 0001f000 08:06 7609714                    /usr/lib/x86_64-linux-gnu/libatk-1.0.so.0.20609.1
7f7feb025000-7f7feb027000 r--p 0001f000 08:06 7609714                    /usr/lib/x86_64-linux-gnu/libatk-1.0.so.0.20609.1
7f7feb027000-7f7feb028000 rw-p 00021000 08:06 7609714                    /usr/lib/x86_64-linux-gnu/libatk-1.0.so.0.20609.1
7f7feb028000-7f7feb02d000 r-xp 00000000 08:06 7612716                    /usr/lib/x86_64-linux-gnu/libXfixes.so.3.1.0
7f7feb02d000-7f7feb22c000 ---p 00005000 08:06 7612716                    /usr/lib/x86_64-linux-gnu/libXfixes.so.3.1.0
7f7feb22c000-7f7feb22d000 r--p 00004000 08:06 7612716                    /usr/lib/x86_64-linux-gnu/libXfixes.so.3.1.0
7f7feb22d000-7f7feb22e000 rw-p 00005000 08:06 7612716                    /usr/lib/x86_64-linux-gnu/libXfixes.so.3.1.0
7f7feb22e000-7f7feb239000 r-xp 00000000 08:06 7610177                    /usr/lib/x86_64-linux-gnu/libpangocairo-1.0.so.0.3000.1
7f7feb239000-7f7feb438000 ---p 0000b000 08:06 7610177                    /usr/lib/x86_64-linux-gnu/libpangocairo-1.0.so.0.3000.1
7f7feb438000-7f7feb439000 r--p 0000a000 08:06 7610177                    /usr/lib/x86_64-linux-gnu/libpangocairo-1.0.so.0.3000.1
7f7feb439000-7f7feb43a000 rw-p 0000b000 08:06 7610177                    /usr/lib/x86_64-linux-gnu/libpangocairo-1.0.so.0.3000.1
7f7feb43a000-7f7feb457000 r-xp 00000000 08:06 7610396                    /usr/lib/x86_64-linux-gnu/libxcb.so.1.1.0
7f7feb457000-7f7feb656000 ---p 0001d000 08:06 7610396                    /usr/lib/x86_64-linux-gnu/libxcb.so.1.1.0
7f7feb656000-7f7feb657000 r--p 0001c000 08:06 7610396                    /usr/lib/x86_64-linux-gnu/libxcb.so.1.1.0
7f7feb657000-7f7feb658000 rw-p 0001d000 08:06 7610396                    /usr/lib/x86_64-linux-gnu/libxcb.so.1.1.0
7f7feb658000-7f7feb6b3000 r-xp 00000000 08:06 7602835                    /usr/lib/x86_64-linux-gnu/libcups.so.2
7f7feb6b3000-7f7feb8b2000 ---p 0005b000 08:06 7602835                    /usr/lib/x86_64-linux-gnu/libcups.so.2
7f7feb8b2000-7f7feb8b7000 r--p 0005a000 08:06 7602835                    /usr/lib/x86_64-linux-gnu/libcups.so.2
7f7feb8b7000-7f7feb8b8000 rw-p 0005f000 08:06 7602835                    /usr/lib/x86_64-linux-gnu/libcups.so.2
7f7feb8b8000-7f7feb9ad000 r-xp 00000000 08:06 4984547                    /lib/x86_64-linux-gnu/libglib-2.0.so.0.3400.1
7f7feb9ad000-7f7febbac000 ---p 000f5000 08:06 4984547                    /lib/x86_64-linux-gnu/libglib-2.0.so.0.3400.1
7f7febbac000-7f7febbad000 r--p 000f4000 08:06 4984547                    /lib/x86_64-linux-gnu/libglib-2.0.so.0.3400.1
7f7febbad000-7f7febbae000 rw-p 000f5000 08:06 4984547                    /lib/x86_64-linux-gnu/libglib-2.0.so.0.3400.1
7f7febbae000-7f7febbaf000 rw-p 00000000 00:00 0 
7f7febbaf000-7f7febbb0000 r-xp 00000000 08:06 7602563                    /usr/lib/x86_64-linux-gnu/libgthread-2.0.so.0.3400.1
7f7febbb0000-7f7febdaf000 ---p 00001000 08:06 7602563                    /usr/lib/x86_64-linux-gnu/libgthread-2.0.so.0.3400.1
7f7febdaf000-7f7febdb0000 r--p 00000000 08:06 7602563                    /usr/lib/x86_64-linux-gnu/libgthread-2.0.so.0.3400.1
7f7febdb0000-7f7febdb1000 rw-p 00001000 08:06 7602563                    /usr/lib/x86_64-linux-gnu/libgthread-2.0.so.0.3400.1
7f7febdb1000-7f7febdfe000 r-xp 00000000 08:06 7602539                    /usr/lib/x86_64-linux-gnu/libgobject-2.0.so.0.3400.1
7f7febdfe000-7f7febffe000 ---p 0004d000 08:06 7602539                    /usr/lib/x86_64-linux-gnu/libgobject-2.0.so.0.3400.1
7f7febffe000-7f7febfff000 r--p 0004d000 08:06 7602539                    /usr/lib/x86_64-linux-gnu/libgobject-2.0.so.0.3400.1
7f7febfff000-7f7fec000000 rw-p 0004e000 08:06 7602539                    /usr/lib/x86_64-linux-gnu/libgobject-2.0.so.0.3400.1
7f7fec000000-7f7fec021000 rw-p 00000000 00:00 0 
7f7fec021000-7f7ff0000000 ---p 00000000 00:00 0 
7f7ff0000000-7f7ff0003000 ---p 00000000 00:00 0 
7f7ff0003000-7f7ff0059000 rw-p 00000000 00:00 0                          [stack:14403]
7f7ff0059000-7f7ff0090000 r-xp 00000000 08:06 7609859                    /usr/lib/x86_64-linux-gnu/libfontconfig.so.1.6.2
7f7ff0090000-7f7ff0290000 ---p 00037000 08:06 7609859                    /usr/lib/x86_64-linux-gnu/libfontconfig.so.1.6.2
7f7ff0290000-7f7ff0291000 r--p 00037000 08:06 7609859                    /usr/lib/x86_64-linux-gnu/libfontconfig.so.1.6.2
7f7ff0291000-7f7ff0292000 rw-p 00038000 08:06 7609859                    /usr/lib/x86_64-linux-gnu/libfontconfig.so.1.6.2
7f7ff0292000-7f7ff0293000 rw-p 00000000 00:00 0 
7f7ff0293000-7f7ff02da000 r-xp 00000000 08:06 7610175                    /usr/lib/x86_64-linux-gnu/libpango-1.0.so.0.3000.1
7f7ff02da000-7f7ff04d9000 ---p 00047000 08:06 7610175                    /usr/lib/x86_64-linux-gnu/libpango-1.0.so.0.3000.1
7f7ff04d9000-7f7ff04db000 r--p 00046000 08:06 7610175                    /usr/lib/x86_64-linux-gnu/libpango-1.0.so.0.3000.1
7f7ff04db000-7f7ff04dc000 rw-p 00048000 08:06 7610175                    /usr/lib/x86_64-linux-gnu/libpango-1.0.so.0.3000.1
7f7ff04dc000-7f7ff04fa000 r-xp 00000000 08:06 7609908                    /usr/lib/x86_64-linux-gnu/libgdk_pixbuf-2.0.so.0.2600.4
7f7ff04fa000-7f7ff06f9000 ---p 0001e000 08:06 7609908                    /usr/lib/x86_64-linux-gnu/libgdk_pixbuf-2.0.so.0.2600.4
7f7ff06f9000-7f7ff06fa000 r--p 0001d000 08:06 7609908                    /usr/lib/x86_64-linux-gnu/libgdk_pixbuf-2.0.so.0.2600.4
7f7ff06fa000-7f7ff06fb000 rw-p 0001e000 08:06 7609908                    /usr/lib/x86_64-linux-gnu/libgdk_pixbuf-2.0.so.0.2600.4
7f7ff06fb000-7f7ff0849000 r-xp 00000000 08:06 7602564                    /usr/lib/x86_64-linux-gnu/libgio-2.0.so.0.3400.1
7f7ff0849000-7f7ff0a48000 ---p 0014e000 08:06 7602564                    /usr/lib/x86_64-linux-gnu/libgio-2.0.so.0.3400.1
7f7ff0a48000-7f7ff0a4c000 r--p 0014d000 08:06 7602564                    /usr/lib/x86_64-linux-gnu/libgio-2.0.so.0.3400.1
7f7ff0a4c000-7f7ff0a4e000 rw-p 00151000 08:06 7602564                    /usr/lib/x86_64-linux-gnu/libgio-2.0.so.0.3400.1
7f7ff0a4e000-7f7ff0a50000 rw-p 00000000 00:00 0 
7f7ff0a50000-7f7ff0afd000 r-xp 00000000 08:06 7609906                    /usr/lib/x86_64-linux-gnu/libgdk-x11-2.0.so.0.2400.13
7f7ff0afd000-7f7ff0cfc000 ---p 000ad000 08:06 7609906                    /usr/lib/x86_64-linux-gnu/libgdk-x11-2.0.so.0.2400.13
7f7ff0cfc000-7f7ff0d00000 r--p 000ac000 08:06 7609906                    /usr/lib/x86_64-linux-gnu/libgdk-x11-2.0.so.0.2400.13
7f7ff0d00000-7f7ff0d02000 rw-p 000b0000 08:06 7609906                    /usr/lib/x86_64-linux-gnu/libgdk-x11-2.0.so.0.2400.13
7f7ff0d02000-7f7ff112f000 r-xp 00000000 08:06 7610010                    /usr/lib/x86_64-linux-gnu/libgtk-x11-2.0.so.0.2400.13
7f7ff112f000-7f7ff132e000 ---p 0042d000 08:06 7610010                    /usr/lib/x86_64-linux-gnu/libgtk-x11-2.0.so.0.2400.13
7f7ff132e000-7f7ff1335000 r--p 0042c000 08:06 7610010                    /usr/lib/x86_64-linux-gnu/libgtk-x11-2.0.so.0.2400.13
7f7ff1335000-7f7ff1339000 rw-p 00433000 08:06 7610010                    /usr/lib/x86_64-linux-gnu/libgtk-x11-2.0.so.0.2400.13
7f7ff1339000-7f7ff133b000 rw-p 00000000 00:00 0 
7f7ff133b000-7f7ff1349000 r-xp 00000000 08:06 7611199                    /usr/lib/x86_64-linux-gnu/libXi.so.6.1.0
7f7ff1349000-7f7ff1548000 ---p 0000e000 08:06 7611199                    /usr/lib/x86_64-linux-gnu/libXi.so.6.1.0
7f7ff1548000-7f7ff1549000 r--p 0000d000 08:06 7611199                    /usr/lib/x86_64-linux-gnu/libXi.so.6.1.0
7f7ff1549000-7f7ff154a000 rw-p 0000e000 08:06 7611199                    /usr/lib/x86_64-linux-gnu/libXi.so.6.1.0
7f7ff154a000-7f7ff154f000 r-xp 00000000 08:06 7611202                    /usr/lib/x86_64-linux-gnu/libXtst.so.6.1.0
7f7ff154f000-7f7ff174e000 ---p 00005000 08:06 7611202                    /usr/lib/x86_64-linux-gnu/libXtst.so.6.1.0
7f7ff174e000-7f7ff174f000 r--p 00004000 08:06 7611202                    /usr/lib/x86_64-linux-gnu/libXtst.so.6.1.0
7f7ff174f000-7f7ff1750000 rw-p 00005000 08:06 7611202                    /usr/lib/x86_64-linux-gnu/libXtst.so.6.1.0
7f7ff1750000-7f7ff1759000 r-xp 00000000 08:06 7611818                    /usr/lib/x86_64-linux-gnu/libXrender.so.1.3.0
7f7ff1759000-7f7ff1958000 ---p 00009000 08:06 7611818                    /usr/lib/x86_64-linux-gnu/libXrender.so.1.3.0
7f7ff1958000-7f7ff1959000 r--p 00008000 08:06 7611818                    /usr/lib/x86_64-linux-gnu/libXrender.so.1.3.0
7f7ff1959000-7f7ff195a000 rw-p 00009000 08:06 7611818                    /usr/lib/x86_64-linux-gnu/libXrender.so.1.3.0
7f7ff195a000-7f7ff1a8e000 r-xp 00000000 08:06 7611193                    /usr/lib/x86_64-linux-gnu/libX11.so.6.3.0
7f7ff1a8e000-7f7ff1c8e000 ---p 00134000 08:06 7611193                    /usr/lib/x86_64-linux-gnu/libX11.so.6.3.0
7f7ff1c8e000-7f7ff1c8f000 r--p 00134000 08:06 7611193                    /usr/lib/x86_64-linux-gnu/libX11.so.6.3.0
7f7ff1c8f000-7f7ff1c94000 rw-p 00135000 08:06 7611193                    /usr/lib/x86_64-linux-gnu/libX11.so.6.3.0
7f7ff1c94000-7f7ff1ca5000 r-xp 00000000 08:06 7611196                    /usr/lib/x86_64-linux-gnu/libXext.so.6.4.0
7f7ff1ca5000-7f7ff1ea4000 ---p 00011000 08:06 7611196                    /usr/lib/x86_64-linux-gnu/libXext.so.6.4.0
7f7ff1ea4000-7f7ff1ea5000 r--p 00010000 08:06 7611196                    /usr/lib/x86_64-linux-gnu/libXext.so.6.4.0
7f7ff1ea5000-7f7ff1ea6000 rw-p 00011000 08:06 7611196                    /usr/lib/x86_64-linux-gnu/libXext.so.6.4.0
7f7ff1ec7000-7f7ff1f19000 r-xp 00000000 08:06 8659515                    /usr/lib/jvm/java-7-openjdk-amd64/jre/lib/amd64/xawt/libmawt.so
7f7ff1f19000-7f7ff2119000 ---p 00052000 08:06 8659515                    /usr/lib/jvm/java-7-openjdk-amd64/jre/lib/amd64/xawt/libmawt.so
7f7ff2119000-7f7ff211a000 r--p 00052000 08:06 8659515                    /usr/lib/jvm/java-7-openjdk-amd64/jre/lib/amd64/xawt/libmawt.so
7f7ff211a000-7f7ff211d000 rw-p 00053000 08:06 8659515                    /usr/lib/jvm/java-7-openjdk-amd64/jre/lib/amd64/xawt/libmawt.so
7f7ff211d000-7f7ff211e000 rw-p 00000000 00:00 0 
7f7ff211e000-7f7ff21bf000 r-xp 00000000 08:06 8392505                    /usr/lib/jvm/java-7-openjdk-amd64/jre/lib/amd64/libawt.so
7f7ff21bf000-7f7ff23be000 ---p 000a1000 08:06 8392505                    /usr/lib/jvm/java-7-openjdk-amd64/jre/lib/amd64/libawt.so
7f7ff23be000-7f7ff23bf000 r--p 000a0000 08:06 8392505                    /usr/lib/jvm/java-7-openjdk-amd64/jre/lib/amd64/libawt.so
7f7ff23bf000-7f7ff23ca000 rw-p 000a1000 08:06 8392505                    /usr/lib/jvm/java-7-openjdk-amd64/jre/lib/amd64/libawt.so
7f7ff23ca000-7f7ff23ef000 rw-p 00000000 00:00 0 
7f7ff23ef000-7f7ff23f0000 ---p 00000000 00:00 0 
7f7ff23f0000-7f7ff4000000 rw-p 00000000 00:00 0                          [stack:14302]
7f7ff4000000-7f7ff4021000 rw-p 00000000 00:00 0 
7f7ff4021000-7f7ff8000000 ---p 00000000 00:00 0 
7f7ff8016000-7f7ff8019000 ---p 00000000 00:00 0 
7f7ff8019000-7f7ff8117000 rw-p 00000000 00:00 0                          [stack:14301]
7f7ff8117000-7f7ff811a000 ---p 00000000 00:00 0 
7f7ff811a000-7f7ff8218000 rw-p 00000000 00:00 0                          [stack:14300]
7f7ff8218000-7f7ff821b000 ---p 00000000 00:00 0 
7f7ff821b000-7f7ff8319000 rw-p 00000000 00:00 0                          [stack:14299]
7f7ff8319000-7f7ff831c000 ---p 00000000 00:00 0 
7f7ff831c000-7f7ff841a000 rw-p 00000000 00:00 0                          [stack:14298]
7f7ff841a000-7f7ff8afb000 r--p 00000000 08:06 7608773                    /usr/lib/locale/locale-archive
7f7ff8afb000-7f7ff8afe000 ---p 00000000 00:00 0 
7f7ff8afe000-7f7ff8bfc000 rw-p 00000000 00:00 0                          [stack:14297]
7f7ff8bfc000-7f7ff8bff000 ---p 00000000 00:00 0 
7f7ff8bff000-7f7ff8cfd000 rw-p 00000000 00:00 0                          [stack:14296]
7f7ff8cfd000-7f7ff8cfe000 ---p 00000000 00:00 0 
7f7ff8cfe000-7f7ff9000000 rw-p 00000000 00:00 0                          [stack:14295]
7f7ff9000000-7f7ff9270000 rwxp 00000000 00:00 0 
7f7ff9270000-7f7ffc3a7000 rw-p 00000000 00:00 0 
7f7ffc3a7000-7f8000000000 ---p 00000000 00:00 0 
7f800000e000-7f8000011000 ---p 00000000 00:00 0 
7f8000011000-7f8000036000 rw-p 00000000 00:00 0                          [stack:14309]
7f8000036000-7f800003d000 r--s 00000000 08:06 8006424                    /usr/lib/x86_64-linux-gnu/gconv/gconv-modules.cache
7f800003d000-7f8000062000 r--p 00000000 08:06 8524895                    /usr/share/locale-langpack/es/LC_MESSAGES/libc.mo
7f8000062000-7f800006d000 r--s 001fb000 08:06 8257821                    /usr/lib/jvm/java-7-openjdk-common/jre/lib/charsets.jar
7f800006d000-7f8000076000 r--s 000bc000 08:06 8257822                    /usr/lib/jvm/java-7-openjdk-common/jre/lib/resources.jar
7f8000076000-7f8000e94000 rw-p 00000000 00:00 0 
7f8000e94000-7f8001040000 r--s 01cdd000 08:06 8392475                    /usr/lib/jvm/java-7-openjdk-amd64/jre/lib/rt.jar
7f8001040000-7f8001704000 rw-p 00000000 00:00 0 
7f8001704000-7f8001705000 ---p 00000000 00:00 0 
7f8001705000-7f8001805000 rw-p 00000000 00:00 0                          [stack:14294]
7f8001805000-7f8001806000 ---p 00000000 00:00 0 
7f8001806000-7f8001906000 rw-p 00000000 00:00 0                          [stack:14293]
7f8001906000-7f8001907000 ---p 00000000 00:00 0 
7f8001907000-7f8001a07000 rw-p 00000000 00:00 0                          [stack:14292]
7f8001a07000-7f8001a08000 ---p 00000000 00:00 0 
7f8001a08000-7f8001b13000 rw-p 00000000 00:00 0                          [stack:14291]
7f8001b13000-7f8001b5b000 rw-p 00000000 00:00 0 
7f8001b5b000-7f8001b6a000 rw-p 00000000 00:00 0 
7f8001b6a000-7f8001c45000 rw-p 00000000 00:00 0 
7f8001c45000-7f8001c50000 rw-p 00000000 00:00 0 
7f8001c50000-7f8001c98000 rw-p 00000000 00:00 0 
7f8001c98000-7f8001ca7000 rw-p 00000000 00:00 0 
7f8001ca7000-7f8001d81000 rw-p 00000000 00:00 0 
7f8001d81000-7f8001d89000 rw-p 00000000 00:00 0 
7f8001d89000-7f8001df6000 rw-p 00000000 00:00 0 
7f8001df6000-7f8001df7000 rw-p 00000000 00:00 0 
7f8001df7000-7f8001dff000 r-xp 00000000 08:06 8392520                    /usr/lib/jvm/java-7-openjdk-amd64/jre/lib/amd64/libzip.so
7f8001dff000-7f8001ffe000 ---p 00008000 08:06 8392520                    /usr/lib/jvm/java-7-openjdk-amd64/jre/lib/amd64/libzip.so
7f8001ffe000-7f8001fff000 r--p 00007000 08:06 8392520                    /usr/lib/jvm/java-7-openjdk-amd64/jre/lib/amd64/libzip.so
7f8001fff000-7f8002000000 rw-p 00008000 08:06 8392520                    /usr/lib/jvm/java-7-openjdk-amd64/jre/lib/amd64/libzip.so
7f8002000000-7f800200c000 r-xp 00000000 08:06 4988036                    /lib/x86_64-linux-gnu/libnss_files-2.15.so
7f800200c000-7f800220b000 ---p 0000c000 08:06 4988036                    /lib/x86_64-linux-gnu/libnss_files-2.15.so
7f800220b000-7f800220c000 r--p 0000b000 08:06 4988036                    /lib/x86_64-linux-gnu/libnss_files-2.15.so
7f800220c000-7f800220d000 rw-p 0000c000 08:06 4988036                    /lib/x86_64-linux-gnu/libnss_files-2.15.so
7f800220d000-7f8002217000 r-xp 00000000 08:06 4987958                    /lib/x86_64-linux-gnu/libnss_nis-2.15.so
7f8002217000-7f8002417000 ---p 0000a000 08:06 4987958                    /lib/x86_64-linux-gnu/libnss_nis-2.15.so
7f8002417000-7f8002418000 r--p 0000a000 08:06 4987958                    /lib/x86_64-linux-gnu/libnss_nis-2.15.so
7f8002418000-7f8002419000 rw-p 0000b000 08:06 4987958                    /lib/x86_64-linux-gnu/libnss_nis-2.15.so
7f8002419000-7f8002430000 r-xp 00000000 08:06 4988113                    /lib/x86_64-linux-gnu/libnsl-2.15.so
7f8002430000-7f800262f000 ---p 00017000 08:06 4988113                    /lib/x86_64-linux-gnu/libnsl-2.15.so
7f800262f000-7f8002630000 r--p 00016000 08:06 4988113                    /lib/x86_64-linux-gnu/libnsl-2.15.so
7f8002630000-7f8002631000 rw-p 00017000 08:06 4988113                    /lib/x86_64-linux-gnu/libnsl-2.15.so
7f8002631000-7f8002633000 rw-p 00000000 00:00 0 
7f8002633000-7f800263b000 r-xp 00000000 08:06 4988198                    /lib/x86_64-linux-gnu/libnss_compat-2.15.so
7f800263b000-7f800283a000 ---p 00008000 08:06 4988198                    /lib/x86_64-linux-gnu/libnss_compat-2.15.so
7f800283a000-7f800283b000 r--p 00007000 08:06 4988198                    /lib/x86_64-linux-gnu/libnss_compat-2.15.so
7f800283b000-7f800283c000 rw-p 00008000 08:06 4988198                    /lib/x86_64-linux-gnu/libnss_compat-2.15.so
7f800283c000-7f8002867000 r-xp 00000000 08:06 8392504                    /usr/lib/jvm/java-7-openjdk-amd64/jre/lib/amd64/libjava.so
7f8002867000-7f8002a66000 ---p 0002b000 08:06 8392504                    /usr/lib/jvm/java-7-openjdk-amd64/jre/lib/amd64/libjava.so
7f8002a66000-7f8002a67000 r--p 0002a000 08:06 8392504                    /usr/lib/jvm/java-7-openjdk-amd64/jre/lib/amd64/libjava.so
7f8002a67000-7f8002a69000 rw-p 0002b000 08:06 8392504                    /usr/lib/jvm/java-7-openjdk-amd64/jre/lib/amd64/libjava.so
7f8002a69000-7f8002a78000 r-xp 00000000 08:06 8392503                    /usr/lib/jvm/java-7-openjdk-amd64/jre/lib/amd64/libverify.so
7f8002a78000-7f8002c77000 ---p 0000f000 08:06 8392503                    /usr/lib/jvm/java-7-openjdk-amd64/jre/lib/amd64/libverify.so
7f8002c77000-7f8002c79000 r--p 0000e000 08:06 8392503                    /usr/lib/jvm/java-7-openjdk-amd64/jre/lib/amd64/libverify.so
7f8002c79000-7f8002c7a000 rw-p 00010000 08:06 8392503                    /usr/lib/jvm/java-7-openjdk-amd64/jre/lib/amd64/libverify.so
7f8002c7a000-7f8002c81000 r-xp 00000000 08:06 4988071                    /lib/x86_64-linux-gnu/librt-2.15.so
7f8002c81000-7f8002e80000 ---p 00007000 08:06 4988071                    /lib/x86_64-linux-gnu/librt-2.15.so
7f8002e80000-7f8002e81000 r--p 00006000 08:06 4988071                    /lib/x86_64-linux-gnu/librt-2.15.so
7f8002e81000-7f8002e82000 rw-p 00007000 08:06 4988071                    /lib/x86_64-linux-gnu/librt-2.15.so
7f8002e82000-7f8002e97000 r-xp 00000000 08:06 4984309                    /lib/x86_64-linux-gnu/libgcc_s.so.1
7f8002e97000-7f8003096000 ---p 00015000 08:06 4984309                    /lib/x86_64-linux-gnu/libgcc_s.so.1
7f8003096000-7f8003097000 r--p 00014000 08:06 4984309                    /lib/x86_64-linux-gnu/libgcc_s.so.1
7f8003097000-7f8003098000 rw-p 00015000 08:06 4984309                    /lib/x86_64-linux-gnu/libgcc_s.so.1
7f8003098000-7f8003193000 r-xp 00000000 08:06 4988195                    /lib/x86_64-linux-gnu/libm-2.15.so
7f8003193000-7f8003392000 ---p 000fb000 08:06 4988195                    /lib/x86_64-linux-gnu/libm-2.15.so
7f8003392000-7f8003393000 r--p 000fa000 08:06 4988195                    /lib/x86_64-linux-gnu/libm-2.15.so
7f8003393000-7f8003394000 rw-p 000fb000 08:06 4988195                    /lib/x86_64-linux-gnu/libm-2.15.so
7f8003394000-7f8003479000 r-xp 00000000 08:06 7610302                    /usr/lib/x86_64-linux-gnu/libstdc++.so.6.0.17
7f8003479000-7f8003678000 ---p 000e5000 08:06 7610302                    /usr/lib/x86_64-linux-gnu/libstdc++.so.6.0.17
7f8003678000-7f8003680000 r--p 000e4000 08:06 7610302                    /usr/lib/x86_64-linux-gnu/libstdc++.so.6.0.17
7f8003680000-7f8003682000 rw-p 000ec000 08:06 7610302                    /usr/lib/x86_64-linux-gnu/libstdc++.so.6.0.17
7f8003682000-7f8003697000 rw-p 00000000 00:00 0 
7f8003697000-7f8004092000 r-xp 00000000 08:06 8392509                    /usr/lib/jvm/java-7-openjdk-amd64/jre/lib/amd64/server/libjvm.so
7f8004092000-7f8004291000 ---p 009fb000 08:06 8392509                    /usr/lib/jvm/java-7-openjdk-amd64/jre/lib/amd64/server/libjvm.so
7f8004291000-7f8004310000 r--p 009fa000 08:06 8392509                    /usr/lib/jvm/java-7-openjdk-amd64/jre/lib/amd64/server/libjvm.so
7f8004310000-7f8004333000 rw-p 00a79000 08:06 8392509                    /usr/lib/jvm/java-7-openjdk-amd64/jre/lib/amd64/server/libjvm.so
7f8004333000-7f800435e000 rw-p 00000000 00:00 0 
7f800435e000-7f8004374000 r-xp 00000000 08:06 4984418                    /lib/x86_64-linux-gnu/libz.so.1.2.7
7f8004374000-7f8004573000 ---p 00016000 08:06 4984418                    /lib/x86_64-linux-gnu/libz.so.1.2.7
7f8004573000-7f8004574000 r--p 00015000 08:06 4984418                    /lib/x86_64-linux-gnu/libz.so.1.2.7
7f8004574000-7f8004575000 rw-p 00016000 08:06 4984418                    /lib/x86_64-linux-gnu/libz.so.1.2.7
7f8004575000-7f800458d000 r-xp 00000000 08:06 4988034                    /lib/x86_64-linux-gnu/libpthread-2.15.so
7f800458d000-7f800478c000 ---p 00018000 08:06 4988034                    /lib/x86_64-linux-gnu/libpthread-2.15.so
7f800478c000-7f800478d000 r--p 00017000 08:06 4988034                    /lib/x86_64-linux-gnu/libpthread-2.15.so
7f800478d000-7f800478e000 rw-p 00018000 08:06 4988034                    /lib/x86_64-linux-gnu/libpthread-2.15.so
7f800478e000-7f8004792000 rw-p 00000000 00:00 0 
7f8004792000-7f8004794000 r-xp 00000000 08:06 4988197                    /lib/x86_64-linux-gnu/libdl-2.15.so
7f8004794000-7f8004994000 ---p 00002000 08:06 4988197                    /lib/x86_64-linux-gnu/libdl-2.15.so
7f8004994000-7f8004995000 r--p 00002000 08:06 4988197                    /lib/x86_64-linux-gnu/libdl-2.15.so
7f8004995000-7f8004996000 rw-p 00003000 08:06 4988197                    /lib/x86_64-linux-gnu/libdl-2.15.so
7f8004996000-7f8004b4b000 r-xp 00000000 08:06 4988199                    /lib/x86_64-linux-gnu/libc-2.15.so
7f8004b4b000-7f8004d4a000 ---p 001b5000 08:06 4988199                    /lib/x86_64-linux-gnu/libc-2.15.so
7f8004d4a000-7f8004d4e000 r--p 001b4000 08:06 4988199                    /lib/x86_64-linux-gnu/libc-2.15.so
7f8004d4e000-7f8004d50000 rw-p 001b8000 08:06 4988199                    /lib/x86_64-linux-gnu/libc-2.15.so
7f8004d50000-7f8004d56000 rw-p 00000000 00:00 0 
7f8004d56000-7f8004d5b000 rw-s 00000000 00:04 1838153730                 /SYSV00000000 (deleted)
7f8004d5b000-7f8004d5f000 r--s 000e4000 08:06 3801899                    /home/jesus/EmotivResearch_1.0.0.5/doc/examples_Java/lib/jna.jar
7f8004d5f000-7f8004d6a000 r--s 001fb000 08:06 8257821                    /usr/lib/jvm/java-7-openjdk-common/jre/lib/charsets.jar
7f8004d6a000-7f8004d6c000 r--s 00012000 08:06 8258120                    /usr/lib/jvm/java-7-openjdk-common/jre/lib/ext/zipfs.jar
7f8004d6c000-7f8004d6f000 r--s 0000f000 08:06 8258062                    /usr/lib/jvm/java-7-openjdk-common/jre/lib/ext/pulse-java.jar
7f8004d6f000-7f8004d72000 r--s 00032000 08:06 8257959                    /usr/lib/jvm/java-7-openjdk-common/jre/lib/ext/sunjce_provider.jar
7f8004d72000-7f8004d76000 r--s 00085000 08:06 8257946                    /usr/lib/jvm/java-7-openjdk-common/jre/lib/ext/localedata.jar
7f8004d76000-7f8004d83000 r-xp 00000000 08:06 8392486                    /usr/lib/jvm/java-7-openjdk-amd64/jre/lib/amd64/jli/libjli.so
7f8004d83000-7f8004f82000 ---p 0000d000 08:06 8392486                    /usr/lib/jvm/java-7-openjdk-amd64/jre/lib/amd64/jli/libjli.so
7f8004f82000-7f8004f83000 r--p 0000c000 08:06 8392486                    /usr/lib/jvm/java-7-openjdk-amd64/jre/lib/amd64/jli/libjli.so
7f8004f83000-7f8004f84000 rw-p 0000d000 08:06 8392486                    /usr/lib/jvm/java-7-openjdk-amd64/jre/lib/amd64/jli/libjli.so
7f8004f84000-7f8004fa6000 r-xp 00000000 08:06 4988092                    /lib/x86_64-linux-gnu/ld-2.15.so
7f8004fa6000-7f8004fa8000 r--s 00006000 08:06 8001958                    /usr/share/java/java-atk-wrapper.jar
7f8004fa8000-7f8004fa9000 r--s 00002000 08:06 8258114                    /usr/lib/jvm/java-7-openjdk-common/jre/lib/ext/dnsns.jar
7f8004fa9000-7f8004fac000 r--s 0003c000 08:06 8257936                    /usr/lib/jvm/java-7-openjdk-common/jre/lib/ext/sunpkcs11.jar
7f8004fac000-7f8004fde000 rw-p 00000000 00:00 0 
7f8004fde000-7f8005094000 rw-p 00000000 00:00 0 
7f8005094000-7f800509c000 rw-s 00000000 08:06 8269772                    /tmp/hsperfdata_jesus/14285
7f800509c000-7f800509d000 rw-p 00000000 00:00 0 
7f800509d000-7f800509e000 r--p 00000000 00:00 0 
7f800509e000-7f80050a1000 ---p 00000000 00:00 0 
7f80050a1000-7f80051a6000 rw-p 00000000 00:00 0                          [stack:14286]
7f80051a6000-7f80051a7000 r--p 00022000 08:06 4988092                    /lib/x86_64-linux-gnu/ld-2.15.so
7f80051a7000-7f80051a9000 rw-p 00023000 08:06 4988092                    /lib/x86_64-linux-gnu/ld-2.15.so
7fff1496e000-7fff1498f000 rw-p 00000000 00:00 0                          [stack]
7fff149ff000-7fff14a00000 r-xp 00000000 00:00 0                          [vdso]
ffffffffff600000-ffffffffff601000 r-xp 00000000 00:00 0                  [vsyscall]

VM Arguments:
jvm_args: -Dfile.encoding=UTF-8 
java_command: com.braim.utils.MainGui
Launcher Type: SUN_STANDARD

Environment Variables:
JAVA_HOME=/usr/lib/jvm/java-7-openjdk-amd64
PATH=/home/jesus/.rvm/gems/ruby-2.0.0-p247/bin:/home/jesus/.rvm/gems/ruby-2.0.0-p247@global/bin:/home/jesus/.rvm/rubies/ruby-2.0.0-p247/bin:/home/jesus/.rvm/bin:/home/jesus/misProgramas/apache-maven-3.1.0/bin:/usr/lib/lightdm/lightdm:/usr/local/sbin:/usr/local/bin:/usr/sbin:/usr/bin:/sbin:/bin:/usr/games:/usr/local/games:/usr/lib/jvm/java-7-openjdk-amd64/bin:/home/jesus/misProgramas/Android/sdk/tools:/home/jesus/misProgramas/Android/sdk/platform-tools:/opt/necessitas/android-ndk:/home/jesus/misProgramas/apache-maven-3.1.0/bin:/usr/lib/lightdm/lightdm:/usr/local/sbin:/usr/local/bin:/usr/sbin:/usr/bin:/sbin:/bin:/usr/games:/usr/local/games:/usr/lib/jvm/java-7-openjdk-amd64/bin:/home/jesus/misProgramas/Android/sdk/tools:/home/jesus/misProgramas/Android/sdk/platform-tools:/opt/necessitas/android-ndk:/home/jesus/misProgramas/jboss-as-7.1.1.Final/bin
SHELL=/usr/bin/zsh
DISPLAY=:0

Signal Handlers:
SIGSEGV: [libjvm.so+0x857570], sa_mask[0]=0x7ffbfeff, sa_flags=0x10000004
SIGBUS: [libjvm.so+0x857570], sa_mask[0]=0x7ffbfeff, sa_flags=0x10000004
SIGFPE: [libjvm.so+0x6f8270], sa_mask[0]=0x7ffbfeff, sa_flags=0x10000004
SIGPIPE: SIG_IGN, sa_mask[0]=0x00001000, sa_flags=0x10000000
SIGXFSZ: [libjvm.so+0x6f8270], sa_mask[0]=0x7ffbfeff, sa_flags=0x10000004
SIGILL: [libjvm.so+0x6f8270], sa_mask[0]=0x7ffbfeff, sa_flags=0x10000004
SIGUSR1: SIG_DFL, sa_mask[0]=0x00000000, sa_flags=0x00000000
SIGUSR2: [libjvm.so+0x6f84c0], sa_mask[0]=0x00000004, sa_flags=0x10000004
SIGHUP: [libjvm.so+0x6f8600], sa_mask[0]=0x7ffbfeff, sa_flags=0x10000004
SIGINT: [libjvm.so+0x6f8600], sa_mask[0]=0x7ffbfeff, sa_flags=0x10000004
SIGTERM: [libjvm.so+0x6f8600], sa_mask[0]=0x7ffbfeff, sa_flags=0x10000004
SIGQUIT: [libjvm.so+0x6f8600], sa_mask[0]=0x7ffbfeff, sa_flags=0x10000004


---------------  S Y S T E M  ---------------

OS:Ubuntu 12.10 (quantal)
uname:Linux 3.5.0-17-generic #28-Ubuntu SMP Tue Oct 9 19:31:23 UTC 2012 x86_64
libc:glibc 2.15 NPTL 2.15 
rlimit: STACK 8192k, CORE 0k, NPROC 22246, NOFILE 4096, AS infinity
load average:1,20 0,99 1,62

/proc/meminfo:
MemTotal:        2865992 kB
MemFree:          675164 kB
Buffers:           35576 kB
Cached:           585536 kB
SwapCached:         9512 kB
Active:          1205308 kB
Inactive:         773964 kB
Active(anon):     999148 kB
Inactive(anon):   529304 kB
Active(file):     206160 kB
Inactive(file):   244660 kB
Unevictable:       31332 kB
Mlocked:           31332 kB
SwapTotal:       2993148 kB
SwapFree:        2590672 kB
Dirty:                92 kB
Writeback:             0 kB
AnonPages:       1381680 kB
Mapped:           187224 kB
Shmem:            164464 kB
Slab:              79496 kB
SReclaimable:      44296 kB
SUnreclaim:        35200 kB
KernelStack:        4912 kB
PageTables:        38672 kB
NFS_Unstable:          0 kB
Bounce:                0 kB
WritebackTmp:          0 kB
CommitLimit:     4426144 kB
Committed_AS:    5496424 kB
VmallocTotal:   34359738367 kB
VmallocUsed:      600712 kB
VmallocChunk:   34359120044 kB
HardwareCorrupted:     0 kB
AnonHugePages:         0 kB
HugePages_Total:       0
HugePages_Free:        0
HugePages_Rsvd:        0
HugePages_Surp:        0
Hugepagesize:       2048 kB
DirectMap4k:       64196 kB
DirectMap2M:     1882112 kB


CPU:total 4 (2 cores per cpu, 2 threads per core) family 6 model 37 stepping 5, cmov, cx8, fxsr, mmx, sse, sse2, sse3, ssse3, sse4.1, sse4.2, popcnt, ht, tsc, tscinvbit

/proc/cpuinfo:
processor	: 0
vendor_id	: GenuineIntel
cpu family	: 6
model		: 37
model name	: Intel(R) Core(TM) i3 CPU       U 330  @ 1.20GHz
stepping	: 5
microcode	: 0x2
cpu MHz		: 1199.000
cache size	: 3072 KB
physical id	: 0
siblings	: 4
core id		: 0
cpu cores	: 2
apicid		: 0
initial apicid	: 0
fpu		: yes
fpu_exception	: yes
cpuid level	: 11
wp		: yes
flags		: fpu vme de pse tsc msr pae mce cx8 apic sep mtrr pge mca cmov pat pse36 clflush dts acpi mmx fxsr sse sse2 ss ht tm pbe syscall nx rdtscp lm constant_tsc arch_perfmon pebs bts rep_good nopl xtopology nonstop_tsc aperfmperf pni dtes64 monitor ds_cpl vmx est tm2 ssse3 cx16 xtpr pdcm pcid sse4_1 sse4_2 popcnt lahf_lm arat dtherm tpr_shadow vnmi flexpriority ept vpid
bogomips	: 2394.01
clflush size	: 64
cache_alignment	: 64
address sizes	: 36 bits physical, 48 bits virtual
power management:

processor	: 1
vendor_id	: GenuineIntel
cpu family	: 6
model		: 37
model name	: Intel(R) Core(TM) i3 CPU       U 330  @ 1.20GHz
stepping	: 5
microcode	: 0x2
cpu MHz		: 666.000
cache size	: 3072 KB
physical id	: 0
siblings	: 4
core id		: 2
cpu cores	: 2
apicid		: 4
initial apicid	: 4
fpu		: yes
fpu_exception	: yes
cpuid level	: 11
wp		: yes
flags		: fpu vme de pse tsc msr pae mce cx8 apic sep mtrr pge mca cmov pat pse36 clflush dts acpi mmx fxsr sse sse2 ss ht tm pbe syscall nx rdtscp lm constant_tsc arch_perfmon pebs bts rep_good nopl xtopology nonstop_tsc aperfmperf pni dtes64 monitor ds_cpl vmx est tm2 ssse3 cx16 xtpr pdcm pcid sse4_1 sse4_2 popcnt lahf_lm arat dtherm tpr_shadow vnmi flexpriority ept vpid
bogomips	: 2394.01
clflush size	: 64
cache_alignment	: 64
address sizes	: 36 bits physical, 48 bits virtual
power management:

processor	: 2
vendor_id	: GenuineIntel
cpu family	: 6
model		: 37
model name	: Intel(R) Core(TM) i3 CPU       U 330  @ 1.20GHz
stepping	: 5
microcode	: 0x2
cpu MHz		: 1199.000
cache size	: 3072 KB
physical id	: 0
siblings	: 4
core id		: 0
cpu cores	: 2
apicid		: 1
initial apicid	: 1
fpu		: yes
fpu_exception	: yes
cpuid level	: 11
wp		: yes
flags		: fpu vme de pse tsc msr pae mce cx8 apic sep mtrr pge mca cmov pat pse36 clflush dts acpi mmx fxsr sse sse2 ss ht tm pbe syscall nx rdtscp lm constant_tsc arch_perfmon pebs bts rep_good nopl xtopology nonstop_tsc aperfmperf pni dtes64 monitor ds_cpl vmx est tm2 ssse3 cx16 xtpr pdcm pcid sse4_1 sse4_2 popcnt lahf_lm arat dtherm tpr_shadow vnmi flexpriority ept vpid
bogomips	: 2394.01
clflush size	: 64
cache_alignment	: 64
address sizes	: 36 bits physical, 48 bits virtual
power management:

processor	: 3
vendor_id	: GenuineIntel
cpu family	: 6
model		: 37
model name	: Intel(R) Core(TM) i3 CPU       U 330  @ 1.20GHz
stepping	: 5
microcode	: 0x2
cpu MHz		: 666.000
cache size	: 3072 KB
physical id	: 0
siblings	: 4
core id		: 2
cpu cores	: 2
apicid		: 5
initial apicid	: 5
fpu		: yes
fpu_exception	: yes
cpuid level	: 11
wp		: yes
flags		: fpu vme de pse tsc msr pae mce cx8 apic sep mtrr pge mca cmov pat pse36 clflush dts acpi mmx fxsr sse sse2 ss ht tm pbe syscall nx rdtscp lm constant_tsc arch_perfmon pebs bts rep_good nopl xtopology nonstop_tsc aperfmperf pni dtes64 monitor ds_cpl vmx est tm2 ssse3 cx16 xtpr pdcm pcid sse4_1 sse4_2 popcnt lahf_lm arat dtherm tpr_shadow vnmi flexpriority ept vpid
bogomips	: 2394.01
clflush size	: 64
cache_alignment	: 64
address sizes	: 36 bits physical, 48 bits virtual
power management:



Memory: 4k page, physical 2865992k(675164k free), swap 2993148k(2590672k free)

vm_info: OpenJDK 64-Bit Server VM (23.7-b01) for linux-amd64 JRE (1.7.0_15-b20), built on Mar  6 2013 20:21:28 by "buildd" with gcc 4.7.2

time: Wed Oct 16 00:46:40 2013
elapsed time: 156 seconds

