#
# A fatal error has been detected by the Java Runtime Environment:
#
#  SIGSEGV (0xb) at pc=0x00007fc2f255065a, pid=7434, tid=140475277301504
#
# JRE version: 7.0_15-b20
# Java VM: OpenJDK 64-Bit Server VM (23.7-b01 mixed mode linux-amd64 compressed oops)
# Problematic frame:
# C  [libjava_vrpn.so+0x3165a]  Java_vrpn_ButtonRemote_shutdownButton+0x3a
#
# Failed to write core dump. Core dumps have been disabled. To enable core dumping, try "ulimit -c unlimited" before starting Java again
#
# If you would like to submit a bug report, please include
# instructions on how to reproduce the bug and visit:
#   https://bugs.launchpad.net/ubuntu/+source/openjdk-7/
# The crash happened outside the Java Virtual Machine in native code.
# See problematic frame for where to report the bug.
#

---------------  T H R E A D  ---------------

Current thread (0x00007fc30c30f000):  JavaThread "AWT-EventQueue-0" [_thread_in_native, id=7457, stack(0x00007fc2f2f0d000,0x00007fc2f300e000)]

siginfo:si_signo=SIGSEGV: si_errno=0, si_code=1 (SEGV_MAPERR), si_addr=0xffffffffffffffff

Registers:
RAX=0xffffffffffffffff, RBX=0x00007fc30c30f1d8, RCX=0x0000000000000011, RDX=0x0000000000000042
RSP=0x00007fc2f300b210, RBP=0xffffffffffffffff, RSI=0x00007fc2f300b2b0, RDI=0x00007fc30c30f1d8
R8 =0x00007fc309005400, R9 =0x00000000f1b1e108, R10=0x000000000000000c, R11=0x00007fc315389d94
R12=0x00007fc2f300b2b0, R13=0x00007fc2f27a41e0, R14=0x00007fc2f300b2b0, R15=0x00007fc30c30f000
RIP=0x00007fc2f255065a, EFLAGS=0x0000000000010286, CSGSFS=0x0000000000000033, ERR=0x0000000000000005
  TRAPNO=0x000000000000000e

Top of Stack: (sp=0x00007fc2f300b210)
0x00007fc2f300b210:   0000000000000003 00000000ca3ee0e0
0x00007fc2f300b220:   00007fc2f300b290 0000000000000000
0x00007fc2f300b230:   00000000ca3ee0e0 00007fc309011f90
0x00007fc2f300b240:   00007fc3fffffffe 0000000000000004
0x00007fc2f300b250:   00007fc2f300b250 0000000000000000
0x00007fc2f300b260:   00007fc2f300b2b0 00000000ca9f57b8
0x00007fc2f300b270:   0000000000000000 00000000ca3ee0e0
0x00007fc2f300b280:   0000000000000000 00007fc2f300b2b0
0x00007fc2f300b290:   00007fc2f300b308 00007fc309006158
0x00007fc2f300b2a0:   0000000000000000 00007fc30900edd8
0x00007fc2f300b2b0:   00000000f1b1e108 0000000000000001
0x00007fc2f300b2c0:   00000000f1abf190 00007fc2f300b2b8
0x00007fc2f300b2d0:   00000000ca3edce6 00007fc2f300b320
0x00007fc2f300b2e0:   00000000ca9f57b8 0000000000000000
0x00007fc2f300b2f0:   00000000ca3edd10 00007fc2f300b2b0
0x00007fc2f300b300:   00007fc2f300b320 00007fc2f300b368
0x00007fc2f300b310:   00007fc309006158 00000000f1abf190
0x00007fc2f300b320:   00000000f1b1e108 00007fc2f300b328
0x00007fc2f300b330:   00000000ca3f5ece 00007fc2f300b380
0x00007fc2f300b340:   00000000ca9f50b8 0000000000000000
0x00007fc2f300b350:   00000000ca3f5ef0 00007fc2f300b320
0x00007fc2f300b360:   00007fc2f300b380 00007fc2f300b3c8
0x00007fc2f300b370:   00007fc309006158 0000000000000000
0x00007fc2f300b380:   00000000f1b1e108 00007fc2f300b388
0x00007fc2f300b390:   00000000ca5d8a27 00007fc2f300b3f0
0x00007fc2f300b3a0:   00000000ca5da788 0000000000000000
0x00007fc2f300b3b0:   00000000ca5d8a88 00007fc2f300b380
0x00007fc2f300b3c0:   00007fc2f300b3e8 00007fc2f300b438
0x00007fc2f300b3d0:   00007fc309006806 0000000000000000
0x00007fc2f300b3e0:   00000000f1beaea0 00000000f1b948e0
0x00007fc2f300b3f0:   00000000f18b2c70 00007fc2f300b3f8
0x00007fc2f300b400:   00000000ca5e1328 00007fc2f300b450 

Instructions: (pc=0x00007fc2f255065a)
0x00007fc2f255063a:   28 4c 8b 2d c6 26 25 00 48 8b 07 49 89 f4 49 8b
0x00007fc2f255064a:   55 00 ff 90 28 03 00 00 48 85 c0 48 89 c5 74 2f
0x00007fc2f255065a:   48 8b 00 48 8b 15 9c 23 25 00 4c 89 e6 48 89 ef
0x00007fc2f255066a:   ff 50 70 48 8b 45 00 48 89 ef ff 50 18 48 89 c7 

Register to memory mapping:

RAX=0xffffffffffffffff is an unknown value
RBX=0x00007fc30c30f1d8 is an unknown value
RCX=0x0000000000000011 is an unknown value
RDX=0x0000000000000042 is an unknown value
RSP=0x00007fc2f300b210 is pointing into the stack for thread: 0x00007fc30c30f000
RBP=0xffffffffffffffff is an unknown value
RSI=0x00007fc2f300b2b0 is pointing into the stack for thread: 0x00007fc30c30f000
RDI=0x00007fc30c30f1d8 is an unknown value
R8 =0x00007fc309005400 is an unknown value
R9 =0x00000000f1b1e108 is an oop
vrpn.ButtonRemote 
 - klass: 'vrpn/ButtonRemote'
R10=0x000000000000000c is an unknown value
R11=0x00007fc315389d94: <offset 0xcacd94> in /usr/lib/jvm/java-7-openjdk-amd64/jre/lib/amd64/server/libjvm.so at 0x00007fc3146dd000
R12=0x00007fc2f300b2b0 is pointing into the stack for thread: 0x00007fc30c30f000
R13=0x00007fc2f27a41e0: jfid_vrpn_VRPNDevice_native_device+0 in /home/jesus/Escritorio/libjava_vrpn.so at 0x00007fc2f251f000
R14=0x00007fc2f300b2b0 is pointing into the stack for thread: 0x00007fc30c30f000
R15=0x00007fc30c30f000 is a thread


Stack: [0x00007fc2f2f0d000,0x00007fc2f300e000],  sp=0x00007fc2f300b210,  free space=1016k
Native frames: (J=compiled Java code, j=interpreted, Vv=VM code, C=native code)
C  [libjava_vrpn.so+0x3165a]  Java_vrpn_ButtonRemote_shutdownButton+0x3a

Java frames: (J=compiled Java code, j=interpreted, Vv=VM code)
j  vrpn.ButtonRemote.shutdownButton()V+0
j  vrpn.ButtonRemote.stoppedRunning()V+14
j  vrpn.VRPNDevice.stopRunning()V+30
j  com.braim.utils.MainGui$WindowEventHAndler.windowClosing(Ljava/awt/event/WindowEvent;)V+55
j  java.awt.AWTEventMulticaster.windowClosing(Ljava/awt/event/WindowEvent;)V+8
j  java.awt.AWTEventMulticaster.windowClosing(Ljava/awt/event/WindowEvent;)V+8
j  java.awt.Window.processWindowEvent(Ljava/awt/event/WindowEvent;)V+68
j  javax.swing.JFrame.processWindowEvent(Ljava/awt/event/WindowEvent;)V+2
j  java.awt.Window.processEvent(Ljava/awt/AWTEvent;)V+69
j  java.awt.Component.dispatchEventImpl(Ljava/awt/AWTEvent;)V+581
j  java.awt.Container.dispatchEventImpl(Ljava/awt/AWTEvent;)V+42
j  java.awt.Window.dispatchEventImpl(Ljava/awt/AWTEvent;)V+19
j  java.awt.Component.dispatchEvent(Ljava/awt/AWTEvent;)V+2
j  java.awt.EventQueue.dispatchEventImpl(Ljava/awt/AWTEvent;Ljava/lang/Object;)V+41
j  java.awt.EventQueue.access$200(Ljava/awt/EventQueue;Ljava/awt/AWTEvent;Ljava/lang/Object;)V+3
j  java.awt.EventQueue$3.run()Ljava/lang/Void;+12
j  java.awt.EventQueue$3.run()Ljava/lang/Object;+1
v  ~StubRoutines::call_stub
j  java.security.AccessController.doPrivileged(Ljava/security/PrivilegedAction;Ljava/security/AccessControlContext;)Ljava/lang/Object;+0
j  java.security.ProtectionDomain$1.doIntersectionPrivilege(Ljava/security/PrivilegedAction;Ljava/security/AccessControlContext;Ljava/security/AccessControlContext;)Ljava/lang/Object;+28
j  java.security.ProtectionDomain$1.doIntersectionPrivilege(Ljava/security/PrivilegedAction;Ljava/security/AccessControlContext;)Ljava/lang/Object;+6
j  java.awt.EventQueue$4.run()Ljava/lang/Void;+11
j  java.awt.EventQueue$4.run()Ljava/lang/Object;+1
v  ~StubRoutines::call_stub
j  java.security.AccessController.doPrivileged(Ljava/security/PrivilegedAction;Ljava/security/AccessControlContext;)Ljava/lang/Object;+0
j  java.security.ProtectionDomain$1.doIntersectionPrivilege(Ljava/security/PrivilegedAction;Ljava/security/AccessControlContext;Ljava/security/AccessControlContext;)Ljava/lang/Object;+28
j  java.awt.EventQueue.dispatchEvent(Ljava/awt/AWTEvent;)V+73
j  java.awt.EventDispatchThread.pumpOneEventForFilters(I)V+245
j  java.awt.EventDispatchThread.pumpEventsForFilter(ILjava/awt/Conditional;Ljava/awt/EventFilter;)V+35
j  java.awt.EventDispatchThread.pumpEventsForHierarchy(ILjava/awt/Conditional;Ljava/awt/Component;)V+11
j  java.awt.EventDispatchThread.pumpEvents(ILjava/awt/Conditional;)V+4
j  java.awt.EventDispatchThread.pumpEvents(Ljava/awt/Conditional;)V+3
j  java.awt.EventDispatchThread.run()V+9
v  ~StubRoutines::call_stub

---------------  P R O C E S S  ---------------

Java Threads: ( => current thread )
  0x00007fc2c010d800 JavaThread "TimerQueue" daemon [_thread_blocked, id=7462, stack(0x00007fc2f27a5000,0x00007fc2f28a6000)]
  0x00007fc30c31f800 JavaThread "process reaper" daemon [_thread_blocked, id=7459, stack(0x00007fc308024000,0x00007fc30804c000)]
=>0x00007fc30c30f000 JavaThread "AWT-EventQueue-0" [_thread_in_native, id=7457, stack(0x00007fc2f2f0d000,0x00007fc2f300e000)]
  0x00007fc30c30d000 JavaThread "AWT-Shutdown" [_thread_blocked, id=7456, stack(0x00007fc2f300e000,0x00007fc2f310f000)]
  0x00007fc30c30a800 JavaThread "AWT-XAWT" daemon [_thread_in_native, id=7455, stack(0x00007fc2f310f000,0x00007fc2f3210000)]
  0x00007fc30c2da000 JavaThread "Java2D Disposer" daemon [_thread_blocked, id=7454, stack(0x00007fc2f3210000,0x00007fc2f3311000)]
  0x00007fc30c10f000 JavaThread "Service Thread" daemon [_thread_blocked, id=7452, stack(0x00007fc30351b000,0x00007fc30361c000)]
  0x00007fc30c10c800 JavaThread "C2 CompilerThread1" daemon [_thread_blocked, id=7451, stack(0x00007fc30361c000,0x00007fc30371d000)]
  0x00007fc30c109800 JavaThread "C2 CompilerThread0" daemon [_thread_blocked, id=7450, stack(0x00007fc30371d000,0x00007fc30381e000)]
  0x00007fc30c107800 JavaThread "Signal Dispatcher" daemon [_thread_blocked, id=7449, stack(0x00007fc30381e000,0x00007fc30391f000)]
  0x00007fc30c0b2000 JavaThread "Finalizer" daemon [_thread_blocked, id=7448, stack(0x00007fc30804c000,0x00007fc30814d000)]
  0x00007fc30c0af800 JavaThread "Reference Handler" daemon [_thread_blocked, id=7447, stack(0x00007fc30814d000,0x00007fc30824e000)]
  0x00007fc30c009000 JavaThread "main" [_thread_in_native, id=7440, stack(0x00007fc3160e4000,0x00007fc3161e5000)]

Other Threads:
  0x00007fc30c0a7000 VMThread [stack: 0x00007fc30824e000,0x00007fc30834f000] [id=7446]
  0x00007fc30c121800 WatcherThread [stack: 0x00007fc30341a000,0x00007fc30351b000] [id=7453]

VM state:not at safepoint (normal execution)

VM Mutex/Monitor currently owned by a thread: None

Heap
 PSYoungGen      total 13056K, used 5415K [0x00000000f16b0000, 0x00000000f2540000, 0x0000000100000000)
  eden space 11200K, 48% used [0x00000000f16b0000,0x00000000f1bf9f90,0x00000000f21a0000)
  from space 1856K, 0% used [0x00000000f2370000,0x00000000f2370000,0x00000000f2540000)
  to   space 1856K, 0% used [0x00000000f21a0000,0x00000000f21a0000,0x00000000f2370000)
 ParOldGen       total 29888K, used 0K [0x00000000d4400000, 0x00000000d6130000, 0x00000000f16b0000)
  object space 29888K, 0% used [0x00000000d4400000,0x00000000d4400000,0x00000000d6130000)
 PSPermGen       total 21248K, used 12350K [0x00000000c9e00000, 0x00000000cb2c0000, 0x00000000d4400000)
  object space 21248K, 58% used [0x00000000c9e00000,0x00000000caa0fa48,0x00000000cb2c0000)

Card table byte_map: [0x00007fc312c8b000,0x00007fc312e3d000] byte_map_base: 0x00007fc31263c000

Polling page: 0x00007fc3160e3000

Code Cache  [0x00007fc309000000, 0x00007fc309270000, 0x00007fc30c000000)
 total_blobs=487 nmethods=28 adapters=412 free_code_cache=48580Kb largest_free_block=49727680

Compilation events (10 events):
Event: 43,582 Thread 0x00007fc30c10c800   23             java.util.IdentityHashMap::clear (39 bytes)
Event: 43,586 Thread 0x00007fc30c10c800 nmethod 23 0x00007fc30908a250 code [0x00007fc30908a3a0, 0x00007fc30908a4b8]
Event: 51,088 Thread 0x00007fc30c109800   24             javax.swing.text.Utilities::getTabbedTextWidth (348 bytes)
Event: 51,114 Thread 0x00007fc30c109800 nmethod 24 0x00007fc30908ce10 code [0x00007fc30908d040, 0x00007fc30908d8e0]
Event: 54,622 Thread 0x00007fc30c10c800   25             sun.util.logging.PlatformLogger$LoggerProxy::doLog (32 bytes)
Event: 54,627 Thread 0x00007fc30c10c800 nmethod 25 0x00007fc30908cb10 code [0x00007fc30908cc60, 0x00007fc30908cd18]
Event: 54,662 Thread 0x00007fc30c109800   26             sun.util.logging.PlatformLogger::finest (12 bytes)
Event: 54,665 Thread 0x00007fc30c109800 nmethod 26 0x00007fc309090710 code [0x00007fc309090860, 0x00007fc309090938]
Event: 55,090 Thread 0x00007fc30c10c800   28             java.util.concurrent.locks.AbstractOwnableSynchronizer::setExclusiveOwnerThread (6 bytes)
Event: 55,091 Thread 0x00007fc30c10c800 nmethod 28 0x00007fc30908a050 code [0x00007fc30908a180, 0x00007fc30908a1f8]

GC Heap History (0 events):
No events

Deoptimization events (4 events):
Event: 0,838 Thread 0x00007fc30c30f000 Uncommon trap -34 fr.pc 0x00007fc3090822c8
Event: 0,843 Thread 0x00007fc30c30f000 Uncommon trap -34 fr.pc 0x00007fc3090822c8
Event: 0,847 Thread 0x00007fc30c30f000 Uncommon trap -34 fr.pc 0x00007fc3090822c8
Event: 0,850 Thread 0x00007fc30c30f000 Uncommon trap -34 fr.pc 0x00007fc3090822c8

Internal exceptions (10 events):
Event: 15,515 Thread 0x00007fc30c009000 Threw 0x00000000f1ac2868 at /build/buildd/openjdk-7-7u15-2.3.7/build/openjdk/hotspot/src/share/vm/prims/jvm.cpp:1166
Event: 15,516 Thread 0x00007fc30c009000 Threw 0x00000000f1ac5598 at /build/buildd/openjdk-7-7u15-2.3.7/build/openjdk/hotspot/src/share/vm/prims/jvm.cpp:1166
Event: 15,517 Thread 0x00007fc30c009000 Threw 0x00000000f1ac8fd0 at /build/buildd/openjdk-7-7u15-2.3.7/build/openjdk/hotspot/src/share/vm/prims/jvm.cpp:1166
Event: 15,519 Thread 0x00007fc30c009000 Threw 0x00000000f1ad0428 at /build/buildd/openjdk-7-7u15-2.3.7/build/openjdk/hotspot/src/share/vm/prims/jvm.cpp:1166
Event: 15,520 Thread 0x00007fc30c009000 Threw 0x00000000f1ad7da0 at /build/buildd/openjdk-7-7u15-2.3.7/build/openjdk/hotspot/src/share/vm/prims/jvm.cpp:1166
Event: 15,521 Thread 0x00007fc30c009000 Threw 0x00000000f1ad9c60 at /build/buildd/openjdk-7-7u15-2.3.7/build/openjdk/hotspot/src/share/vm/prims/jvm.cpp:1166
Event: 15,523 Thread 0x00007fc30c009000 Threw 0x00000000f1addfc8 at /build/buildd/openjdk-7-7u15-2.3.7/build/openjdk/hotspot/src/share/vm/prims/jvm.cpp:1166
Event: 15,524 Thread 0x00007fc30c009000 Threw 0x00000000f1ae1840 at /build/buildd/openjdk-7-7u15-2.3.7/build/openjdk/hotspot/src/share/vm/prims/jvm.cpp:1166
Event: 15,525 Thread 0x00007fc30c009000 Threw 0x00000000f1b1c350 at /build/buildd/openjdk-7-7u15-2.3.7/build/openjdk/hotspot/src/share/vm/prims/jvm.cpp:1166
Event: 22,540 Thread 0x00007fc30c21a800 Threw 0x00000000f1b52b90 at /build/buildd/openjdk-7-7u15-2.3.7/build/openjdk/hotspot/src/share/vm/prims/jvm.cpp:1166

Events (10 events):
Event: 22,541 Executing VM operation: RevokeBias done
Event: 22,543 Executing VM operation: RevokeBias
Event: 22,543 Executing VM operation: RevokeBias done
Event: 22,546 loading class 0x00007fc30c05ab60
Event: 22,546 loading class 0x00007fc30c05ab60 done
Event: 55,791 Executing VM operation: RevokeBias
Event: 55,791 Executing VM operation: RevokeBias done
Event: 55,792 Executing VM operation: RevokeBias
Event: 55,792 Executing VM operation: RevokeBias done
Event: 55,877 Thread 0x00007fc30c21a800 Thread exited: 0x00007fc30c21a800


Dynamic libraries:
00400000-00401000 r-xp 00000000 08:06 8392522                            /usr/lib/jvm/java-7-openjdk-amd64/jre/bin/java
00600000-00601000 r--p 00000000 08:06 8392522                            /usr/lib/jvm/java-7-openjdk-amd64/jre/bin/java
00601000-00602000 rw-p 00001000 08:06 8392522                            /usr/lib/jvm/java-7-openjdk-amd64/jre/bin/java
00ce4000-00d05000 rw-p 00000000 00:00 0                                  [heap]
c9e00000-cb2c0000 rw-p 00000000 00:00 0 
cb2c0000-d4400000 rw-p 00000000 00:00 0 
d4400000-d6130000 rw-p 00000000 00:00 0 
d6130000-f16b0000 rw-p 00000000 00:00 0 
f16b0000-f2540000 rw-p 00000000 00:00 0 
f2540000-100000000 rw-p 00000000 00:00 0 
7fc2ac000000-7fc2ac021000 rw-p 00000000 00:00 0 
7fc2ac021000-7fc2b0000000 ---p 00000000 00:00 0 
7fc2b4000000-7fc2b4021000 rw-p 00000000 00:00 0 
7fc2b4021000-7fc2b8000000 ---p 00000000 00:00 0 
7fc2b8000000-7fc2b8021000 rw-p 00000000 00:00 0 
7fc2b8021000-7fc2bc000000 ---p 00000000 00:00 0 
7fc2bc000000-7fc2bc021000 rw-p 00000000 00:00 0 
7fc2bc021000-7fc2c0000000 ---p 00000000 00:00 0 
7fc2c0000000-7fc2c0306000 rw-p 00000000 00:00 0 
7fc2c0306000-7fc2c4000000 ---p 00000000 00:00 0 
7fc2c4000000-7fc2c4021000 rw-p 00000000 00:00 0 
7fc2c4021000-7fc2c8000000 ---p 00000000 00:00 0 
7fc2c8000000-7fc2c8021000 rw-p 00000000 00:00 0 
7fc2c8021000-7fc2cc000000 ---p 00000000 00:00 0 
7fc2cc000000-7fc2cc021000 rw-p 00000000 00:00 0 
7fc2cc021000-7fc2d0000000 ---p 00000000 00:00 0 
7fc2d0000000-7fc2d0021000 rw-p 00000000 00:00 0 
7fc2d0021000-7fc2d4000000 ---p 00000000 00:00 0 
7fc2d4000000-7fc2d4154000 rw-p 00000000 00:00 0 
7fc2d4154000-7fc2d8000000 ---p 00000000 00:00 0 
7fc2d8000000-7fc2d8171000 rw-p 00000000 00:00 0 
7fc2d8171000-7fc2dc000000 ---p 00000000 00:00 0 
7fc2dc000000-7fc2dc021000 rw-p 00000000 00:00 0 
7fc2dc021000-7fc2e0000000 ---p 00000000 00:00 0 
7fc2e0000000-7fc2e0021000 rw-p 00000000 00:00 0 
7fc2e0021000-7fc2e4000000 ---p 00000000 00:00 0 
7fc2e4000000-7fc2e4021000 rw-p 00000000 00:00 0 
7fc2e4021000-7fc2e8000000 ---p 00000000 00:00 0 
7fc2e8000000-7fc2e8021000 rw-p 00000000 00:00 0 
7fc2e8021000-7fc2ec000000 ---p 00000000 00:00 0 
7fc2ec000000-7fc2ec021000 rw-p 00000000 00:00 0 
7fc2ec021000-7fc2f0000000 ---p 00000000 00:00 0 
7fc2f241e000-7fc2f2421000 ---p 00000000 00:00 0 
7fc2f2421000-7fc2f251f000 rw-p 00000000 00:00 0 
7fc2f251f000-7fc2f259c000 r-xp 00000000 08:06 1324609                    /home/jesus/Escritorio/libjava_vrpn.so
7fc2f259c000-7fc2f279c000 ---p 0007d000 08:06 1324609                    /home/jesus/Escritorio/libjava_vrpn.so
7fc2f279c000-7fc2f27a3000 r--p 0007d000 08:06 1324609                    /home/jesus/Escritorio/libjava_vrpn.so
7fc2f27a3000-7fc2f27a5000 rw-p 00084000 08:06 1324609                    /home/jesus/Escritorio/libjava_vrpn.so
7fc2f27a5000-7fc2f27a8000 ---p 00000000 00:00 0 
7fc2f27a8000-7fc2f28a6000 rw-p 00000000 00:00 0                          [stack:7462]
7fc2f28a6000-7fc2f28e1000 r-xp 00000000 08:06 8392501                    /usr/lib/jvm/java-7-openjdk-amd64/jre/lib/amd64/libfontmanager.so
7fc2f28e1000-7fc2f2ae1000 ---p 0003b000 08:06 8392501                    /usr/lib/jvm/java-7-openjdk-amd64/jre/lib/amd64/libfontmanager.so
7fc2f2ae1000-7fc2f2ae3000 r--p 0003b000 08:06 8392501                    /usr/lib/jvm/java-7-openjdk-amd64/jre/lib/amd64/libfontmanager.so
7fc2f2ae3000-7fc2f2ae4000 rw-p 0003d000 08:06 8392501                    /usr/lib/jvm/java-7-openjdk-amd64/jre/lib/amd64/libfontmanager.so
7fc2f2ae4000-7fc2f2af4000 r-xp 00000000 08:06 8392489                    /usr/lib/jvm/java-7-openjdk-amd64/jre/lib/amd64/libnio.so
7fc2f2af4000-7fc2f2cf4000 ---p 00010000 08:06 8392489                    /usr/lib/jvm/java-7-openjdk-amd64/jre/lib/amd64/libnio.so
7fc2f2cf4000-7fc2f2cf5000 r--p 00010000 08:06 8392489                    /usr/lib/jvm/java-7-openjdk-amd64/jre/lib/amd64/libnio.so
7fc2f2cf5000-7fc2f2cf6000 rw-p 00011000 08:06 8392489                    /usr/lib/jvm/java-7-openjdk-amd64/jre/lib/amd64/libnio.so
7fc2f2cf6000-7fc2f2d0c000 r-xp 00000000 08:06 8392493                    /usr/lib/jvm/java-7-openjdk-amd64/jre/lib/amd64/libnet.so
7fc2f2d0c000-7fc2f2f0b000 ---p 00016000 08:06 8392493                    /usr/lib/jvm/java-7-openjdk-amd64/jre/lib/amd64/libnet.so
7fc2f2f0b000-7fc2f2f0c000 r--p 00015000 08:06 8392493                    /usr/lib/jvm/java-7-openjdk-amd64/jre/lib/amd64/libnet.so
7fc2f2f0c000-7fc2f2f0d000 rw-p 00016000 08:06 8392493                    /usr/lib/jvm/java-7-openjdk-amd64/jre/lib/amd64/libnet.so
7fc2f2f0d000-7fc2f2f10000 ---p 00000000 00:00 0 
7fc2f2f10000-7fc2f300e000 rw-p 00000000 00:00 0                          [stack:7457]
7fc2f300e000-7fc2f3011000 ---p 00000000 00:00 0 
7fc2f3011000-7fc2f310f000 rw-p 00000000 00:00 0                          [stack:7456]
7fc2f310f000-7fc2f3112000 ---p 00000000 00:00 0 
7fc2f3112000-7fc2f3210000 rw-p 00000000 00:00 0                          [stack:7455]
7fc2f3210000-7fc2f3213000 ---p 00000000 00:00 0 
7fc2f3213000-7fc2f3311000 rw-p 00000000 00:00 0                          [stack:7454]
7fc2f3311000-7fc2f3314000 r-xp 00000000 08:06 4984315                    /lib/x86_64-linux-gnu/libgpg-error.so.0.8.0
7fc2f3314000-7fc2f3513000 ---p 00003000 08:06 4984315                    /lib/x86_64-linux-gnu/libgpg-error.so.0.8.0
7fc2f3513000-7fc2f3514000 r--p 00002000 08:06 4984315                    /lib/x86_64-linux-gnu/libgpg-error.so.0.8.0
7fc2f3514000-7fc2f3515000 rw-p 00003000 08:06 4984315                    /lib/x86_64-linux-gnu/libgpg-error.so.0.8.0
7fc2f3515000-7fc2f3517000 r-xp 00000000 08:06 4984322                    /lib/x86_64-linux-gnu/libkeyutils.so.1.4
7fc2f3517000-7fc2f3717000 ---p 00002000 08:06 4984322                    /lib/x86_64-linux-gnu/libkeyutils.so.1.4
7fc2f3717000-7fc2f3718000 r--p 00002000 08:06 4984322                    /lib/x86_64-linux-gnu/libkeyutils.so.1.4
7fc2f3718000-7fc2f3719000 rw-p 00003000 08:06 4984322                    /lib/x86_64-linux-gnu/libkeyutils.so.1.4
7fc2f3719000-7fc2f375c000 r-xp 00000000 08:06 4984296                    /lib/x86_64-linux-gnu/libdbus-1.so.3.7.2
7fc2f375c000-7fc2f395b000 ---p 00043000 08:06 4984296                    /lib/x86_64-linux-gnu/libdbus-1.so.3.7.2
7fc2f395b000-7fc2f395c000 r--p 00042000 08:06 4984296                    /lib/x86_64-linux-gnu/libdbus-1.so.3.7.2
7fc2f395c000-7fc2f395d000 rw-p 00043000 08:06 4984296                    /lib/x86_64-linux-gnu/libdbus-1.so.3.7.2
7fc2f395d000-7fc2f396f000 r-xp 00000000 08:06 7610167                    /usr/lib/x86_64-linux-gnu/libp11-kit.so.0.0.0
7fc2f396f000-7fc2f3b6f000 ---p 00012000 08:06 7610167                    /usr/lib/x86_64-linux-gnu/libp11-kit.so.0.0.0
7fc2f3b6f000-7fc2f3b70000 r--p 00012000 08:06 7610167                    /usr/lib/x86_64-linux-gnu/libp11-kit.so.0.0.0
7fc2f3b70000-7fc2f3b71000 rw-p 00013000 08:06 7610167                    /usr/lib/x86_64-linux-gnu/libp11-kit.so.0.0.0
7fc2f3b71000-7fc2f3beb000 r-xp 00000000 08:06 4984311                    /lib/x86_64-linux-gnu/libgcrypt.so.11.7.0
7fc2f3beb000-7fc2f3deb000 ---p 0007a000 08:06 4984311                    /lib/x86_64-linux-gnu/libgcrypt.so.11.7.0
7fc2f3deb000-7fc2f3dec000 r--p 0007a000 08:06 4984311                    /lib/x86_64-linux-gnu/libgcrypt.so.11.7.0
7fc2f3dec000-7fc2f3def000 rw-p 0007b000 08:06 4984311                    /lib/x86_64-linux-gnu/libgcrypt.so.11.7.0
7fc2f3def000-7fc2f3dfe000 r-xp 00000000 08:06 7610310                    /usr/lib/x86_64-linux-gnu/libtasn1.so.3.1.16
7fc2f3dfe000-7fc2f3ffe000 ---p 0000f000 08:06 7610310                    /usr/lib/x86_64-linux-gnu/libtasn1.so.3.1.16
7fc2f3ffe000-7fc2f3fff000 r--p 0000f000 08:06 7610310                    /usr/lib/x86_64-linux-gnu/libtasn1.so.3.1.16
7fc2f3fff000-7fc2f4000000 rw-p 00010000 08:06 7610310                    /usr/lib/x86_64-linux-gnu/libtasn1.so.3.1.16
7fc2f4000000-7fc2f4021000 rw-p 00000000 00:00 0 
7fc2f4021000-7fc2f8000000 ---p 00000000 00:00 0 
7fc2f8077000-7fc2f807e000 r-xp 00000000 08:06 7610087                    /usr/lib/x86_64-linux-gnu/libkrb5support.so.0.1
7fc2f807e000-7fc2f827d000 ---p 00007000 08:06 7610087                    /usr/lib/x86_64-linux-gnu/libkrb5support.so.0.1
7fc2f827d000-7fc2f827e000 r--p 00006000 08:06 7610087                    /usr/lib/x86_64-linux-gnu/libkrb5support.so.0.1
7fc2f827e000-7fc2f827f000 rw-p 00007000 08:06 7610087                    /usr/lib/x86_64-linux-gnu/libkrb5support.so.0.1
7fc2f827f000-7fc2f8282000 r-xp 00000000 08:06 4984291                    /lib/x86_64-linux-gnu/libcom_err.so.2.1
7fc2f8282000-7fc2f8481000 ---p 00003000 08:06 4984291                    /lib/x86_64-linux-gnu/libcom_err.so.2.1
7fc2f8481000-7fc2f8482000 r--p 00002000 08:06 4984291                    /lib/x86_64-linux-gnu/libcom_err.so.2.1
7fc2f8482000-7fc2f8483000 rw-p 00003000 08:06 4984291                    /lib/x86_64-linux-gnu/libcom_err.so.2.1
7fc2f8483000-7fc2f84a9000 r-xp 00000000 08:06 7610079                    /usr/lib/x86_64-linux-gnu/libk5crypto.so.3.1
7fc2f84a9000-7fc2f86a9000 ---p 00026000 08:06 7610079                    /usr/lib/x86_64-linux-gnu/libk5crypto.so.3.1
7fc2f86a9000-7fc2f86aa000 r--p 00026000 08:06 7610079                    /usr/lib/x86_64-linux-gnu/libk5crypto.so.3.1
7fc2f86aa000-7fc2f86ab000 rw-p 00027000 08:06 7610079                    /usr/lib/x86_64-linux-gnu/libk5crypto.so.3.1
7fc2f86ab000-7fc2f86ac000 rw-p 00000000 00:00 0 
7fc2f86ac000-7fc2f8770000 r-xp 00000000 08:06 7610085                    /usr/lib/x86_64-linux-gnu/libkrb5.so.3.3
7fc2f8770000-7fc2f896f000 ---p 000c4000 08:06 7610085                    /usr/lib/x86_64-linux-gnu/libkrb5.so.3.3
7fc2f896f000-7fc2f8979000 r--p 000c3000 08:06 7610085                    /usr/lib/x86_64-linux-gnu/libkrb5.so.3.3
7fc2f8979000-7fc2f897a000 rw-p 000cd000 08:06 7610085                    /usr/lib/x86_64-linux-gnu/libkrb5.so.3.3
7fc2f897a000-7fc2f8982000 r-xp 00000000 08:06 7611292                    /usr/lib/x86_64-linux-gnu/libxcb-render.so.0.0.0
7fc2f8982000-7fc2f8b82000 ---p 00008000 08:06 7611292                    /usr/lib/x86_64-linux-gnu/libxcb-render.so.0.0.0
7fc2f8b82000-7fc2f8b83000 r--p 00008000 08:06 7611292                    /usr/lib/x86_64-linux-gnu/libxcb-render.so.0.0.0
7fc2f8b83000-7fc2f8b84000 rw-p 00009000 08:06 7611292                    /usr/lib/x86_64-linux-gnu/libxcb-render.so.0.0.0
7fc2f8b84000-7fc2f8b86000 r-xp 00000000 08:06 7611295                    /usr/lib/x86_64-linux-gnu/libxcb-shm.so.0.0.0
7fc2f8b86000-7fc2f8d85000 ---p 00002000 08:06 7611295                    /usr/lib/x86_64-linux-gnu/libxcb-shm.so.0.0.0
7fc2f8d85000-7fc2f8d86000 r--p 00001000 08:06 7611295                    /usr/lib/x86_64-linux-gnu/libxcb-shm.so.0.0.0
7fc2f8d86000-7fc2f8d87000 rw-p 00002000 08:06 7611295                    /usr/lib/x86_64-linux-gnu/libxcb-shm.so.0.0.0
7fc2f8d87000-7fc2f8dac000 r-xp 00000000 08:06 4984375                    /lib/x86_64-linux-gnu/libpng12.so.0.49.0
7fc2f8dac000-7fc2f8fab000 ---p 00025000 08:06 4984375                    /lib/x86_64-linux-gnu/libpng12.so.0.49.0
7fc2f8fab000-7fc2f8fac000 r--p 00024000 08:06 4984375                    /lib/x86_64-linux-gnu/libpng12.so.0.49.0
7fc2f8fac000-7fc2f8fad000 rw-p 00025000 08:06 4984375                    /lib/x86_64-linux-gnu/libpng12.so.0.49.0
7fc2f8fad000-7fc2f902d000 r-xp 00000000 08:06 7610197                    /usr/lib/x86_64-linux-gnu/libpixman-1.so.0.26.0
7fc2f902d000-7fc2f922c000 ---p 00080000 08:06 7610197                    /usr/lib/x86_64-linux-gnu/libpixman-1.so.0.26.0
7fc2f922c000-7fc2f9232000 r--p 0007f000 08:06 7610197                    /usr/lib/x86_64-linux-gnu/libpixman-1.so.0.26.0
7fc2f9232000-7fc2f9233000 rw-p 00085000 08:06 7610197                    /usr/lib/x86_64-linux-gnu/libpixman-1.so.0.26.0
7fc2f9233000-7fc2f9238000 r-xp 00000000 08:06 7609654                    /usr/lib/x86_64-linux-gnu/libXdmcp.so.6.0.0
7fc2f9238000-7fc2f9437000 ---p 00005000 08:06 7609654                    /usr/lib/x86_64-linux-gnu/libXdmcp.so.6.0.0
7fc2f9437000-7fc2f9438000 r--p 00004000 08:06 7609654                    /usr/lib/x86_64-linux-gnu/libXdmcp.so.6.0.0
7fc2f9438000-7fc2f9439000 rw-p 00005000 08:06 7609654                    /usr/lib/x86_64-linux-gnu/libXdmcp.so.6.0.0
7fc2f9439000-7fc2f943b000 r-xp 00000000 08:06 7609643                    /usr/lib/x86_64-linux-gnu/libXau.so.6.0.0
7fc2f943b000-7fc2f963b000 ---p 00002000 08:06 7609643                    /usr/lib/x86_64-linux-gnu/libXau.so.6.0.0
7fc2f963b000-7fc2f963c000 r--p 00002000 08:06 7609643                    /usr/lib/x86_64-linux-gnu/libXau.so.6.0.0
7fc2f963c000-7fc2f963d000 rw-p 00003000 08:06 7609643                    /usr/lib/x86_64-linux-gnu/libXau.so.6.0.0
7fc2f963d000-7fc2f964c000 r-xp 00000000 08:06 7609724                    /usr/lib/x86_64-linux-gnu/libavahi-client.so.3.2.9
7fc2f964c000-7fc2f984c000 ---p 0000f000 08:06 7609724                    /usr/lib/x86_64-linux-gnu/libavahi-client.so.3.2.9
7fc2f984c000-7fc2f984d000 r--p 0000f000 08:06 7609724                    /usr/lib/x86_64-linux-gnu/libavahi-client.so.3.2.9
7fc2f984d000-7fc2f984e000 rw-p 00010000 08:06 7609724                    /usr/lib/x86_64-linux-gnu/libavahi-client.so.3.2.9
7fc2f984e000-7fc2f9859000 r-xp 00000000 08:06 7609726                    /usr/lib/x86_64-linux-gnu/libavahi-common.so.3.5.3
7fc2f9859000-7fc2f9a58000 ---p 0000b000 08:06 7609726                    /usr/lib/x86_64-linux-gnu/libavahi-common.so.3.5.3
7fc2f9a58000-7fc2f9a59000 r--p 0000a000 08:06 7609726                    /usr/lib/x86_64-linux-gnu/libavahi-common.so.3.5.3
7fc2f9a59000-7fc2f9a5a000 rw-p 0000b000 08:06 7609726                    /usr/lib/x86_64-linux-gnu/libavahi-common.so.3.5.3
7fc2f9a5a000-7fc2f9b0e000 r-xp 00000000 08:06 7611610                    /usr/lib/x86_64-linux-gnu/libgnutls.so.26.21.8
7fc2f9b0e000-7fc2f9d0e000 ---p 000b4000 08:06 7611610                    /usr/lib/x86_64-linux-gnu/libgnutls.so.26.21.8
7fc2f9d0e000-7fc2f9d14000 r--p 000b4000 08:06 7611610                    /usr/lib/x86_64-linux-gnu/libgnutls.so.26.21.8
7fc2f9d14000-7fc2f9d15000 rw-p 000ba000 08:06 7611610                    /usr/lib/x86_64-linux-gnu/libgnutls.so.26.21.8
7fc2f9d15000-7fc2f9d16000 rw-p 00000000 00:00 0 
7fc2f9d16000-7fc2f9d51000 r-xp 00000000 08:06 7609962                    /usr/lib/x86_64-linux-gnu/libgssapi_krb5.so.2.2
7fc2f9d51000-7fc2f9f51000 ---p 0003b000 08:06 7609962                    /usr/lib/x86_64-linux-gnu/libgssapi_krb5.so.2.2
7fc2f9f51000-7fc2f9f52000 r--p 0003b000 08:06 7609962                    /usr/lib/x86_64-linux-gnu/libgssapi_krb5.so.2.2
7fc2f9f52000-7fc2f9f54000 rw-p 0003c000 08:06 7609962                    /usr/lib/x86_64-linux-gnu/libgssapi_krb5.so.2.2
7fc2f9f54000-7fc2f9f90000 r-xp 00000000 08:06 4984371                    /lib/x86_64-linux-gnu/libpcre.so.3.13.1
7fc2f9f90000-7fc2fa18f000 ---p 0003c000 08:06 4984371                    /lib/x86_64-linux-gnu/libpcre.so.3.13.1
7fc2fa18f000-7fc2fa190000 r--p 0003b000 08:06 4984371                    /lib/x86_64-linux-gnu/libpcre.so.3.13.1
7fc2fa190000-7fc2fa191000 rw-p 0003c000 08:06 4984371                    /lib/x86_64-linux-gnu/libpcre.so.3.13.1
7fc2fa191000-7fc2fa198000 r-xp 00000000 08:06 7609857                    /usr/lib/x86_64-linux-gnu/libffi.so.6.0.0
7fc2fa198000-7fc2fa397000 ---p 00007000 08:06 7609857                    /usr/lib/x86_64-linux-gnu/libffi.so.6.0.0
7fc2fa397000-7fc2fa398000 r--p 00006000 08:06 7609857                    /usr/lib/x86_64-linux-gnu/libffi.so.6.0.0
7fc2fa398000-7fc2fa399000 rw-p 00007000 08:06 7609857                    /usr/lib/x86_64-linux-gnu/libffi.so.6.0.0
7fc2fa399000-7fc2fa3bf000 r-xp 00000000 08:06 4984304                    /lib/x86_64-linux-gnu/libexpat.so.1.6.0
7fc2fa3bf000-7fc2fa5bf000 ---p 00026000 08:06 4984304                    /lib/x86_64-linux-gnu/libexpat.so.1.6.0
7fc2fa5bf000-7fc2fa5c1000 r--p 00026000 08:06 4984304                    /lib/x86_64-linux-gnu/libexpat.so.1.6.0
7fc2fa5c1000-7fc2fa5c2000 rw-p 00028000 08:06 4984304                    /lib/x86_64-linux-gnu/libexpat.so.1.6.0
7fc2fa5c2000-7fc2fa658000 r-xp 00000000 08:06 7605936                    /usr/lib/x86_64-linux-gnu/libfreetype.so.6.9.0
7fc2fa658000-7fc2fa857000 ---p 00096000 08:06 7605936                    /usr/lib/x86_64-linux-gnu/libfreetype.so.6.9.0
7fc2fa857000-7fc2fa85d000 r--p 00095000 08:06 7605936                    /usr/lib/x86_64-linux-gnu/libfreetype.so.6.9.0
7fc2fa85d000-7fc2fa85e000 rw-p 0009b000 08:06 7605936                    /usr/lib/x86_64-linux-gnu/libfreetype.so.6.9.0
7fc2fa85e000-7fc2fa876000 r-xp 00000000 08:06 4988095                    /lib/x86_64-linux-gnu/libresolv-2.15.so
7fc2fa876000-7fc2faa76000 ---p 00018000 08:06 4988095                    /lib/x86_64-linux-gnu/libresolv-2.15.so
7fc2faa76000-7fc2faa77000 r--p 00018000 08:06 4988095                    /lib/x86_64-linux-gnu/libresolv-2.15.so
7fc2faa77000-7fc2faa78000 rw-p 00019000 08:06 4988095                    /lib/x86_64-linux-gnu/libresolv-2.15.so
7fc2faa78000-7fc2faa7a000 rw-p 00000000 00:00 0 
7fc2faa7a000-7fc2faa97000 r-xp 00000000 08:06 4984390                    /lib/x86_64-linux-gnu/libselinux.so.1
7fc2faa97000-7fc2fac96000 ---p 0001d000 08:06 4984390                    /lib/x86_64-linux-gnu/libselinux.so.1
7fc2fac96000-7fc2fac97000 r--p 0001c000 08:06 4984390                    /lib/x86_64-linux-gnu/libselinux.so.1
7fc2fac97000-7fc2fac98000 rw-p 0001d000 08:06 4984390                    /lib/x86_64-linux-gnu/libselinux.so.1
7fc2fac98000-7fc2fac99000 rw-p 00000000 00:00 0 
7fc2fac99000-7fc2fac9c000 r-xp 00000000 08:06 7602558                    /usr/lib/x86_64-linux-gnu/libgmodule-2.0.so.0.3400.1
7fc2fac9c000-7fc2fae9b000 ---p 00003000 08:06 7602558                    /usr/lib/x86_64-linux-gnu/libgmodule-2.0.so.0.3400.1
7fc2fae9b000-7fc2fae9c000 r--p 00002000 08:06 7602558                    /usr/lib/x86_64-linux-gnu/libgmodule-2.0.so.0.3400.1
7fc2fae9c000-7fc2fae9d000 rw-p 00003000 08:06 7602558                    /usr/lib/x86_64-linux-gnu/libgmodule-2.0.so.0.3400.1
7fc2fae9d000-7fc2fae9f000 r-xp 00000000 08:06 7609652                    /usr/lib/x86_64-linux-gnu/libXdamage.so.1.1.0
7fc2fae9f000-7fc2fb09e000 ---p 00002000 08:06 7609652                    /usr/lib/x86_64-linux-gnu/libXdamage.so.1.1.0
7fc2fb09e000-7fc2fb09f000 r--p 00001000 08:06 7609652                    /usr/lib/x86_64-linux-gnu/libXdamage.so.1.1.0
7fc2fb09f000-7fc2fb0a0000 rw-p 00002000 08:06 7609652                    /usr/lib/x86_64-linux-gnu/libXdamage.so.1.1.0
7fc2fb0a0000-7fc2fb0a2000 r-xp 00000000 08:06 7609648                    /usr/lib/x86_64-linux-gnu/libXcomposite.so.1.0.0
7fc2fb0a2000-7fc2fb2a1000 ---p 00002000 08:06 7609648                    /usr/lib/x86_64-linux-gnu/libXcomposite.so.1.0.0
7fc2fb2a1000-7fc2fb2a2000 r--p 00001000 08:06 7609648                    /usr/lib/x86_64-linux-gnu/libXcomposite.so.1.0.0
7fc2fb2a2000-7fc2fb2a3000 rw-p 00002000 08:06 7609648                    /usr/lib/x86_64-linux-gnu/libXcomposite.so.1.0.0
7fc2fb2a3000-7fc2fb2ac000 r-xp 00000000 08:06 7609675                    /usr/lib/x86_64-linux-gnu/libXcursor.so.1.0.2
7fc2fb2ac000-7fc2fb4ac000 ---p 00009000 08:06 7609675                    /usr/lib/x86_64-linux-gnu/libXcursor.so.1.0.2
7fc2fb4ac000-7fc2fb4ad000 r--p 00009000 08:06 7609675                    /usr/lib/x86_64-linux-gnu/libXcursor.so.1.0.2
7fc2fb4ad000-7fc2fb4ae000 rw-p 0000a000 08:06 7609675                    /usr/lib/x86_64-linux-gnu/libXcursor.so.1.0.2
7fc2fb4ae000-7fc2fb4b7000 r-xp 00000000 08:06 7627007                    /usr/lib/x86_64-linux-gnu/libXrandr.so.2.2.0
7fc2fb4b7000-7fc2fb6b6000 ---p 00009000 08:06 7627007                    /usr/lib/x86_64-linux-gnu/libXrandr.so.2.2.0
7fc2fb6b6000-7fc2fb6b7000 r--p 00008000 08:06 7627007                    /usr/lib/x86_64-linux-gnu/libXrandr.so.2.2.0
7fc2fb6b7000-7fc2fb6b8000 rw-p 00009000 08:06 7627007                    /usr/lib/x86_64-linux-gnu/libXrandr.so.2.2.0
7fc2fb6b8000-7fc2fb6ba000 r-xp 00000000 08:06 7611299                    /usr/lib/x86_64-linux-gnu/libXinerama.so.1.0.0
7fc2fb6ba000-7fc2fb8b9000 ---p 00002000 08:06 7611299                    /usr/lib/x86_64-linux-gnu/libXinerama.so.1.0.0
7fc2fb8b9000-7fc2fb8ba000 r--p 00001000 08:06 7611299                    /usr/lib/x86_64-linux-gnu/libXinerama.so.1.0.0
7fc2fb8ba000-7fc2fb8bb000 rw-p 00002000 08:06 7611299                    /usr/lib/x86_64-linux-gnu/libXinerama.so.1.0.0
7fc2fb8bb000-7fc2fb8e5000 r-xp 00000000 08:06 7610179                    /usr/lib/x86_64-linux-gnu/libpangoft2-1.0.so.0.3000.1
7fc2fb8e5000-7fc2fbae4000 ---p 0002a000 08:06 7610179                    /usr/lib/x86_64-linux-gnu/libpangoft2-1.0.so.0.3000.1
7fc2fbae4000-7fc2fbae5000 r--p 00029000 08:06 7610179                    /usr/lib/x86_64-linux-gnu/libpangoft2-1.0.so.0.3000.1
7fc2fbae5000-7fc2fbae6000 rw-p 0002a000 08:06 7610179                    /usr/lib/x86_64-linux-gnu/libpangoft2-1.0.so.0.3000.1
7fc2fbae6000-7fc2fbbd8000 r-xp 00000000 08:06 7612299                    /usr/lib/x86_64-linux-gnu/libcairo.so.2.11200.2
7fc2fbbd8000-7fc2fbdd8000 ---p 000f2000 08:06 7612299                    /usr/lib/x86_64-linux-gnu/libcairo.so.2.11200.2
7fc2fbdd8000-7fc2fbddb000 r--p 000f2000 08:06 7612299                    /usr/lib/x86_64-linux-gnu/libcairo.so.2.11200.2
7fc2fbddb000-7fc2fbddc000 rw-p 000f5000 08:06 7612299                    /usr/lib/x86_64-linux-gnu/libcairo.so.2.11200.2
7fc2fbddc000-7fc2fbdde000 rw-p 00000000 00:00 0 
7fc2fbdde000-7fc2fbdfd000 r-xp 00000000 08:06 7609714                    /usr/lib/x86_64-linux-gnu/libatk-1.0.so.0.20609.1
7fc2fbdfd000-7fc2fbffd000 ---p 0001f000 08:06 7609714                    /usr/lib/x86_64-linux-gnu/libatk-1.0.so.0.20609.1
7fc2fbffd000-7fc2fbfff000 r--p 0001f000 08:06 7609714                    /usr/lib/x86_64-linux-gnu/libatk-1.0.so.0.20609.1
7fc2fbfff000-7fc2fc000000 rw-p 00021000 08:06 7609714                    /usr/lib/x86_64-linux-gnu/libatk-1.0.so.0.20609.1
7fc2fc000000-7fc2fc021000 rw-p 00000000 00:00 0 
7fc2fc021000-7fc300000000 ---p 00000000 00:00 0 
7fc30009c000-7fc3000cd000 rw-p 00000000 00:00 0 
7fc3000cd000-7fc3000d2000 r-xp 00000000 08:06 7612716                    /usr/lib/x86_64-linux-gnu/libXfixes.so.3.1.0
7fc3000d2000-7fc3002d1000 ---p 00005000 08:06 7612716                    /usr/lib/x86_64-linux-gnu/libXfixes.so.3.1.0
7fc3002d1000-7fc3002d2000 r--p 00004000 08:06 7612716                    /usr/lib/x86_64-linux-gnu/libXfixes.so.3.1.0
7fc3002d2000-7fc3002d3000 rw-p 00005000 08:06 7612716                    /usr/lib/x86_64-linux-gnu/libXfixes.so.3.1.0
7fc3002d3000-7fc3002de000 r-xp 00000000 08:06 7610177                    /usr/lib/x86_64-linux-gnu/libpangocairo-1.0.so.0.3000.1
7fc3002de000-7fc3004dd000 ---p 0000b000 08:06 7610177                    /usr/lib/x86_64-linux-gnu/libpangocairo-1.0.so.0.3000.1
7fc3004dd000-7fc3004de000 r--p 0000a000 08:06 7610177                    /usr/lib/x86_64-linux-gnu/libpangocairo-1.0.so.0.3000.1
7fc3004de000-7fc3004df000 rw-p 0000b000 08:06 7610177                    /usr/lib/x86_64-linux-gnu/libpangocairo-1.0.so.0.3000.1
7fc3004df000-7fc3004fc000 r-xp 00000000 08:06 7610396                    /usr/lib/x86_64-linux-gnu/libxcb.so.1.1.0
7fc3004fc000-7fc3006fb000 ---p 0001d000 08:06 7610396                    /usr/lib/x86_64-linux-gnu/libxcb.so.1.1.0
7fc3006fb000-7fc3006fc000 r--p 0001c000 08:06 7610396                    /usr/lib/x86_64-linux-gnu/libxcb.so.1.1.0
7fc3006fc000-7fc3006fd000 rw-p 0001d000 08:06 7610396                    /usr/lib/x86_64-linux-gnu/libxcb.so.1.1.0
7fc3006fd000-7fc300758000 r-xp 00000000 08:06 7602835                    /usr/lib/x86_64-linux-gnu/libcups.so.2
7fc300758000-7fc300957000 ---p 0005b000 08:06 7602835                    /usr/lib/x86_64-linux-gnu/libcups.so.2
7fc300957000-7fc30095c000 r--p 0005a000 08:06 7602835                    /usr/lib/x86_64-linux-gnu/libcups.so.2
7fc30095c000-7fc30095d000 rw-p 0005f000 08:06 7602835                    /usr/lib/x86_64-linux-gnu/libcups.so.2
7fc30095d000-7fc300a52000 r-xp 00000000 08:06 4984547                    /lib/x86_64-linux-gnu/libglib-2.0.so.0.3400.1
7fc300a52000-7fc300c51000 ---p 000f5000 08:06 4984547                    /lib/x86_64-linux-gnu/libglib-2.0.so.0.3400.1
7fc300c51000-7fc300c52000 r--p 000f4000 08:06 4984547                    /lib/x86_64-linux-gnu/libglib-2.0.so.0.3400.1
7fc300c52000-7fc300c53000 rw-p 000f5000 08:06 4984547                    /lib/x86_64-linux-gnu/libglib-2.0.so.0.3400.1
7fc300c53000-7fc300c54000 rw-p 00000000 00:00 0 
7fc300c54000-7fc300c55000 r-xp 00000000 08:06 7602563                    /usr/lib/x86_64-linux-gnu/libgthread-2.0.so.0.3400.1
7fc300c55000-7fc300e54000 ---p 00001000 08:06 7602563                    /usr/lib/x86_64-linux-gnu/libgthread-2.0.so.0.3400.1
7fc300e54000-7fc300e55000 r--p 00000000 08:06 7602563                    /usr/lib/x86_64-linux-gnu/libgthread-2.0.so.0.3400.1
7fc300e55000-7fc300e56000 rw-p 00001000 08:06 7602563                    /usr/lib/x86_64-linux-gnu/libgthread-2.0.so.0.3400.1
7fc300e56000-7fc300ea3000 r-xp 00000000 08:06 7602539                    /usr/lib/x86_64-linux-gnu/libgobject-2.0.so.0.3400.1
7fc300ea3000-7fc3010a3000 ---p 0004d000 08:06 7602539                    /usr/lib/x86_64-linux-gnu/libgobject-2.0.so.0.3400.1
7fc3010a3000-7fc3010a4000 r--p 0004d000 08:06 7602539                    /usr/lib/x86_64-linux-gnu/libgobject-2.0.so.0.3400.1
7fc3010a4000-7fc3010a5000 rw-p 0004e000 08:06 7602539                    /usr/lib/x86_64-linux-gnu/libgobject-2.0.so.0.3400.1
7fc3010a5000-7fc3010dc000 r-xp 00000000 08:06 7609859                    /usr/lib/x86_64-linux-gnu/libfontconfig.so.1.6.2
7fc3010dc000-7fc3012dc000 ---p 00037000 08:06 7609859                    /usr/lib/x86_64-linux-gnu/libfontconfig.so.1.6.2
7fc3012dc000-7fc3012dd000 r--p 00037000 08:06 7609859                    /usr/lib/x86_64-linux-gnu/libfontconfig.so.1.6.2
7fc3012dd000-7fc3012de000 rw-p 00038000 08:06 7609859                    /usr/lib/x86_64-linux-gnu/libfontconfig.so.1.6.2
7fc3012de000-7fc3012df000 rw-p 00000000 00:00 0 
7fc3012df000-7fc301326000 r-xp 00000000 08:06 7610175                    /usr/lib/x86_64-linux-gnu/libpango-1.0.so.0.3000.1
7fc301326000-7fc301525000 ---p 00047000 08:06 7610175                    /usr/lib/x86_64-linux-gnu/libpango-1.0.so.0.3000.1
7fc301525000-7fc301527000 r--p 00046000 08:06 7610175                    /usr/lib/x86_64-linux-gnu/libpango-1.0.so.0.3000.1
7fc301527000-7fc301528000 rw-p 00048000 08:06 7610175                    /usr/lib/x86_64-linux-gnu/libpango-1.0.so.0.3000.1
7fc301528000-7fc301546000 r-xp 00000000 08:06 7609908                    /usr/lib/x86_64-linux-gnu/libgdk_pixbuf-2.0.so.0.2600.4
7fc301546000-7fc301745000 ---p 0001e000 08:06 7609908                    /usr/lib/x86_64-linux-gnu/libgdk_pixbuf-2.0.so.0.2600.4
7fc301745000-7fc301746000 r--p 0001d000 08:06 7609908                    /usr/lib/x86_64-linux-gnu/libgdk_pixbuf-2.0.so.0.2600.4
7fc301746000-7fc301747000 rw-p 0001e000 08:06 7609908                    /usr/lib/x86_64-linux-gnu/libgdk_pixbuf-2.0.so.0.2600.4
7fc301747000-7fc301895000 r-xp 00000000 08:06 7602564                    /usr/lib/x86_64-linux-gnu/libgio-2.0.so.0.3400.1
7fc301895000-7fc301a94000 ---p 0014e000 08:06 7602564                    /usr/lib/x86_64-linux-gnu/libgio-2.0.so.0.3400.1
7fc301a94000-7fc301a98000 r--p 0014d000 08:06 7602564                    /usr/lib/x86_64-linux-gnu/libgio-2.0.so.0.3400.1
7fc301a98000-7fc301a9a000 rw-p 00151000 08:06 7602564                    /usr/lib/x86_64-linux-gnu/libgio-2.0.so.0.3400.1
7fc301a9a000-7fc301a9c000 rw-p 00000000 00:00 0 
7fc301a9c000-7fc301b49000 r-xp 00000000 08:06 7609906                    /usr/lib/x86_64-linux-gnu/libgdk-x11-2.0.so.0.2400.13
7fc301b49000-7fc301d48000 ---p 000ad000 08:06 7609906                    /usr/lib/x86_64-linux-gnu/libgdk-x11-2.0.so.0.2400.13
7fc301d48000-7fc301d4c000 r--p 000ac000 08:06 7609906                    /usr/lib/x86_64-linux-gnu/libgdk-x11-2.0.so.0.2400.13
7fc301d4c000-7fc301d4e000 rw-p 000b0000 08:06 7609906                    /usr/lib/x86_64-linux-gnu/libgdk-x11-2.0.so.0.2400.13
7fc301d4e000-7fc30217b000 r-xp 00000000 08:06 7610010                    /usr/lib/x86_64-linux-gnu/libgtk-x11-2.0.so.0.2400.13
7fc30217b000-7fc30237a000 ---p 0042d000 08:06 7610010                    /usr/lib/x86_64-linux-gnu/libgtk-x11-2.0.so.0.2400.13
7fc30237a000-7fc302381000 r--p 0042c000 08:06 7610010                    /usr/lib/x86_64-linux-gnu/libgtk-x11-2.0.so.0.2400.13
7fc302381000-7fc302385000 rw-p 00433000 08:06 7610010                    /usr/lib/x86_64-linux-gnu/libgtk-x11-2.0.so.0.2400.13
7fc302385000-7fc302387000 rw-p 00000000 00:00 0 
7fc302387000-7fc302395000 r-xp 00000000 08:06 7611199                    /usr/lib/x86_64-linux-gnu/libXi.so.6.1.0
7fc302395000-7fc302594000 ---p 0000e000 08:06 7611199                    /usr/lib/x86_64-linux-gnu/libXi.so.6.1.0
7fc302594000-7fc302595000 r--p 0000d000 08:06 7611199                    /usr/lib/x86_64-linux-gnu/libXi.so.6.1.0
7fc302595000-7fc302596000 rw-p 0000e000 08:06 7611199                    /usr/lib/x86_64-linux-gnu/libXi.so.6.1.0
7fc302596000-7fc30259b000 r-xp 00000000 08:06 7611202                    /usr/lib/x86_64-linux-gnu/libXtst.so.6.1.0
7fc30259b000-7fc30279a000 ---p 00005000 08:06 7611202                    /usr/lib/x86_64-linux-gnu/libXtst.so.6.1.0
7fc30279a000-7fc30279b000 r--p 00004000 08:06 7611202                    /usr/lib/x86_64-linux-gnu/libXtst.so.6.1.0
7fc30279b000-7fc30279c000 rw-p 00005000 08:06 7611202                    /usr/lib/x86_64-linux-gnu/libXtst.so.6.1.0
7fc30279c000-7fc3027a5000 r-xp 00000000 08:06 7611818                    /usr/lib/x86_64-linux-gnu/libXrender.so.1.3.0
7fc3027a5000-7fc3029a4000 ---p 00009000 08:06 7611818                    /usr/lib/x86_64-linux-gnu/libXrender.so.1.3.0
7fc3029a4000-7fc3029a5000 r--p 00008000 08:06 7611818                    /usr/lib/x86_64-linux-gnu/libXrender.so.1.3.0
7fc3029a5000-7fc3029a6000 rw-p 00009000 08:06 7611818                    /usr/lib/x86_64-linux-gnu/libXrender.so.1.3.0
7fc3029a6000-7fc302ada000 r-xp 00000000 08:06 7611193                    /usr/lib/x86_64-linux-gnu/libX11.so.6.3.0
7fc302ada000-7fc302cda000 ---p 00134000 08:06 7611193                    /usr/lib/x86_64-linux-gnu/libX11.so.6.3.0
7fc302cda000-7fc302cdb000 r--p 00134000 08:06 7611193                    /usr/lib/x86_64-linux-gnu/libX11.so.6.3.0
7fc302cdb000-7fc302ce0000 rw-p 00135000 08:06 7611193                    /usr/lib/x86_64-linux-gnu/libX11.so.6.3.0
7fc302ce0000-7fc302cf1000 r-xp 00000000 08:06 7611196                    /usr/lib/x86_64-linux-gnu/libXext.so.6.4.0
7fc302cf1000-7fc302ef0000 ---p 00011000 08:06 7611196                    /usr/lib/x86_64-linux-gnu/libXext.so.6.4.0
7fc302ef0000-7fc302ef1000 r--p 00010000 08:06 7611196                    /usr/lib/x86_64-linux-gnu/libXext.so.6.4.0
7fc302ef1000-7fc302ef2000 rw-p 00011000 08:06 7611196                    /usr/lib/x86_64-linux-gnu/libXext.so.6.4.0
7fc302ef2000-7fc302f44000 r-xp 00000000 08:06 8659515                    /usr/lib/jvm/java-7-openjdk-amd64/jre/lib/amd64/xawt/libmawt.so
7fc302f44000-7fc303144000 ---p 00052000 08:06 8659515                    /usr/lib/jvm/java-7-openjdk-amd64/jre/lib/amd64/xawt/libmawt.so
7fc303144000-7fc303145000 r--p 00052000 08:06 8659515                    /usr/lib/jvm/java-7-openjdk-amd64/jre/lib/amd64/xawt/libmawt.so
7fc303145000-7fc303148000 rw-p 00053000 08:06 8659515                    /usr/lib/jvm/java-7-openjdk-amd64/jre/lib/amd64/xawt/libmawt.so
7fc303148000-7fc303149000 rw-p 00000000 00:00 0 
7fc303149000-7fc3031ea000 r-xp 00000000 08:06 8392505                    /usr/lib/jvm/java-7-openjdk-amd64/jre/lib/amd64/libawt.so
7fc3031ea000-7fc3033e9000 ---p 000a1000 08:06 8392505                    /usr/lib/jvm/java-7-openjdk-amd64/jre/lib/amd64/libawt.so
7fc3033e9000-7fc3033ea000 r--p 000a0000 08:06 8392505                    /usr/lib/jvm/java-7-openjdk-amd64/jre/lib/amd64/libawt.so
7fc3033ea000-7fc3033f5000 rw-p 000a1000 08:06 8392505                    /usr/lib/jvm/java-7-openjdk-amd64/jre/lib/amd64/libawt.so
7fc3033f5000-7fc30341a000 rw-p 00000000 00:00 0 
7fc30341a000-7fc30341b000 ---p 00000000 00:00 0 
7fc30341b000-7fc30351b000 rw-p 00000000 00:00 0                          [stack:7453]
7fc30351b000-7fc30351e000 ---p 00000000 00:00 0 
7fc30351e000-7fc30361c000 rw-p 00000000 00:00 0                          [stack:7452]
7fc30361c000-7fc30361f000 ---p 00000000 00:00 0 
7fc30361f000-7fc30371d000 rw-p 00000000 00:00 0                          [stack:7451]
7fc30371d000-7fc303720000 ---p 00000000 00:00 0 
7fc303720000-7fc30381e000 rw-p 00000000 00:00 0                          [stack:7450]
7fc30381e000-7fc303821000 ---p 00000000 00:00 0 
7fc303821000-7fc30391f000 rw-p 00000000 00:00 0                          [stack:7449]
7fc30391f000-7fc304000000 r--p 00000000 08:06 7608773                    /usr/lib/locale/locale-archive
7fc304000000-7fc304021000 rw-p 00000000 00:00 0 
7fc304021000-7fc308000000 ---p 00000000 00:00 0 
7fc308024000-7fc308027000 ---p 00000000 00:00 0 
7fc308027000-7fc30804c000 rw-p 00000000 00:00 0                          [stack:7459]
7fc30804c000-7fc30804f000 ---p 00000000 00:00 0 
7fc30804f000-7fc30814d000 rw-p 00000000 00:00 0                          [stack:7448]
7fc30814d000-7fc308150000 ---p 00000000 00:00 0 
7fc308150000-7fc30824e000 rw-p 00000000 00:00 0                          [stack:7447]
7fc30824e000-7fc30824f000 ---p 00000000 00:00 0 
7fc30824f000-7fc309000000 rw-p 00000000 00:00 0                          [stack:7446]
7fc309000000-7fc309270000 rwxp 00000000 00:00 0 
7fc309270000-7fc30c39a000 rw-p 00000000 00:00 0 
7fc30c39a000-7fc310000000 ---p 00000000 00:00 0 
7fc31000e000-7fc310033000 r--p 00000000 08:06 8524895                    /usr/share/locale-langpack/es/LC_MESSAGES/libc.mo
7fc310033000-7fc3103a2000 rw-p 00000000 00:00 0 
7fc3103a2000-7fc31054e000 r--s 01cdd000 08:06 8392475                    /usr/lib/jvm/java-7-openjdk-amd64/jre/lib/rt.jar
7fc31054e000-7fc31274a000 rw-p 00000000 00:00 0 
7fc31274a000-7fc31274b000 ---p 00000000 00:00 0 
7fc31274b000-7fc31284b000 rw-p 00000000 00:00 0                          [stack:7445]
7fc31284b000-7fc31284c000 ---p 00000000 00:00 0 
7fc31284c000-7fc31294c000 rw-p 00000000 00:00 0                          [stack:7444]
7fc31294c000-7fc31294d000 ---p 00000000 00:00 0 
7fc31294d000-7fc312a4d000 rw-p 00000000 00:00 0                          [stack:7443]
7fc312a4d000-7fc312a4e000 ---p 00000000 00:00 0 
7fc312a4e000-7fc312b59000 rw-p 00000000 00:00 0                          [stack:7442]
7fc312b59000-7fc312ba1000 rw-p 00000000 00:00 0 
7fc312ba1000-7fc312bb0000 rw-p 00000000 00:00 0 
7fc312bb0000-7fc312c8b000 rw-p 00000000 00:00 0 
7fc312c8b000-7fc312c96000 rw-p 00000000 00:00 0 
7fc312c96000-7fc312cde000 rw-p 00000000 00:00 0 
7fc312cde000-7fc312ced000 rw-p 00000000 00:00 0 
7fc312ced000-7fc312dc7000 rw-p 00000000 00:00 0 
7fc312dc7000-7fc312dcf000 rw-p 00000000 00:00 0 
7fc312dcf000-7fc312e3c000 rw-p 00000000 00:00 0 
7fc312e3c000-7fc312e3d000 rw-p 00000000 00:00 0 
7fc312e3d000-7fc312e45000 r-xp 00000000 08:06 8392520                    /usr/lib/jvm/java-7-openjdk-amd64/jre/lib/amd64/libzip.so
7fc312e45000-7fc313044000 ---p 00008000 08:06 8392520                    /usr/lib/jvm/java-7-openjdk-amd64/jre/lib/amd64/libzip.so
7fc313044000-7fc313045000 r--p 00007000 08:06 8392520                    /usr/lib/jvm/java-7-openjdk-amd64/jre/lib/amd64/libzip.so
7fc313045000-7fc313046000 rw-p 00008000 08:06 8392520                    /usr/lib/jvm/java-7-openjdk-amd64/jre/lib/amd64/libzip.so
7fc313046000-7fc313052000 r-xp 00000000 08:06 4988036                    /lib/x86_64-linux-gnu/libnss_files-2.15.so
7fc313052000-7fc313251000 ---p 0000c000 08:06 4988036                    /lib/x86_64-linux-gnu/libnss_files-2.15.so
7fc313251000-7fc313252000 r--p 0000b000 08:06 4988036                    /lib/x86_64-linux-gnu/libnss_files-2.15.so
7fc313252000-7fc313253000 rw-p 0000c000 08:06 4988036                    /lib/x86_64-linux-gnu/libnss_files-2.15.so
7fc313253000-7fc31325d000 r-xp 00000000 08:06 4987958                    /lib/x86_64-linux-gnu/libnss_nis-2.15.so
7fc31325d000-7fc31345d000 ---p 0000a000 08:06 4987958                    /lib/x86_64-linux-gnu/libnss_nis-2.15.so
7fc31345d000-7fc31345e000 r--p 0000a000 08:06 4987958                    /lib/x86_64-linux-gnu/libnss_nis-2.15.so
7fc31345e000-7fc31345f000 rw-p 0000b000 08:06 4987958                    /lib/x86_64-linux-gnu/libnss_nis-2.15.so
7fc31345f000-7fc313476000 r-xp 00000000 08:06 4988113                    /lib/x86_64-linux-gnu/libnsl-2.15.so
7fc313476000-7fc313675000 ---p 00017000 08:06 4988113                    /lib/x86_64-linux-gnu/libnsl-2.15.so
7fc313675000-7fc313676000 r--p 00016000 08:06 4988113                    /lib/x86_64-linux-gnu/libnsl-2.15.so
7fc313676000-7fc313677000 rw-p 00017000 08:06 4988113                    /lib/x86_64-linux-gnu/libnsl-2.15.so
7fc313677000-7fc313679000 rw-p 00000000 00:00 0 
7fc313679000-7fc313681000 r-xp 00000000 08:06 4988198                    /lib/x86_64-linux-gnu/libnss_compat-2.15.so
7fc313681000-7fc313880000 ---p 00008000 08:06 4988198                    /lib/x86_64-linux-gnu/libnss_compat-2.15.so
7fc313880000-7fc313881000 r--p 00007000 08:06 4988198                    /lib/x86_64-linux-gnu/libnss_compat-2.15.so
7fc313881000-7fc313882000 rw-p 00008000 08:06 4988198                    /lib/x86_64-linux-gnu/libnss_compat-2.15.so
7fc313882000-7fc3138ad000 r-xp 00000000 08:06 8392504                    /usr/lib/jvm/java-7-openjdk-amd64/jre/lib/amd64/libjava.so
7fc3138ad000-7fc313aac000 ---p 0002b000 08:06 8392504                    /usr/lib/jvm/java-7-openjdk-amd64/jre/lib/amd64/libjava.so
7fc313aac000-7fc313aad000 r--p 0002a000 08:06 8392504                    /usr/lib/jvm/java-7-openjdk-amd64/jre/lib/amd64/libjava.so
7fc313aad000-7fc313aaf000 rw-p 0002b000 08:06 8392504                    /usr/lib/jvm/java-7-openjdk-amd64/jre/lib/amd64/libjava.so
7fc313aaf000-7fc313abe000 r-xp 00000000 08:06 8392503                    /usr/lib/jvm/java-7-openjdk-amd64/jre/lib/amd64/libverify.so
7fc313abe000-7fc313cbd000 ---p 0000f000 08:06 8392503                    /usr/lib/jvm/java-7-openjdk-amd64/jre/lib/amd64/libverify.so
7fc313cbd000-7fc313cbf000 r--p 0000e000 08:06 8392503                    /usr/lib/jvm/java-7-openjdk-amd64/jre/lib/amd64/libverify.so
7fc313cbf000-7fc313cc0000 rw-p 00010000 08:06 8392503                    /usr/lib/jvm/java-7-openjdk-amd64/jre/lib/amd64/libverify.so
7fc313cc0000-7fc313cc7000 r-xp 00000000 08:06 4988071                    /lib/x86_64-linux-gnu/librt-2.15.so
7fc313cc7000-7fc313ec6000 ---p 00007000 08:06 4988071                    /lib/x86_64-linux-gnu/librt-2.15.so
7fc313ec6000-7fc313ec7000 r--p 00006000 08:06 4988071                    /lib/x86_64-linux-gnu/librt-2.15.so
7fc313ec7000-7fc313ec8000 rw-p 00007000 08:06 4988071                    /lib/x86_64-linux-gnu/librt-2.15.so
7fc313ec8000-7fc313edd000 r-xp 00000000 08:06 4984309                    /lib/x86_64-linux-gnu/libgcc_s.so.1
7fc313edd000-7fc3140dc000 ---p 00015000 08:06 4984309                    /lib/x86_64-linux-gnu/libgcc_s.so.1
7fc3140dc000-7fc3140dd000 r--p 00014000 08:06 4984309                    /lib/x86_64-linux-gnu/libgcc_s.so.1
7fc3140dd000-7fc3140de000 rw-p 00015000 08:06 4984309                    /lib/x86_64-linux-gnu/libgcc_s.so.1
7fc3140de000-7fc3141d9000 r-xp 00000000 08:06 4988195                    /lib/x86_64-linux-gnu/libm-2.15.so
7fc3141d9000-7fc3143d8000 ---p 000fb000 08:06 4988195                    /lib/x86_64-linux-gnu/libm-2.15.so
7fc3143d8000-7fc3143d9000 r--p 000fa000 08:06 4988195                    /lib/x86_64-linux-gnu/libm-2.15.so
7fc3143d9000-7fc3143da000 rw-p 000fb000 08:06 4988195                    /lib/x86_64-linux-gnu/libm-2.15.so
7fc3143da000-7fc3144bf000 r-xp 00000000 08:06 7610302                    /usr/lib/x86_64-linux-gnu/libstdc++.so.6.0.17
7fc3144bf000-7fc3146be000 ---p 000e5000 08:06 7610302                    /usr/lib/x86_64-linux-gnu/libstdc++.so.6.0.17
7fc3146be000-7fc3146c6000 r--p 000e4000 08:06 7610302                    /usr/lib/x86_64-linux-gnu/libstdc++.so.6.0.17
7fc3146c6000-7fc3146c8000 rw-p 000ec000 08:06 7610302                    /usr/lib/x86_64-linux-gnu/libstdc++.so.6.0.17
7fc3146c8000-7fc3146dd000 rw-p 00000000 00:00 0 
7fc3146dd000-7fc3150d8000 r-xp 00000000 08:06 8392509                    /usr/lib/jvm/java-7-openjdk-amd64/jre/lib/amd64/server/libjvm.so
7fc3150d8000-7fc3152d7000 ---p 009fb000 08:06 8392509                    /usr/lib/jvm/java-7-openjdk-amd64/jre/lib/amd64/server/libjvm.so
7fc3152d7000-7fc315356000 r--p 009fa000 08:06 8392509                    /usr/lib/jvm/java-7-openjdk-amd64/jre/lib/amd64/server/libjvm.so
7fc315356000-7fc315379000 rw-p 00a79000 08:06 8392509                    /usr/lib/jvm/java-7-openjdk-amd64/jre/lib/amd64/server/libjvm.so
7fc315379000-7fc3153a4000 rw-p 00000000 00:00 0 
7fc3153a4000-7fc3153ba000 r-xp 00000000 08:06 4984418                    /lib/x86_64-linux-gnu/libz.so.1.2.7
7fc3153ba000-7fc3155b9000 ---p 00016000 08:06 4984418                    /lib/x86_64-linux-gnu/libz.so.1.2.7
7fc3155b9000-7fc3155ba000 r--p 00015000 08:06 4984418                    /lib/x86_64-linux-gnu/libz.so.1.2.7
7fc3155ba000-7fc3155bb000 rw-p 00016000 08:06 4984418                    /lib/x86_64-linux-gnu/libz.so.1.2.7
7fc3155bb000-7fc3155d3000 r-xp 00000000 08:06 4988034                    /lib/x86_64-linux-gnu/libpthread-2.15.so
7fc3155d3000-7fc3157d2000 ---p 00018000 08:06 4988034                    /lib/x86_64-linux-gnu/libpthread-2.15.so
7fc3157d2000-7fc3157d3000 r--p 00017000 08:06 4988034                    /lib/x86_64-linux-gnu/libpthread-2.15.so
7fc3157d3000-7fc3157d4000 rw-p 00018000 08:06 4988034                    /lib/x86_64-linux-gnu/libpthread-2.15.so
7fc3157d4000-7fc3157d8000 rw-p 00000000 00:00 0 
7fc3157d8000-7fc3157da000 r-xp 00000000 08:06 4988197                    /lib/x86_64-linux-gnu/libdl-2.15.so
7fc3157da000-7fc3159da000 ---p 00002000 08:06 4988197                    /lib/x86_64-linux-gnu/libdl-2.15.so
7fc3159da000-7fc3159db000 r--p 00002000 08:06 4988197                    /lib/x86_64-linux-gnu/libdl-2.15.so
7fc3159db000-7fc3159dc000 rw-p 00003000 08:06 4988197                    /lib/x86_64-linux-gnu/libdl-2.15.so
7fc3159dc000-7fc315b91000 r-xp 00000000 08:06 4988199                    /lib/x86_64-linux-gnu/libc-2.15.so
7fc315b91000-7fc315d90000 ---p 001b5000 08:06 4988199                    /lib/x86_64-linux-gnu/libc-2.15.so
7fc315d90000-7fc315d94000 r--p 001b4000 08:06 4988199                    /lib/x86_64-linux-gnu/libc-2.15.so
7fc315d94000-7fc315d96000 rw-p 001b8000 08:06 4988199                    /lib/x86_64-linux-gnu/libc-2.15.so
7fc315d96000-7fc315d9b000 rw-p 00000000 00:00 0 
7fc315da5000-7fc315daa000 rw-s 00000000 00:04 1198096391                 /SYSV00000000 (deleted)
7fc315daa000-7fc315db1000 r--s 00000000 08:06 8006424                    /usr/lib/x86_64-linux-gnu/gconv/gconv-modules.cache
7fc315db1000-7fc315dbc000 r--s 001fb000 08:06 8257821                    /usr/lib/jvm/java-7-openjdk-common/jre/lib/charsets.jar
7fc315dbc000-7fc315dc9000 r-xp 00000000 08:06 8392486                    /usr/lib/jvm/java-7-openjdk-amd64/jre/lib/amd64/jli/libjli.so
7fc315dc9000-7fc315fc8000 ---p 0000d000 08:06 8392486                    /usr/lib/jvm/java-7-openjdk-amd64/jre/lib/amd64/jli/libjli.so
7fc315fc8000-7fc315fc9000 r--p 0000c000 08:06 8392486                    /usr/lib/jvm/java-7-openjdk-amd64/jre/lib/amd64/jli/libjli.so
7fc315fc9000-7fc315fca000 rw-p 0000d000 08:06 8392486                    /usr/lib/jvm/java-7-openjdk-amd64/jre/lib/amd64/jli/libjli.so
7fc315fca000-7fc315fec000 r-xp 00000000 08:06 4988092                    /lib/x86_64-linux-gnu/ld-2.15.so
7fc315fef000-7fc315ff0000 rw-p 00000000 00:00 0 
7fc315ff0000-7fc315ff9000 r--s 000bc000 08:06 8257822                    /usr/lib/jvm/java-7-openjdk-common/jre/lib/resources.jar
7fc315ff9000-7fc315ffd000 r--s 000e4000 08:06 3801899                    /home/jesus/EmotivResearch_1.0.0.5/doc/examples_Java/lib/jna.jar
7fc315ffd000-7fc316008000 r--s 001fb000 08:06 8257821                    /usr/lib/jvm/java-7-openjdk-common/jre/lib/charsets.jar
7fc316008000-7fc31600a000 r--s 00012000 08:06 8258120                    /usr/lib/jvm/java-7-openjdk-common/jre/lib/ext/zipfs.jar
7fc31600a000-7fc31600d000 r--s 0000f000 08:06 8258062                    /usr/lib/jvm/java-7-openjdk-common/jre/lib/ext/pulse-java.jar
7fc31600d000-7fc316010000 r--s 00032000 08:06 8257959                    /usr/lib/jvm/java-7-openjdk-common/jre/lib/ext/sunjce_provider.jar
7fc316010000-7fc316014000 r--s 00085000 08:06 8257946                    /usr/lib/jvm/java-7-openjdk-common/jre/lib/ext/localedata.jar
7fc316014000-7fc316016000 r--s 00006000 08:06 8001958                    /usr/share/java/java-atk-wrapper.jar
7fc316016000-7fc316017000 r--s 00002000 08:06 8258114                    /usr/lib/jvm/java-7-openjdk-common/jre/lib/ext/dnsns.jar
7fc316017000-7fc31601a000 r--s 0003c000 08:06 8257936                    /usr/lib/jvm/java-7-openjdk-common/jre/lib/ext/sunpkcs11.jar
7fc31601a000-7fc316024000 rw-p 00000000 00:00 0 
7fc316024000-7fc3160da000 rw-p 00000000 00:00 0 
7fc3160da000-7fc3160e2000 rw-s 00000000 08:06 8269768                    /tmp/hsperfdata_jesus/7434
7fc3160e2000-7fc3160e3000 rw-p 00000000 00:00 0 
7fc3160e3000-7fc3160e4000 r--p 00000000 00:00 0 
7fc3160e4000-7fc3160e7000 ---p 00000000 00:00 0 
7fc3160e7000-7fc3161ec000 rw-p 00000000 00:00 0                          [stack:7440]
7fc3161ec000-7fc3161ed000 r--p 00022000 08:06 4988092                    /lib/x86_64-linux-gnu/ld-2.15.so
7fc3161ed000-7fc3161ef000 rw-p 00023000 08:06 4988092                    /lib/x86_64-linux-gnu/ld-2.15.so
7fff21324000-7fff21345000 rw-p 00000000 00:00 0                          [stack]
7fff213ff000-7fff21400000 r-xp 00000000 00:00 0                          [vdso]
ffffffffff600000-ffffffffff601000 r-xp 00000000 00:00 0                  [vsyscall]

VM Arguments:
jvm_args: -Dfile.encoding=UTF-8 
java_command: com.braim.utils.MainGui
Launcher Type: SUN_STANDARD

Environment Variables:
JAVA_HOME=/usr/lib/jvm/java-7-openjdk-amd64
PATH=/home/jesus/.rvm/gems/ruby-2.0.0-p247/bin:/home/jesus/.rvm/gems/ruby-2.0.0-p247@global/bin:/home/jesus/.rvm/rubies/ruby-2.0.0-p247/bin:/home/jesus/.rvm/bin:/home/jesus/misProgramas/apache-maven-3.1.0/bin:/usr/lib/lightdm/lightdm:/usr/local/sbin:/usr/local/bin:/usr/sbin:/usr/bin:/sbin:/bin:/usr/games:/usr/local/games:/usr/lib/jvm/java-7-openjdk-amd64/bin:/home/jesus/misProgramas/Android/sdk/tools:/home/jesus/misProgramas/Android/sdk/platform-tools:/opt/necessitas/android-ndk:/home/jesus/misProgramas/apache-maven-3.1.0/bin:/usr/lib/lightdm/lightdm:/usr/local/sbin:/usr/local/bin:/usr/sbin:/usr/bin:/sbin:/bin:/usr/games:/usr/local/games:/usr/lib/jvm/java-7-openjdk-amd64/bin:/home/jesus/misProgramas/Android/sdk/tools:/home/jesus/misProgramas/Android/sdk/platform-tools:/opt/necessitas/android-ndk:/home/jesus/misProgramas/jboss-as-7.1.1.Final/bin
SHELL=/usr/bin/zsh
DISPLAY=:0

Signal Handlers:
SIGSEGV: [libjvm.so+0x857570], sa_mask[0]=0x7ffbfeff, sa_flags=0x10000004
SIGBUS: [libjvm.so+0x857570], sa_mask[0]=0x7ffbfeff, sa_flags=0x10000004
SIGFPE: [libjvm.so+0x6f8270], sa_mask[0]=0x7ffbfeff, sa_flags=0x10000004
SIGPIPE: SIG_IGN, sa_mask[0]=0x00001000, sa_flags=0x10000000
SIGXFSZ: [libjvm.so+0x6f8270], sa_mask[0]=0x7ffbfeff, sa_flags=0x10000004
SIGILL: [libjvm.so+0x6f8270], sa_mask[0]=0x7ffbfeff, sa_flags=0x10000004
SIGUSR1: SIG_DFL, sa_mask[0]=0x00000000, sa_flags=0x00000000
SIGUSR2: [libjvm.so+0x6f84c0], sa_mask[0]=0x00000004, sa_flags=0x10000004
SIGHUP: [libjvm.so+0x6f8600], sa_mask[0]=0x7ffbfeff, sa_flags=0x10000004
SIGINT: [libjvm.so+0x6f8600], sa_mask[0]=0x7ffbfeff, sa_flags=0x10000004
SIGTERM: [libjvm.so+0x6f8600], sa_mask[0]=0x7ffbfeff, sa_flags=0x10000004
SIGQUIT: [libjvm.so+0x6f8600], sa_mask[0]=0x7ffbfeff, sa_flags=0x10000004


---------------  S Y S T E M  ---------------

OS:Ubuntu 12.10 (quantal)
uname:Linux 3.5.0-17-generic #28-Ubuntu SMP Tue Oct 9 19:31:23 UTC 2012 x86_64
libc:glibc 2.15 NPTL 2.15 
rlimit: STACK 8192k, CORE 0k, NPROC 22246, NOFILE 4096, AS infinity
load average:0,84 1,11 1,10

/proc/meminfo:
MemTotal:        2865992 kB
MemFree:          424076 kB
Buffers:           29336 kB
Cached:           699480 kB
SwapCached:         3748 kB
Active:          1449084 kB
Inactive:         765960 kB
Active(anon):    1173176 kB
Inactive(anon):   512588 kB
Active(file):     275908 kB
Inactive(file):   253372 kB
Unevictable:       31260 kB
Mlocked:           31260 kB
SwapTotal:       2993148 kB
SwapFree:        2826668 kB
Dirty:               104 kB
Writeback:             0 kB
AnonPages:       1514280 kB
Mapped:           146036 kB
Shmem:            193708 kB
Slab:              95380 kB
SReclaimable:      61084 kB
SUnreclaim:        34296 kB
KernelStack:        4688 kB
PageTables:        37872 kB
NFS_Unstable:          0 kB
Bounce:                0 kB
WritebackTmp:          0 kB
CommitLimit:     4426144 kB
Committed_AS:    5316084 kB
VmallocTotal:   34359738367 kB
VmallocUsed:      600736 kB
VmallocChunk:   34359125500 kB
HardwareCorrupted:     0 kB
AnonHugePages:         0 kB
HugePages_Total:       0
HugePages_Free:        0
HugePages_Rsvd:        0
HugePages_Surp:        0
Hugepagesize:       2048 kB
DirectMap4k:       56004 kB
DirectMap2M:     1890304 kB


CPU:total 4 (2 cores per cpu, 2 threads per core) family 6 model 37 stepping 5, cmov, cx8, fxsr, mmx, sse, sse2, sse3, ssse3, sse4.1, sse4.2, popcnt, ht, tsc, tscinvbit

/proc/cpuinfo:
processor	: 0
vendor_id	: GenuineIntel
cpu family	: 6
model		: 37
model name	: Intel(R) Core(TM) i3 CPU       U 330  @ 1.20GHz
stepping	: 5
microcode	: 0x2
cpu MHz		: 1199.000
cache size	: 3072 KB
physical id	: 0
siblings	: 4
core id		: 0
cpu cores	: 2
apicid		: 0
initial apicid	: 0
fpu		: yes
fpu_exception	: yes
cpuid level	: 11
wp		: yes
flags		: fpu vme de pse tsc msr pae mce cx8 apic sep mtrr pge mca cmov pat pse36 clflush dts acpi mmx fxsr sse sse2 ss ht tm pbe syscall nx rdtscp lm constant_tsc arch_perfmon pebs bts rep_good nopl xtopology nonstop_tsc aperfmperf pni dtes64 monitor ds_cpl vmx est tm2 ssse3 cx16 xtpr pdcm pcid sse4_1 sse4_2 popcnt lahf_lm arat dtherm tpr_shadow vnmi flexpriority ept vpid
bogomips	: 2394.04
clflush size	: 64
cache_alignment	: 64
address sizes	: 36 bits physical, 48 bits virtual
power management:

processor	: 1
vendor_id	: GenuineIntel
cpu family	: 6
model		: 37
model name	: Intel(R) Core(TM) i3 CPU       U 330  @ 1.20GHz
stepping	: 5
microcode	: 0x2
cpu MHz		: 666.000
cache size	: 3072 KB
physical id	: 0
siblings	: 4
core id		: 2
cpu cores	: 2
apicid		: 4
initial apicid	: 4
fpu		: yes
fpu_exception	: yes
cpuid level	: 11
wp		: yes
flags		: fpu vme de pse tsc msr pae mce cx8 apic sep mtrr pge mca cmov pat pse36 clflush dts acpi mmx fxsr sse sse2 ss ht tm pbe syscall nx rdtscp lm constant_tsc arch_perfmon pebs bts rep_good nopl xtopology nonstop_tsc aperfmperf pni dtes64 monitor ds_cpl vmx est tm2 ssse3 cx16 xtpr pdcm pcid sse4_1 sse4_2 popcnt lahf_lm arat dtherm tpr_shadow vnmi flexpriority ept vpid
bogomips	: 2394.04
clflush size	: 64
cache_alignment	: 64
address sizes	: 36 bits physical, 48 bits virtual
power management:

processor	: 2
vendor_id	: GenuineIntel
cpu family	: 6
model		: 37
model name	: Intel(R) Core(TM) i3 CPU       U 330  @ 1.20GHz
stepping	: 5
microcode	: 0x2
cpu MHz		: 666.000
cache size	: 3072 KB
physical id	: 0
siblings	: 4
core id		: 0
cpu cores	: 2
apicid		: 1
initial apicid	: 1
fpu		: yes
fpu_exception	: yes
cpuid level	: 11
wp		: yes
flags		: fpu vme de pse tsc msr pae mce cx8 apic sep mtrr pge mca cmov pat pse36 clflush dts acpi mmx fxsr sse sse2 ss ht tm pbe syscall nx rdtscp lm constant_tsc arch_perfmon pebs bts rep_good nopl xtopology nonstop_tsc aperfmperf pni dtes64 monitor ds_cpl vmx est tm2 ssse3 cx16 xtpr pdcm pcid sse4_1 sse4_2 popcnt lahf_lm arat dtherm tpr_shadow vnmi flexpriority ept vpid
bogomips	: 2394.04
clflush size	: 64
cache_alignment	: 64
address sizes	: 36 bits physical, 48 bits virtual
power management:

processor	: 3
vendor_id	: GenuineIntel
cpu family	: 6
model		: 37
model name	: Intel(R) Core(TM) i3 CPU       U 330  @ 1.20GHz
stepping	: 5
microcode	: 0x2
cpu MHz		: 666.000
cache size	: 3072 KB
physical id	: 0
siblings	: 4
core id		: 2
cpu cores	: 2
apicid		: 5
initial apicid	: 5
fpu		: yes
fpu_exception	: yes
cpuid level	: 11
wp		: yes
flags		: fpu vme de pse tsc msr pae mce cx8 apic sep mtrr pge mca cmov pat pse36 clflush dts acpi mmx fxsr sse sse2 ss ht tm pbe syscall nx rdtscp lm constant_tsc arch_perfmon pebs bts rep_good nopl xtopology nonstop_tsc aperfmperf pni dtes64 monitor ds_cpl vmx est tm2 ssse3 cx16 xtpr pdcm pcid sse4_1 sse4_2 popcnt lahf_lm arat dtherm tpr_shadow vnmi flexpriority ept vpid
bogomips	: 2394.04
clflush size	: 64
cache_alignment	: 64
address sizes	: 36 bits physical, 48 bits virtual
power management:



Memory: 4k page, physical 2865992k(424076k free), swap 2993148k(2826668k free)

vm_info: OpenJDK 64-Bit Server VM (23.7-b01) for linux-amd64 JRE (1.7.0_15-b20), built on Mar  6 2013 20:21:28 by "buildd" with gcc 4.7.2

time: Mon Oct 14 14:02:51 2013
elapsed time: 55 seconds

